<?xml version="1.0" encoding="UTF-8"?>
<testsuites name="New Test Suite Collection2" time="1212.568" tests="28" failures="0" errors="0">
   <testsuite name="New Test Suite 13" tests="26" failures="0" errors="0" time="1181.399" skipped="0" timestamp="03-03-2025T12:41:12" hostname="Hp - DESKTOP-U08CQCA" id="Test Suites/New Test Suite 13">
      <properties>
         <property name="deviceName" value=""/>
         <property name="devicePlatform"/>
         <property name="logFolder" value="C:\\Users\\Hp\\git\\repo\\Reports\\20250303_124053\\New Test Suite 13\\20250303_124055"/>
         <property name="logFiles" value="C:\\Users\\Hp\\git\\repo\\Reports\\20250303_124053\\New Test Suite 13\\20250303_124055\\execution0.log"/>
         <property name="attachments" value=""/>
         <property name="hostName" value="Hp - DESKTOP-U08CQCA"/>
         <property name="os" value="Windows 10 64bit"/>
         <property name="katalonVersion" value="10.1.0.223"/>
         <property name="browser" value="Chrome 132.0.6834.160"/>
         <property name="hostAddress" value="192.168.1.21"/>
         <property name="sessionId" value="8126f7e083974f4af8860b83cd2a08f8"/>
         <property name="seleniumVersion" value="4.22.0"/>
         <property name="proxyInformation" value="ProxyInformation { proxyOption=NO_PROXY, proxyServerType=HTTP, username=, password=********, proxyServerAddress=, proxyServerPort=0, executionList=&quot;&quot;, isApplyToDesiredCapabilities=true }"/>
         <property name="platform" value="Windows 10"/>
      </properties>
      <testcase name="Test Cases/Click on appointment" time="18.36" classname="Test Cases/Click on appointment" status="PASSED">
         <system-out><![CDATA[03-03-2025T12:41:13 - [TEST_CASE][PASSED] - Test Cases/Click on appointment: Test Cases/Click on appointment

03-03-2025T12:41:13 - [TEST_STEP][PASSED] - openBrowser(""): Browser is opened with url: ''

03-03-2025T12:41:14 - [MESSAGE][INFO] - Starting 'Chrome' driver

03-03-2025T12:41:14 - [MESSAGE][INFO] - Action delay is set to 0 milliseconds

03-03-2025T12:41:26 - [MESSAGE][PASSED] - Browser is opened with url: ''

03-03-2025T12:41:26 - [TEST_STEP][PASSED] - navigateToUrl("https://katalon-demo-cura.herokuapp.com/"): Navigate to 'https://katalon-demo-cura.herokuapp.com/' successfully

03-03-2025T12:41:29 - [MESSAGE][PASSED] - Navigate to 'https://katalon-demo-cura.herokuapp.com/' successfully

03-03-2025T12:41:29 - [TEST_STEP][PASSED] - click(findTestObject("Object Repository/Page_CURA Healthcare Service/a_Make Appointment")): Object: 'Object Repository/Page_CURA Healthcare Service/a_Make Appointment' is clicked on

03-03-2025T12:41:31 - [MESSAGE][PASSED] - Object: 'Object Repository/Page_CURA Healthcare Service/a_Make Appointment' is clicked on

03-03-2025T12:41:31 - [TEST_STEP][PASSED] - verifyElementPresent(findTestObject("Object Repository/Page_CURA Healthcare Service/h2_Login"), 0): Object 'Object Repository/Page_CURA Healthcare Service/h2_Login' is present

03-03-2025T12:41:31 - [MESSAGE][WARNING] - Timeout '0' is invalid. Using default page load timeout: '30'

03-03-2025T12:41:31 - [MESSAGE][PASSED] - Object 'Object Repository/Page_CURA Healthcare Service/h2_Login' is present]]></system-out>
         <system-err><![CDATA[]]></system-err>
      </testcase>
      <testcase name="Test Cases/click on home page" time="9.757" classname="Test Cases/click on home page" status="PASSED">
         <system-out><![CDATA[03-03-2025T12:41:31 - [TEST_CASE][PASSED] - Test Cases/click on home page: Test Cases/click on home page

03-03-2025T12:41:32 - [TEST_STEP][PASSED] - openBrowser(""): Browser is opened with url: ''

03-03-2025T12:41:32 - [MESSAGE][WARNING] - A browser is already opened. Closing browser and opening a new one

03-03-2025T12:41:33 - [MESSAGE][INFO] - Starting 'Chrome' driver

03-03-2025T12:41:33 - [MESSAGE][INFO] - Action delay is set to 0 milliseconds

03-03-2025T12:41:36 - [MESSAGE][PASSED] - Browser is opened with url: ''

03-03-2025T12:41:36 - [TEST_STEP][PASSED] - navigateToUrl("https://katalon-demo-cura.herokuapp.com/"): Navigate to 'https://katalon-demo-cura.herokuapp.com/' successfully

03-03-2025T12:41:40 - [MESSAGE][PASSED] - Navigate to 'https://katalon-demo-cura.herokuapp.com/' successfully

03-03-2025T12:41:40 - [TEST_STEP][PASSED] - click(findTestObject("Object Repository/Page_CURA Healthcare Service/i_CURA Healthcare_fa fa-bars")): Object: 'Object Repository/Page_CURA Healthcare Service/i_CURA Healthcare_fa fa-bars' is clicked on

03-03-2025T12:41:40 - [MESSAGE][PASSED] - Object: 'Object Repository/Page_CURA Healthcare Service/i_CURA Healthcare_fa fa-bars' is clicked on

03-03-2025T12:41:40 - [TEST_STEP][PASSED] - click(findTestObject("Object Repository/Page_CURA Healthcare Service/a_Home")): Object: 'Object Repository/Page_CURA Healthcare Service/a_Home' is clicked on

03-03-2025T12:41:41 - [MESSAGE][PASSED] - Object: 'Object Repository/Page_CURA Healthcare Service/a_Home' is clicked on]]></system-out>
         <system-err><![CDATA[]]></system-err>
      </testcase>
      <testcase name="Test Cases/Gmail verify first page" time="8.842" classname="Test Cases/Gmail verify first page" status="PASSED">
         <system-out><![CDATA[03-03-2025T12:41:41 - [TEST_CASE][PASSED] - Test Cases/Gmail verify first page: Test Cases/Gmail verify first page

03-03-2025T12:41:42 - [TEST_STEP][PASSED] - callTestCase(findTestCase("Click on appointment"), [:], STOP_ON_FAILURE): Call Test Case 'Test Cases/Click on appointment' successfully

03-03-2025T12:41:42 - [TEST_CASE][PASSED] - Test Cases/Click on appointment: Test Cases/Click on appointment

03-03-2025T12:41:42 - [TEST_STEP][PASSED] - openBrowser(""): Browser is opened with url: ''

03-03-2025T12:41:42 - [MESSAGE][WARNING] - A browser is already opened. Closing browser and opening a new one

03-03-2025T12:41:42 - [MESSAGE][INFO] - Starting 'Chrome' driver

03-03-2025T12:41:42 - [MESSAGE][INFO] - Action delay is set to 0 milliseconds

03-03-2025T12:41:45 - [MESSAGE][PASSED] - Browser is opened with url: ''

03-03-2025T12:41:45 - [TEST_STEP][PASSED] - navigateToUrl("https://katalon-demo-cura.herokuapp.com/"): Navigate to 'https://katalon-demo-cura.herokuapp.com/' successfully

03-03-2025T12:41:48 - [MESSAGE][PASSED] - Navigate to 'https://katalon-demo-cura.herokuapp.com/' successfully

03-03-2025T12:41:48 - [TEST_STEP][PASSED] - click(findTestObject("Object Repository/Page_CURA Healthcare Service/a_Make Appointment")): Object: 'Object Repository/Page_CURA Healthcare Service/a_Make Appointment' is clicked on

03-03-2025T12:41:49 - [MESSAGE][PASSED] - Object: 'Object Repository/Page_CURA Healthcare Service/a_Make Appointment' is clicked on

03-03-2025T12:41:49 - [TEST_STEP][PASSED] - verifyElementPresent(findTestObject("Object Repository/Page_CURA Healthcare Service/h2_Login"), 0): Object 'Object Repository/Page_CURA Healthcare Service/h2_Login' is present

03-03-2025T12:41:50 - [MESSAGE][WARNING] - Timeout '0' is invalid. Using default page load timeout: '30'

03-03-2025T12:41:50 - [MESSAGE][PASSED] - Object 'Object Repository/Page_CURA Healthcare Service/h2_Login' is present

03-03-2025T12:41:50 - [MESSAGE][PASSED] - Call Test Case 'Test Cases/Click on appointment' successfully]]></system-out>
         <system-err><![CDATA[]]></system-err>
      </testcase>
      <testcase name="Test Cases/Go to homepage" time="22.29" classname="Test Cases/Go to homepage" status="PASSED">
         <system-out><![CDATA[03-03-2025T12:41:50 - [TEST_CASE][PASSED] - Test Cases/Go to homepage: Test Cases/Go to homepage

03-03-2025T12:41:50 - [TEST_STEP][PASSED] - callTestCase(findTestCase("Make a appointment"), [:], STOP_ON_FAILURE): Call Test Case 'Test Cases/Make a appointment' successfully

03-03-2025T12:41:50 - [TEST_CASE][PASSED] - Test Cases/Make a appointment: Test Cases/Make a appointment

03-03-2025T12:41:50 - [TEST_STEP][PASSED] - callTestCase(findTestCase("Login positive"), [:], STOP_ON_FAILURE): Call Test Case 'Test Cases/Login positive' successfully

03-03-2025T12:41:51 - [TEST_CASE][PASSED] - Test Cases/Login positive: Test Cases/Login positive

03-03-2025T12:41:51 - [TEST_STEP][PASSED] - callTestCase(findTestCase("Click on appointment"), [:], STOP_ON_FAILURE): Call Test Case 'Test Cases/Click on appointment' successfully

03-03-2025T12:41:51 - [TEST_CASE][PASSED] - Test Cases/Click on appointment: Test Cases/Click on appointment

03-03-2025T12:41:51 - [TEST_STEP][PASSED] - openBrowser(""): Browser is opened with url: ''

03-03-2025T12:41:51 - [MESSAGE][WARNING] - A browser is already opened. Closing browser and opening a new one

03-03-2025T12:41:51 - [MESSAGE][INFO] - Starting 'Chrome' driver

03-03-2025T12:41:51 - [MESSAGE][INFO] - Action delay is set to 0 milliseconds

03-03-2025T12:41:54 - [MESSAGE][PASSED] - Browser is opened with url: ''

03-03-2025T12:41:54 - [TEST_STEP][PASSED] - navigateToUrl("https://katalon-demo-cura.herokuapp.com/"): Navigate to 'https://katalon-demo-cura.herokuapp.com/' successfully

03-03-2025T12:41:57 - [MESSAGE][PASSED] - Navigate to 'https://katalon-demo-cura.herokuapp.com/' successfully

03-03-2025T12:41:57 - [TEST_STEP][PASSED] - click(findTestObject("Object Repository/Page_CURA Healthcare Service/a_Make Appointment")): Object: 'Object Repository/Page_CURA Healthcare Service/a_Make Appointment' is clicked on

03-03-2025T12:41:58 - [MESSAGE][PASSED] - Object: 'Object Repository/Page_CURA Healthcare Service/a_Make Appointment' is clicked on

03-03-2025T12:41:58 - [TEST_STEP][PASSED] - verifyElementPresent(findTestObject("Object Repository/Page_CURA Healthcare Service/h2_Login"), 0): Object 'Object Repository/Page_CURA Healthcare Service/h2_Login' is present

03-03-2025T12:41:58 - [MESSAGE][WARNING] - Timeout '0' is invalid. Using default page load timeout: '30'

03-03-2025T12:41:59 - [MESSAGE][PASSED] - Object 'Object Repository/Page_CURA Healthcare Service/h2_Login' is present

03-03-2025T12:41:59 - [MESSAGE][PASSED] - Call Test Case 'Test Cases/Click on appointment' successfully

03-03-2025T12:41:59 - [TEST_STEP][PASSED] - setText(findTestObject("Object Repository/Page_CURA Healthcare Service/input_Username_username"), username): Text 'John Doe' is set on object 'Object Repository/Page_CURA Healthcare Service/input_Username_username'

03-03-2025T12:42:00 - [MESSAGE][PASSED] - Text 'John Doe' is set on object 'Object Repository/Page_CURA Healthcare Service/input_Username_username'

03-03-2025T12:42:00 - [TEST_STEP][PASSED] - setEncryptedText(findTestObject("Object Repository/Page_CURA Healthcare Service/input_Password_password"), "g3/DOGG74jC3Flrr3yH+3D/yKbOqqUNM"): Text ****** has been set on object 'Object Repository/Page_CURA Healthcare Service/input_Password_password'

03-03-2025T12:42:01 - [MESSAGE][PASSED] - Text ****** has been set on object 'Object Repository/Page_CURA Healthcare Service/input_Password_password'

03-03-2025T12:42:01 - [TEST_STEP][PASSED] - click(findTestObject("Object Repository/Page_CURA Healthcare Service/button_Login")): Object: 'Object Repository/Page_CURA Healthcare Service/button_Login' is clicked on

03-03-2025T12:42:02 - [MESSAGE][PASSED] - Object: 'Object Repository/Page_CURA Healthcare Service/button_Login' is clicked on

03-03-2025T12:42:02 - [TEST_STEP][PASSED] - click(findTestObject("Object Repository/Page_CURA Healthcare Service/i_CURA Healthcare_fa fa-bars")): Object: 'Object Repository/Page_CURA Healthcare Service/i_CURA Healthcare_fa fa-bars' is clicked on

03-03-2025T12:42:03 - [MESSAGE][PASSED] - Object: 'Object Repository/Page_CURA Healthcare Service/i_CURA Healthcare_fa fa-bars' is clicked on

03-03-2025T12:42:03 - [TEST_STEP][PASSED] - verifyElementPresent(findTestObject("Object Repository/Page_CURA Healthcare Service/a_Logout"), 0): Object 'Object Repository/Page_CURA Healthcare Service/a_Logout' is present

03-03-2025T12:42:03 - [MESSAGE][WARNING] - Timeout '0' is invalid. Using default page load timeout: '30'

03-03-2025T12:42:03 - [MESSAGE][PASSED] - Object 'Object Repository/Page_CURA Healthcare Service/a_Logout' is present

03-03-2025T12:42:03 - [MESSAGE][PASSED] - Call Test Case 'Test Cases/Login positive' successfully

03-03-2025T12:42:03 - [TEST_STEP][PASSED] - click(findTestObject("Object Repository/Page_CURA Healthcare Service/input_Apply for hospital readmission_hospit_63901f")): Object: 'Object Repository/Page_CURA Healthcare Service/input_Apply for hospital readmission_hospit_63901f' is clicked on

03-03-2025T12:42:03 - [MESSAGE][PASSED] - Object: 'Object Repository/Page_CURA Healthcare Service/input_Apply for hospital readmission_hospit_63901f' is clicked on

03-03-2025T12:42:03 - [TEST_STEP][PASSED] - click(findTestObject("Object Repository/Page_CURA Healthcare Service/input_Medicare_programs")): Object: 'Object Repository/Page_CURA Healthcare Service/input_Medicare_programs' is clicked on

03-03-2025T12:42:04 - [MESSAGE][PASSED] - Object: 'Object Repository/Page_CURA Healthcare Service/input_Medicare_programs' is clicked on

03-03-2025T12:42:04 - [TEST_STEP][PASSED] - click(findTestObject("Object Repository/Page_CURA Healthcare Service/input_Visit Date (Required)_visit_date")): Object: 'Object Repository/Page_CURA Healthcare Service/input_Visit Date (Required)_visit_date' is clicked on

03-03-2025T12:42:04 - [MESSAGE][PASSED] - Object: 'Object Repository/Page_CURA Healthcare Service/input_Visit Date (Required)_visit_date' is clicked on

03-03-2025T12:42:05 - [TEST_STEP][PASSED] - click(findTestObject("Object Repository/Page_CURA Healthcare Service/td_3")): Object: 'Object Repository/Page_CURA Healthcare Service/td_3' is clicked on

03-03-2025T12:42:06 - [MESSAGE][PASSED] - Object: 'Object Repository/Page_CURA Healthcare Service/td_3' is clicked on

03-03-2025T12:42:06 - [TEST_STEP][PASSED] - setText(findTestObject("Object Repository/Page_CURA Healthcare Service/textarea_Comment_comment"), "No comments"): Text 'No comments' is set on object 'Object Repository/Page_CURA Healthcare Service/textarea_Comment_comment'

03-03-2025T12:42:07 - [MESSAGE][PASSED] - Text 'No comments' is set on object 'Object Repository/Page_CURA Healthcare Service/textarea_Comment_comment'

03-03-2025T12:42:07 - [TEST_STEP][PASSED] - click(findTestObject("Object Repository/Page_CURA Healthcare Service/button_Book Appointment")): Object: 'Object Repository/Page_CURA Healthcare Service/button_Book Appointment' is clicked on

03-03-2025T12:42:09 - [MESSAGE][PASSED] - Object: 'Object Repository/Page_CURA Healthcare Service/button_Book Appointment' is clicked on

03-03-2025T12:42:09 - [TEST_STEP][PASSED] - verifyElementText(findTestObject("Object Repository/Page_CURA Healthcare Service/h2_Appointment Confirmation"), "Appointment Confirmation"): Actual text and expected text of test object 'Object Repository/Page_CURA Healthcare Service/h2_Appointment Confirmation' are matched.

03-03-2025T12:42:10 - [MESSAGE][PASSED] - Actual text and expected text of test object 'Object Repository/Page_CURA Healthcare Service/h2_Appointment Confirmation' are matched.

03-03-2025T12:42:10 - [TEST_STEP][PASSED] - navigateToUrl("https://katalon-demo-cura.herokuapp.com/appointment.php#summary"): Navigate to 'https://katalon-demo-cura.herokuapp.com/appointment.php#summary' successfully

03-03-2025T12:42:10 - [MESSAGE][PASSED] - Navigate to 'https://katalon-demo-cura.herokuapp.com/appointment.php#summary' successfully

03-03-2025T12:42:10 - [MESSAGE][PASSED] - Call Test Case 'Test Cases/Make a appointment' successfully

03-03-2025T12:42:10 - [TEST_STEP][PASSED] - click(findTestObject("Object Repository/Page_CURA Healthcare Service/a_Go to Homepage")): Object: 'Object Repository/Page_CURA Healthcare Service/a_Go to Homepage' is clicked on

03-03-2025T12:42:12 - [MESSAGE][PASSED] - Object: 'Object Repository/Page_CURA Healthcare Service/a_Go to Homepage' is clicked on]]></system-out>
         <system-err><![CDATA[]]></system-err>
      </testcase>
      <testcase name="Test Cases/Login positive" time="15.876" classname="Test Cases/Login positive" status="PASSED">
         <properties>
            <property name="data_binding"><![CDATA[{"(Default) usern...":"John Doe"}]]></property>
         </properties>
         <system-out><![CDATA[03-03-2025T12:42:12 - [TEST_CASE][PASSED] - Test Cases/Login positive: Test Cases/Login positive

03-03-2025T12:42:13 - [TEST_STEP][PASSED] - callTestCase(findTestCase("Click on appointment"), [:], STOP_ON_FAILURE): Call Test Case 'Test Cases/Click on appointment' successfully

03-03-2025T12:42:13 - [TEST_CASE][PASSED] - Test Cases/Click on appointment: Test Cases/Click on appointment

03-03-2025T12:42:13 - [TEST_STEP][PASSED] - openBrowser(""): Browser is opened with url: ''

03-03-2025T12:42:13 - [MESSAGE][WARNING] - A browser is already opened. Closing browser and opening a new one

03-03-2025T12:42:14 - [MESSAGE][INFO] - Starting 'Chrome' driver

03-03-2025T12:42:14 - [MESSAGE][INFO] - Action delay is set to 0 milliseconds

03-03-2025T12:42:18 - [MESSAGE][PASSED] - Browser is opened with url: ''

03-03-2025T12:42:18 - [TEST_STEP][PASSED] - navigateToUrl("https://katalon-demo-cura.herokuapp.com/"): Navigate to 'https://katalon-demo-cura.herokuapp.com/' successfully

03-03-2025T12:42:19 - [MESSAGE][PASSED] - Navigate to 'https://katalon-demo-cura.herokuapp.com/' successfully

03-03-2025T12:42:19 - [TEST_STEP][PASSED] - click(findTestObject("Object Repository/Page_CURA Healthcare Service/a_Make Appointment")): Object: 'Object Repository/Page_CURA Healthcare Service/a_Make Appointment' is clicked on

03-03-2025T12:42:22 - [MESSAGE][PASSED] - Object: 'Object Repository/Page_CURA Healthcare Service/a_Make Appointment' is clicked on

03-03-2025T12:42:22 - [TEST_STEP][PASSED] - verifyElementPresent(findTestObject("Object Repository/Page_CURA Healthcare Service/h2_Login"), 0): Object 'Object Repository/Page_CURA Healthcare Service/h2_Login' is present

03-03-2025T12:42:22 - [MESSAGE][WARNING] - Timeout '0' is invalid. Using default page load timeout: '30'

03-03-2025T12:42:23 - [MESSAGE][PASSED] - Object 'Object Repository/Page_CURA Healthcare Service/h2_Login' is present

03-03-2025T12:42:23 - [MESSAGE][PASSED] - Call Test Case 'Test Cases/Click on appointment' successfully

03-03-2025T12:42:23 - [TEST_STEP][PASSED] - setText(findTestObject("Object Repository/Page_CURA Healthcare Service/input_Username_username"), username): Text 'John Doe' is set on object 'Object Repository/Page_CURA Healthcare Service/input_Username_username'

03-03-2025T12:42:24 - [MESSAGE][PASSED] - Text 'John Doe' is set on object 'Object Repository/Page_CURA Healthcare Service/input_Username_username'

03-03-2025T12:42:24 - [TEST_STEP][PASSED] - setEncryptedText(findTestObject("Object Repository/Page_CURA Healthcare Service/input_Password_password"), "g3/DOGG74jC3Flrr3yH+3D/yKbOqqUNM"): Text ****** has been set on object 'Object Repository/Page_CURA Healthcare Service/input_Password_password'

03-03-2025T12:42:25 - [MESSAGE][PASSED] - Text ****** has been set on object 'Object Repository/Page_CURA Healthcare Service/input_Password_password'

03-03-2025T12:42:25 - [TEST_STEP][PASSED] - click(findTestObject("Object Repository/Page_CURA Healthcare Service/button_Login")): Object: 'Object Repository/Page_CURA Healthcare Service/button_Login' is clicked on

03-03-2025T12:42:27 - [MESSAGE][PASSED] - Object: 'Object Repository/Page_CURA Healthcare Service/button_Login' is clicked on

03-03-2025T12:42:27 - [TEST_STEP][PASSED] - click(findTestObject("Object Repository/Page_CURA Healthcare Service/i_CURA Healthcare_fa fa-bars")): Object: 'Object Repository/Page_CURA Healthcare Service/i_CURA Healthcare_fa fa-bars' is clicked on

03-03-2025T12:42:28 - [MESSAGE][PASSED] - Object: 'Object Repository/Page_CURA Healthcare Service/i_CURA Healthcare_fa fa-bars' is clicked on

03-03-2025T12:42:28 - [TEST_STEP][PASSED] - verifyElementPresent(findTestObject("Object Repository/Page_CURA Healthcare Service/a_Logout"), 0): Object 'Object Repository/Page_CURA Healthcare Service/a_Logout' is present

03-03-2025T12:42:28 - [MESSAGE][WARNING] - Timeout '0' is invalid. Using default page load timeout: '30'

03-03-2025T12:42:28 - [MESSAGE][PASSED] - Object 'Object Repository/Page_CURA Healthcare Service/a_Logout' is present]]></system-out>
         <system-err><![CDATA[]]></system-err>
      </testcase>
      <testcase name="Test Cases/Go to login" time="13.827" classname="Test Cases/Go to login" status="PASSED">
         <system-out><![CDATA[03-03-2025T12:42:28 - [TEST_CASE][PASSED] - Test Cases/Go to login: Test Cases/Go to login

03-03-2025T12:42:29 - [TEST_STEP][PASSED] - openBrowser(""): Browser is opened with url: ''

03-03-2025T12:42:29 - [MESSAGE][WARNING] - A browser is already opened. Closing browser and opening a new one

03-03-2025T12:42:30 - [MESSAGE][INFO] - Starting 'Chrome' driver

03-03-2025T12:42:30 - [MESSAGE][INFO] - Action delay is set to 0 milliseconds

03-03-2025T12:42:34 - [MESSAGE][PASSED] - Browser is opened with url: ''

03-03-2025T12:42:34 - [TEST_STEP][PASSED] - navigateToUrl("https://katalon-demo-cura.herokuapp.com/"): Navigate to 'https://katalon-demo-cura.herokuapp.com/' successfully

03-03-2025T12:42:35 - [MESSAGE][PASSED] - Navigate to 'https://katalon-demo-cura.herokuapp.com/' successfully

03-03-2025T12:42:35 - [TEST_STEP][PASSED] - click(findTestObject("Object Repository/Page_CURA Healthcare Service/a_CURA Healthcare_menu-toggle")): Object: 'Object Repository/Page_CURA Healthcare Service/a_CURA Healthcare_menu-toggle' is clicked on

03-03-2025T12:42:39 - [MESSAGE][PASSED] - Object: 'Object Repository/Page_CURA Healthcare Service/a_CURA Healthcare_menu-toggle' is clicked on

03-03-2025T12:42:39 - [TEST_STEP][PASSED] - click(findTestObject("Object Repository/Page_CURA Healthcare Service/a_Login")): Object: 'Object Repository/Page_CURA Healthcare Service/a_Login' is clicked on

03-03-2025T12:42:41 - [MESSAGE][PASSED] - Object: 'Object Repository/Page_CURA Healthcare Service/a_Login' is clicked on

03-03-2025T12:42:41 - [TEST_STEP][PASSED] - rightClick(findTestObject("Object Repository/Page_CURA Healthcare Service/h2_Login")): Object: 'Object Repository/Page_CURA Healthcare Service/h2_Login' is right clicked on

03-03-2025T12:42:42 - [MESSAGE][PASSED] - Object: 'Object Repository/Page_CURA Healthcare Service/h2_Login' is right clicked on

03-03-2025T12:42:42 - [TEST_STEP][PASSED] - verifyElementText(findTestObject("Object Repository/Page_CURA Healthcare Service/h2_Login"), "Login"): Actual text and expected text of test object 'Object Repository/Page_CURA Healthcare Service/h2_Login' are matched.

03-03-2025T12:42:42 - [MESSAGE][PASSED] - Actual text and expected text of test object 'Object Repository/Page_CURA Healthcare Service/h2_Login' are matched.]]></system-out>
         <system-err><![CDATA[]]></system-err>
      </testcase>
      <testcase name="Test Cases/Logout" time="33.383" classname="Test Cases/Logout" status="PASSED">
         <system-out><![CDATA[03-03-2025T12:42:42 - [TEST_CASE][PASSED] - Test Cases/Logout: Test Cases/Logout

03-03-2025T12:42:43 - [TEST_STEP][PASSED] - callTestCase(findTestCase("Login positive"), [:], STOP_ON_FAILURE): Call Test Case 'Test Cases/Login positive' successfully

03-03-2025T12:42:43 - [TEST_CASE][PASSED] - Test Cases/Login positive: Test Cases/Login positive

03-03-2025T12:42:43 - [TEST_STEP][PASSED] - callTestCase(findTestCase("Click on appointment"), [:], STOP_ON_FAILURE): Call Test Case 'Test Cases/Click on appointment' successfully

03-03-2025T12:42:43 - [TEST_CASE][PASSED] - Test Cases/Click on appointment: Test Cases/Click on appointment

03-03-2025T12:42:43 - [TEST_STEP][PASSED] - openBrowser(""): Browser is opened with url: ''

03-03-2025T12:42:43 - [MESSAGE][WARNING] - A browser is already opened. Closing browser and opening a new one

03-03-2025T12:42:44 - [MESSAGE][INFO] - Starting 'Chrome' driver

03-03-2025T12:42:44 - [MESSAGE][INFO] - Action delay is set to 0 milliseconds

03-03-2025T12:42:50 - [MESSAGE][PASSED] - Browser is opened with url: ''

03-03-2025T12:42:50 - [TEST_STEP][PASSED] - navigateToUrl("https://katalon-demo-cura.herokuapp.com/"): Navigate to 'https://katalon-demo-cura.herokuapp.com/' successfully

03-03-2025T12:42:53 - [MESSAGE][PASSED] - Navigate to 'https://katalon-demo-cura.herokuapp.com/' successfully

03-03-2025T12:42:53 - [TEST_STEP][PASSED] - click(findTestObject("Object Repository/Page_CURA Healthcare Service/a_Make Appointment")): Object: 'Object Repository/Page_CURA Healthcare Service/a_Make Appointment' is clicked on

03-03-2025T12:42:54 - [MESSAGE][PASSED] - Object: 'Object Repository/Page_CURA Healthcare Service/a_Make Appointment' is clicked on

03-03-2025T12:42:54 - [TEST_STEP][PASSED] - verifyElementPresent(findTestObject("Object Repository/Page_CURA Healthcare Service/h2_Login"), 0): Object 'Object Repository/Page_CURA Healthcare Service/h2_Login' is present

03-03-2025T12:42:54 - [MESSAGE][WARNING] - Timeout '0' is invalid. Using default page load timeout: '30'

03-03-2025T12:42:55 - [MESSAGE][PASSED] - Object 'Object Repository/Page_CURA Healthcare Service/h2_Login' is present

03-03-2025T12:42:55 - [MESSAGE][PASSED] - Call Test Case 'Test Cases/Click on appointment' successfully

03-03-2025T12:42:55 - [TEST_STEP][PASSED] - setText(findTestObject("Object Repository/Page_CURA Healthcare Service/input_Username_username"), username): Text 'John Doe' is set on object 'Object Repository/Page_CURA Healthcare Service/input_Username_username'

03-03-2025T12:42:57 - [MESSAGE][PASSED] - Text 'John Doe' is set on object 'Object Repository/Page_CURA Healthcare Service/input_Username_username'

03-03-2025T12:42:57 - [TEST_STEP][PASSED] - setEncryptedText(findTestObject("Object Repository/Page_CURA Healthcare Service/input_Password_password"), "g3/DOGG74jC3Flrr3yH+3D/yKbOqqUNM"): Text ****** has been set on object 'Object Repository/Page_CURA Healthcare Service/input_Password_password'

03-03-2025T12:42:57 - [MESSAGE][PASSED] - Text ****** has been set on object 'Object Repository/Page_CURA Healthcare Service/input_Password_password'

03-03-2025T12:42:57 - [TEST_STEP][PASSED] - click(findTestObject("Object Repository/Page_CURA Healthcare Service/button_Login")): Object: 'Object Repository/Page_CURA Healthcare Service/button_Login' is clicked on

03-03-2025T12:42:59 - [MESSAGE][PASSED] - Object: 'Object Repository/Page_CURA Healthcare Service/button_Login' is clicked on

03-03-2025T12:42:59 - [TEST_STEP][PASSED] - click(findTestObject("Object Repository/Page_CURA Healthcare Service/i_CURA Healthcare_fa fa-bars")): Object: 'Object Repository/Page_CURA Healthcare Service/i_CURA Healthcare_fa fa-bars' is clicked on

03-03-2025T12:43:00 - [MESSAGE][PASSED] - Object: 'Object Repository/Page_CURA Healthcare Service/i_CURA Healthcare_fa fa-bars' is clicked on

03-03-2025T12:43:00 - [TEST_STEP][PASSED] - verifyElementPresent(findTestObject("Object Repository/Page_CURA Healthcare Service/a_Logout"), 0): Object 'Object Repository/Page_CURA Healthcare Service/a_Logout' is present

03-03-2025T12:43:01 - [MESSAGE][WARNING] - Timeout '0' is invalid. Using default page load timeout: '30'

03-03-2025T12:43:01 - [MESSAGE][PASSED] - Object 'Object Repository/Page_CURA Healthcare Service/a_Logout' is present

03-03-2025T12:43:01 - [MESSAGE][PASSED] - Call Test Case 'Test Cases/Login positive' successfully

03-03-2025T12:43:01 - [TEST_STEP][PASSED] - click(findTestObject("Object Repository/Page_CURA Healthcare Service/i_CURA Healthcare_fa fa-bars")): Object: 'Object Repository/Page_CURA Healthcare Service/i_CURA Healthcare_fa fa-bars' is clicked on

03-03-2025T12:43:05 - [MESSAGE][PASSED] - Object: 'Object Repository/Page_CURA Healthcare Service/i_CURA Healthcare_fa fa-bars' is clicked on

03-03-2025T12:43:05 - [TEST_STEP][PASSED] - click(findTestObject("Object Repository/Page_CURA Healthcare Service/a_CURA Healthcare_menu-toggle")): Object: 'Object Repository/Page_CURA Healthcare Service/a_CURA Healthcare_menu-toggle' is clicked on

03-03-2025T12:43:08 - [MESSAGE][PASSED] - Object: 'Object Repository/Page_CURA Healthcare Service/a_CURA Healthcare_menu-toggle' is clicked on

03-03-2025T12:43:08 - [TEST_STEP][PASSED] - click(findTestObject("Object Repository/Page_CURA Healthcare Service/a_Logout")): Object: 'Object Repository/Page_CURA Healthcare Service/a_Logout' is clicked on

03-03-2025T12:43:11 - [MESSAGE][PASSED] - Object: 'Object Repository/Page_CURA Healthcare Service/a_Logout' is clicked on

03-03-2025T12:43:11 - [TEST_STEP][PASSED] - navigateToUrl("https://katalon-demo-cura.herokuapp.com/"): Navigate to 'https://katalon-demo-cura.herokuapp.com/' successfully

03-03-2025T12:43:11 - [MESSAGE][PASSED] - Navigate to 'https://katalon-demo-cura.herokuapp.com/' successfully

03-03-2025T12:43:11 - [TEST_STEP][PASSED] - click(findTestObject("Object Repository/Page_CURA Healthcare Service/i_CURA Healthcare_fa fa-bars")): Object: 'Object Repository/Page_CURA Healthcare Service/i_CURA Healthcare_fa fa-bars' is clicked on

03-03-2025T12:43:12 - [MESSAGE][PASSED] - Object: 'Object Repository/Page_CURA Healthcare Service/i_CURA Healthcare_fa fa-bars' is clicked on

03-03-2025T12:43:12 - [TEST_STEP][PASSED] - verifyElementPresent(findTestObject("Object Repository/Page_CURA Healthcare Service/a_Login"), 0): Object 'Object Repository/Page_CURA Healthcare Service/a_Login' is present

03-03-2025T12:43:12 - [MESSAGE][WARNING] - Timeout '0' is invalid. Using default page load timeout: '30'

03-03-2025T12:43:13 - [MESSAGE][PASSED] - Object 'Object Repository/Page_CURA Healthcare Service/a_Login' is present

03-03-2025T12:43:13 - [TEST_STEP][PASSED] - closeBrowser(): Browser is closed

03-03-2025T12:43:15 - [MESSAGE][PASSED] - Browser is closed]]></system-out>
         <system-err><![CDATA[]]></system-err>
      </testcase>
      <testcase name="Test Cases/Make a appointment" time="37.63" classname="Test Cases/Make a appointment" status="PASSED">
         <system-out><![CDATA[03-03-2025T12:43:15 - [TEST_CASE][PASSED] - Test Cases/Make a appointment: Test Cases/Make a appointment

03-03-2025T12:43:15 - [TEST_STEP][PASSED] - callTestCase(findTestCase("Login positive"), [:], STOP_ON_FAILURE): Call Test Case 'Test Cases/Login positive' successfully

03-03-2025T12:43:16 - [TEST_CASE][PASSED] - Test Cases/Login positive: Test Cases/Login positive

03-03-2025T12:43:16 - [TEST_STEP][PASSED] - callTestCase(findTestCase("Click on appointment"), [:], STOP_ON_FAILURE): Call Test Case 'Test Cases/Click on appointment' successfully

03-03-2025T12:43:16 - [TEST_CASE][PASSED] - Test Cases/Click on appointment: Test Cases/Click on appointment

03-03-2025T12:43:16 - [TEST_STEP][PASSED] - openBrowser(""): Browser is opened with url: ''

03-03-2025T12:43:16 - [MESSAGE][INFO] - Starting 'Chrome' driver

03-03-2025T12:43:16 - [MESSAGE][INFO] - Action delay is set to 0 milliseconds

03-03-2025T12:43:25 - [MESSAGE][PASSED] - Browser is opened with url: ''

03-03-2025T12:43:25 - [TEST_STEP][PASSED] - navigateToUrl("https://katalon-demo-cura.herokuapp.com/"): Navigate to 'https://katalon-demo-cura.herokuapp.com/' successfully

03-03-2025T12:43:26 - [MESSAGE][PASSED] - Navigate to 'https://katalon-demo-cura.herokuapp.com/' successfully

03-03-2025T12:43:26 - [TEST_STEP][PASSED] - click(findTestObject("Object Repository/Page_CURA Healthcare Service/a_Make Appointment")): Object: 'Object Repository/Page_CURA Healthcare Service/a_Make Appointment' is clicked on

03-03-2025T12:43:31 - [MESSAGE][PASSED] - Object: 'Object Repository/Page_CURA Healthcare Service/a_Make Appointment' is clicked on

03-03-2025T12:43:31 - [TEST_STEP][PASSED] - verifyElementPresent(findTestObject("Object Repository/Page_CURA Healthcare Service/h2_Login"), 0): Object 'Object Repository/Page_CURA Healthcare Service/h2_Login' is present

03-03-2025T12:43:32 - [MESSAGE][WARNING] - Timeout '0' is invalid. Using default page load timeout: '30'

03-03-2025T12:43:32 - [MESSAGE][PASSED] - Object 'Object Repository/Page_CURA Healthcare Service/h2_Login' is present

03-03-2025T12:43:32 - [MESSAGE][PASSED] - Call Test Case 'Test Cases/Click on appointment' successfully

03-03-2025T12:43:32 - [TEST_STEP][PASSED] - setText(findTestObject("Object Repository/Page_CURA Healthcare Service/input_Username_username"), username): Text 'John Doe' is set on object 'Object Repository/Page_CURA Healthcare Service/input_Username_username'

03-03-2025T12:43:34 - [MESSAGE][PASSED] - Text 'John Doe' is set on object 'Object Repository/Page_CURA Healthcare Service/input_Username_username'

03-03-2025T12:43:34 - [TEST_STEP][PASSED] - setEncryptedText(findTestObject("Object Repository/Page_CURA Healthcare Service/input_Password_password"), "g3/DOGG74jC3Flrr3yH+3D/yKbOqqUNM"): Text ****** has been set on object 'Object Repository/Page_CURA Healthcare Service/input_Password_password'

03-03-2025T12:43:36 - [MESSAGE][PASSED] - Text ****** has been set on object 'Object Repository/Page_CURA Healthcare Service/input_Password_password'

03-03-2025T12:43:36 - [TEST_STEP][PASSED] - click(findTestObject("Object Repository/Page_CURA Healthcare Service/button_Login")): Object: 'Object Repository/Page_CURA Healthcare Service/button_Login' is clicked on

03-03-2025T12:43:40 - [MESSAGE][PASSED] - Object: 'Object Repository/Page_CURA Healthcare Service/button_Login' is clicked on

03-03-2025T12:43:40 - [TEST_STEP][PASSED] - click(findTestObject("Object Repository/Page_CURA Healthcare Service/i_CURA Healthcare_fa fa-bars")): Object: 'Object Repository/Page_CURA Healthcare Service/i_CURA Healthcare_fa fa-bars' is clicked on

03-03-2025T12:43:41 - [MESSAGE][PASSED] - Object: 'Object Repository/Page_CURA Healthcare Service/i_CURA Healthcare_fa fa-bars' is clicked on

03-03-2025T12:43:41 - [TEST_STEP][PASSED] - verifyElementPresent(findTestObject("Object Repository/Page_CURA Healthcare Service/a_Logout"), 0): Object 'Object Repository/Page_CURA Healthcare Service/a_Logout' is present

03-03-2025T12:43:41 - [MESSAGE][WARNING] - Timeout '0' is invalid. Using default page load timeout: '30'

03-03-2025T12:43:42 - [MESSAGE][PASSED] - Object 'Object Repository/Page_CURA Healthcare Service/a_Logout' is present

03-03-2025T12:43:42 - [MESSAGE][PASSED] - Call Test Case 'Test Cases/Login positive' successfully

03-03-2025T12:43:42 - [TEST_STEP][PASSED] - click(findTestObject("Object Repository/Page_CURA Healthcare Service/input_Apply for hospital readmission_hospit_63901f")): Object: 'Object Repository/Page_CURA Healthcare Service/input_Apply for hospital readmission_hospit_63901f' is clicked on

03-03-2025T12:43:42 - [MESSAGE][PASSED] - Object: 'Object Repository/Page_CURA Healthcare Service/input_Apply for hospital readmission_hospit_63901f' is clicked on

03-03-2025T12:43:42 - [TEST_STEP][PASSED] - click(findTestObject("Object Repository/Page_CURA Healthcare Service/input_Medicare_programs")): Object: 'Object Repository/Page_CURA Healthcare Service/input_Medicare_programs' is clicked on

03-03-2025T12:43:43 - [MESSAGE][PASSED] - Object: 'Object Repository/Page_CURA Healthcare Service/input_Medicare_programs' is clicked on

03-03-2025T12:43:43 - [TEST_STEP][PASSED] - click(findTestObject("Object Repository/Page_CURA Healthcare Service/input_Visit Date (Required)_visit_date")): Object: 'Object Repository/Page_CURA Healthcare Service/input_Visit Date (Required)_visit_date' is clicked on

03-03-2025T12:43:44 - [MESSAGE][PASSED] - Object: 'Object Repository/Page_CURA Healthcare Service/input_Visit Date (Required)_visit_date' is clicked on

03-03-2025T12:43:44 - [TEST_STEP][PASSED] - click(findTestObject("Object Repository/Page_CURA Healthcare Service/td_3")): Object: 'Object Repository/Page_CURA Healthcare Service/td_3' is clicked on

03-03-2025T12:43:44 - [MESSAGE][PASSED] - Object: 'Object Repository/Page_CURA Healthcare Service/td_3' is clicked on

03-03-2025T12:43:44 - [TEST_STEP][PASSED] - setText(findTestObject("Object Repository/Page_CURA Healthcare Service/textarea_Comment_comment"), "No comments"): Text 'No comments' is set on object 'Object Repository/Page_CURA Healthcare Service/textarea_Comment_comment'

03-03-2025T12:43:49 - [MESSAGE][PASSED] - Text 'No comments' is set on object 'Object Repository/Page_CURA Healthcare Service/textarea_Comment_comment'

03-03-2025T12:43:49 - [TEST_STEP][PASSED] - click(findTestObject("Object Repository/Page_CURA Healthcare Service/button_Book Appointment")): Object: 'Object Repository/Page_CURA Healthcare Service/button_Book Appointment' is clicked on

03-03-2025T12:43:52 - [MESSAGE][PASSED] - Object: 'Object Repository/Page_CURA Healthcare Service/button_Book Appointment' is clicked on

03-03-2025T12:43:52 - [TEST_STEP][PASSED] - verifyElementText(findTestObject("Object Repository/Page_CURA Healthcare Service/h2_Appointment Confirmation"), "Appointment Confirmation"): Actual text and expected text of test object 'Object Repository/Page_CURA Healthcare Service/h2_Appointment Confirmation' are matched.

03-03-2025T12:43:53 - [MESSAGE][PASSED] - Actual text and expected text of test object 'Object Repository/Page_CURA Healthcare Service/h2_Appointment Confirmation' are matched.

03-03-2025T12:43:53 - [TEST_STEP][PASSED] - navigateToUrl("https://katalon-demo-cura.herokuapp.com/appointment.php#summary"): Navigate to 'https://katalon-demo-cura.herokuapp.com/appointment.php#summary' successfully

03-03-2025T12:43:53 - [MESSAGE][PASSED] - Navigate to 'https://katalon-demo-cura.herokuapp.com/appointment.php#summary' successfully]]></system-out>
         <system-err><![CDATA[]]></system-err>
      </testcase>
      <testcase name="Test Cases/Negative login 1" time="26.914" classname="Test Cases/Negative login 1" status="PASSED">
         <system-out><![CDATA[03-03-2025T12:43:53 - [TEST_CASE][PASSED] - Test Cases/Negative login 1: Test Cases/Negative login 1

03-03-2025T12:43:54 - [TEST_STEP][PASSED] - callTestCase(findTestCase("Click on appointment"), [:], STOP_ON_FAILURE): Call Test Case 'Test Cases/Click on appointment' successfully

03-03-2025T12:43:54 - [TEST_CASE][PASSED] - Test Cases/Click on appointment: Test Cases/Click on appointment

03-03-2025T12:43:54 - [TEST_STEP][PASSED] - openBrowser(""): Browser is opened with url: ''

03-03-2025T12:43:54 - [MESSAGE][WARNING] - A browser is already opened. Closing browser and opening a new one

03-03-2025T12:43:59 - [MESSAGE][INFO] - Starting 'Chrome' driver

03-03-2025T12:43:59 - [MESSAGE][INFO] - Action delay is set to 0 milliseconds

03-03-2025T12:44:06 - [MESSAGE][PASSED] - Browser is opened with url: ''

03-03-2025T12:44:06 - [TEST_STEP][PASSED] - navigateToUrl("https://katalon-demo-cura.herokuapp.com/"): Navigate to 'https://katalon-demo-cura.herokuapp.com/' successfully

03-03-2025T12:44:09 - [MESSAGE][PASSED] - Navigate to 'https://katalon-demo-cura.herokuapp.com/' successfully

03-03-2025T12:44:09 - [TEST_STEP][PASSED] - click(findTestObject("Object Repository/Page_CURA Healthcare Service/a_Make Appointment")): Object: 'Object Repository/Page_CURA Healthcare Service/a_Make Appointment' is clicked on

03-03-2025T12:44:13 - [MESSAGE][PASSED] - Object: 'Object Repository/Page_CURA Healthcare Service/a_Make Appointment' is clicked on

03-03-2025T12:44:13 - [TEST_STEP][PASSED] - verifyElementPresent(findTestObject("Object Repository/Page_CURA Healthcare Service/h2_Login"), 0): Object 'Object Repository/Page_CURA Healthcare Service/h2_Login' is present

03-03-2025T12:44:13 - [MESSAGE][WARNING] - Timeout '0' is invalid. Using default page load timeout: '30'

03-03-2025T12:44:14 - [MESSAGE][PASSED] - Object 'Object Repository/Page_CURA Healthcare Service/h2_Login' is present

03-03-2025T12:44:14 - [MESSAGE][PASSED] - Call Test Case 'Test Cases/Click on appointment' successfully

03-03-2025T12:44:14 - [TEST_STEP][PASSED] - setText(findTestObject("Object Repository/Page_CURA Healthcare Service/input_Username_username"), "test"): Text 'test' is set on object 'Object Repository/Page_CURA Healthcare Service/input_Username_username'

03-03-2025T12:44:16 - [MESSAGE][PASSED] - Text 'test' is set on object 'Object Repository/Page_CURA Healthcare Service/input_Username_username'

03-03-2025T12:44:16 - [TEST_STEP][PASSED] - setEncryptedText(findTestObject("Object Repository/Page_CURA Healthcare Service/input_Password_password"), "P9ET2sDE0SE="): Text ****** has been set on object 'Object Repository/Page_CURA Healthcare Service/input_Password_password'

03-03-2025T12:44:17 - [MESSAGE][PASSED] - Text ****** has been set on object 'Object Repository/Page_CURA Healthcare Service/input_Password_password'

03-03-2025T12:44:17 - [TEST_STEP][PASSED] - click(findTestObject("Object Repository/Page_CURA Healthcare Service/button_Login")): Object: 'Object Repository/Page_CURA Healthcare Service/button_Login' is clicked on

03-03-2025T12:44:19 - [MESSAGE][PASSED] - Object: 'Object Repository/Page_CURA Healthcare Service/button_Login' is clicked on

03-03-2025T12:44:19 - [TEST_STEP][PASSED] - verifyElementText(findTestObject("Object Repository/Page_CURA Healthcare Service/p_Login failed Please ensure the username a_eb55b5"), "Login failed! Please ensure the username and password are valid."): Actual text and expected text of test object 'Object Repository/Page_CURA Healthcare Service/p_Login failed Please ensure the username a_eb55b5' are matched.

03-03-2025T12:44:20 - [MESSAGE][PASSED] - Actual text and expected text of test object 'Object Repository/Page_CURA Healthcare Service/p_Login failed Please ensure the username a_eb55b5' are matched.]]></system-out>
         <system-err><![CDATA[]]></system-err>
      </testcase>
      <testcase name="Test Cases/Negative login 2" time="26.782" classname="Test Cases/Negative login 2" status="PASSED">
         <system-out><![CDATA[03-03-2025T12:44:20 - [TEST_CASE][PASSED] - Test Cases/Negative login 2: Test Cases/Negative login 2

03-03-2025T12:44:21 - [TEST_STEP][PASSED] - callTestCase(findTestCase("Click on appointment"), [:], STOP_ON_FAILURE): Call Test Case 'Test Cases/Click on appointment' successfully

03-03-2025T12:44:21 - [TEST_CASE][PASSED] - Test Cases/Click on appointment: Test Cases/Click on appointment

03-03-2025T12:44:21 - [TEST_STEP][PASSED] - openBrowser(""): Browser is opened with url: ''

03-03-2025T12:44:21 - [MESSAGE][WARNING] - A browser is already opened. Closing browser and opening a new one

03-03-2025T12:44:24 - [MESSAGE][INFO] - Starting 'Chrome' driver

03-03-2025T12:44:24 - [MESSAGE][INFO] - Action delay is set to 0 milliseconds

03-03-2025T12:44:34 - [MESSAGE][PASSED] - Browser is opened with url: ''

03-03-2025T12:44:34 - [TEST_STEP][PASSED] - navigateToUrl("https://katalon-demo-cura.herokuapp.com/"): Navigate to 'https://katalon-demo-cura.herokuapp.com/' successfully

03-03-2025T12:44:37 - [MESSAGE][PASSED] - Navigate to 'https://katalon-demo-cura.herokuapp.com/' successfully

03-03-2025T12:44:37 - [TEST_STEP][PASSED] - click(findTestObject("Object Repository/Page_CURA Healthcare Service/a_Make Appointment")): Object: 'Object Repository/Page_CURA Healthcare Service/a_Make Appointment' is clicked on

03-03-2025T12:44:39 - [MESSAGE][PASSED] - Object: 'Object Repository/Page_CURA Healthcare Service/a_Make Appointment' is clicked on

03-03-2025T12:44:39 - [TEST_STEP][PASSED] - verifyElementPresent(findTestObject("Object Repository/Page_CURA Healthcare Service/h2_Login"), 0): Object 'Object Repository/Page_CURA Healthcare Service/h2_Login' is present

03-03-2025T12:44:39 - [MESSAGE][WARNING] - Timeout '0' is invalid. Using default page load timeout: '30'

03-03-2025T12:44:40 - [MESSAGE][PASSED] - Object 'Object Repository/Page_CURA Healthcare Service/h2_Login' is present

03-03-2025T12:44:40 - [MESSAGE][PASSED] - Call Test Case 'Test Cases/Click on appointment' successfully

03-03-2025T12:44:40 - [TEST_STEP][PASSED] - setText(findTestObject("Object Repository/Page_CURA Healthcare Service/input_Username_username"), "John Doe"): Text 'John Doe' is set on object 'Object Repository/Page_CURA Healthcare Service/input_Username_username'

03-03-2025T12:44:42 - [MESSAGE][PASSED] - Text 'John Doe' is set on object 'Object Repository/Page_CURA Healthcare Service/input_Username_username'

03-03-2025T12:44:42 - [TEST_STEP][PASSED] - setEncryptedText(findTestObject("Object Repository/Page_CURA Healthcare Service/input_Password_password"), "P9ET2sDE0SE="): Text ****** has been set on object 'Object Repository/Page_CURA Healthcare Service/input_Password_password'

03-03-2025T12:44:44 - [MESSAGE][PASSED] - Text ****** has been set on object 'Object Repository/Page_CURA Healthcare Service/input_Password_password'

03-03-2025T12:44:44 - [TEST_STEP][PASSED] - click(findTestObject("Object Repository/Page_CURA Healthcare Service/button_Login")): Object: 'Object Repository/Page_CURA Healthcare Service/button_Login' is clicked on

03-03-2025T12:44:46 - [MESSAGE][PASSED] - Object: 'Object Repository/Page_CURA Healthcare Service/button_Login' is clicked on

03-03-2025T12:44:46 - [TEST_STEP][PASSED] - verifyElementPresent(findTestObject("Object Repository/Page_CURA Healthcare Service/p_Login failed Please ensure the username a_eb55b5"), 0): Object 'Object Repository/Page_CURA Healthcare Service/p_Login failed Please ensure the username a_eb55b5' is present

03-03-2025T12:44:46 - [MESSAGE][WARNING] - Timeout '0' is invalid. Using default page load timeout: '30'

03-03-2025T12:44:47 - [MESSAGE][PASSED] - Object 'Object Repository/Page_CURA Healthcare Service/p_Login failed Please ensure the username a_eb55b5' is present]]></system-out>
         <system-err><![CDATA[]]></system-err>
      </testcase>
      <testcase name="Test Cases/Orange hrm click home" time="68.83" classname="Test Cases/Orange hrm click home" status="PASSED">
         <system-out><![CDATA[03-03-2025T12:44:47 - [TEST_CASE][PASSED] - Test Cases/Orange hrm click home: Test Cases/Orange hrm click home

03-03-2025T12:44:48 - [TEST_STEP][PASSED] - callTestCase(findTestCase("Orange hrm login"), [:], STOP_ON_FAILURE): Call Test Case 'Test Cases/Orange hrm login' successfully

03-03-2025T12:44:48 - [TEST_CASE][PASSED] - Test Cases/Orange hrm login: Test Cases/Orange hrm login

03-03-2025T12:44:49 - [TEST_STEP][PASSED] - callTestCase(findTestCase("Orange hrm verify header"), [:], STOP_ON_FAILURE): Call Test Case 'Test Cases/Orange hrm verify header' successfully

03-03-2025T12:44:49 - [TEST_CASE][PASSED] - Test Cases/Orange hrm verify header: Test Cases/Orange hrm verify header

03-03-2025T12:44:49 - [TEST_STEP][PASSED] - openBrowser(""): Browser is opened with url: ''

03-03-2025T12:44:49 - [MESSAGE][WARNING] - A browser is already opened. Closing browser and opening a new one

03-03-2025T12:44:50 - [MESSAGE][INFO] - Starting 'Chrome' driver

03-03-2025T12:44:50 - [MESSAGE][INFO] - Action delay is set to 0 milliseconds

03-03-2025T12:45:00 - [MESSAGE][PASSED] - Browser is opened with url: ''

03-03-2025T12:45:00 - [TEST_STEP][PASSED] - navigateToUrl("https://mamtabele-trials715.orangehrmlive.com/"): Navigate to 'https://mamtabele-trials715.orangehrmlive.com/' successfully

03-03-2025T12:45:05 - [MESSAGE][PASSED] - Navigate to 'https://mamtabele-trials715.orangehrmlive.com/' successfully

03-03-2025T12:45:05 - [TEST_STEP][PASSED] - rightClick(findTestObject("Object Repository/Page_OrangeHRM/img")): Object: 'Object Repository/Page_OrangeHRM/img' is right clicked on

03-03-2025T12:45:07 - [MESSAGE][PASSED] - Object: 'Object Repository/Page_OrangeHRM/img' is right clicked on

03-03-2025T12:45:07 - [TEST_STEP][PASSED] - verifyElementText(findTestObject("Object Repository/Page_OrangeHRM/img"), ""): Actual text and expected text of test object 'Object Repository/Page_OrangeHRM/img' are matched.

03-03-2025T12:45:08 - [MESSAGE][PASSED] - Actual text and expected text of test object 'Object Repository/Page_OrangeHRM/img' are matched.

03-03-2025T12:45:08 - [MESSAGE][PASSED] - Call Test Case 'Test Cases/Orange hrm verify header' successfully

03-03-2025T12:45:08 - [TEST_STEP][PASSED] - openBrowser(""): Browser is opened with url: ''

03-03-2025T12:45:08 - [MESSAGE][WARNING] - A browser is already opened. Closing browser and opening a new one

03-03-2025T12:45:10 - [MESSAGE][INFO] - Starting 'Chrome' driver

03-03-2025T12:45:10 - [MESSAGE][INFO] - Action delay is set to 0 milliseconds

03-03-2025T12:45:18 - [MESSAGE][PASSED] - Browser is opened with url: ''

03-03-2025T12:45:18 - [TEST_STEP][PASSED] - navigateToUrl("https://mamtabele-trials715.orangehrmlive.com/"): Navigate to 'https://mamtabele-trials715.orangehrmlive.com/' successfully

03-03-2025T12:45:26 - [MESSAGE][PASSED] - Navigate to 'https://mamtabele-trials715.orangehrmlive.com/' successfully

03-03-2025T12:45:26 - [TEST_STEP][PASSED] - setText(findTestObject("Object Repository/Page_OrangeHRM/input_Login_txtUsername"), "admin"): Text 'admin' is set on object 'Object Repository/Page_OrangeHRM/input_Login_txtUsername'

03-03-2025T12:45:28 - [MESSAGE][PASSED] - Text 'admin' is set on object 'Object Repository/Page_OrangeHRM/input_Login_txtUsername'

03-03-2025T12:45:28 - [TEST_STEP][PASSED] - setEncryptedText(findTestObject("Object Repository/Page_OrangeHRM/input_Login_txtPassword"), "Rh9ePu8J8PE="): Text ****** has been set on object 'Object Repository/Page_OrangeHRM/input_Login_txtPassword'

03-03-2025T12:45:30 - [MESSAGE][PASSED] - Text ****** has been set on object 'Object Repository/Page_OrangeHRM/input_Login_txtPassword'

03-03-2025T12:45:30 - [TEST_STEP][PASSED] - click(findTestObject("Object Repository/Page_OrangeHRM/img_Login_icon show-icon")): Object: 'Object Repository/Page_OrangeHRM/img_Login_icon show-icon' is clicked on

03-03-2025T12:45:31 - [MESSAGE][PASSED] - Object: 'Object Repository/Page_OrangeHRM/img_Login_icon show-icon' is clicked on

03-03-2025T12:45:31 - [TEST_STEP][PASSED] - click(findTestObject("Object Repository/Page_OrangeHRM/input_Login_txtPassword")): Object: 'Object Repository/Page_OrangeHRM/input_Login_txtPassword' is clicked on

03-03-2025T12:45:32 - [MESSAGE][PASSED] - Object: 'Object Repository/Page_OrangeHRM/input_Login_txtPassword' is clicked on

03-03-2025T12:45:32 - [TEST_STEP][PASSED] - setEncryptedText(findTestObject("Object Repository/Page_OrangeHRM/input_Login_txtPassword"), "N4wH1gbh6xA="): Text ****** has been set on object 'Object Repository/Page_OrangeHRM/input_Login_txtPassword'

03-03-2025T12:45:32 - [MESSAGE][PASSED] - Text ****** has been set on object 'Object Repository/Page_OrangeHRM/input_Login_txtPassword'

03-03-2025T12:45:32 - [TEST_STEP][PASSED] - click(findTestObject("Object Repository/Page_OrangeHRM/input_Login_txtPassword")): Object: 'Object Repository/Page_OrangeHRM/input_Login_txtPassword' is clicked on

03-03-2025T12:45:33 - [MESSAGE][PASSED] - Object: 'Object Repository/Page_OrangeHRM/input_Login_txtPassword' is clicked on

03-03-2025T12:45:33 - [TEST_STEP][PASSED] - setEncryptedText(findTestObject("Object Repository/Page_OrangeHRM/input_Login_txtPassword"), "8tjxhkGuP+cB73upl0w6BQ=="): Text ****** has been set on object 'Object Repository/Page_OrangeHRM/input_Login_txtPassword'

03-03-2025T12:45:34 - [MESSAGE][PASSED] - Text ****** has been set on object 'Object Repository/Page_OrangeHRM/input_Login_txtPassword'

03-03-2025T12:45:34 - [TEST_STEP][PASSED] - click(findTestObject("Object Repository/Page_OrangeHRM/button_Login")): Object: 'Object Repository/Page_OrangeHRM/button_Login' is clicked on

03-03-2025T12:45:43 - [MESSAGE][PASSED] - Object: 'Object Repository/Page_OrangeHRM/button_Login' is clicked on

03-03-2025T12:45:43 - [TEST_STEP][PASSED] - verifyElementText(findTestObject("Object Repository/Page_Employee Management/div_Admin"), "Admin"): Actual text and expected text of test object 'Object Repository/Page_Employee Management/div_Admin' are matched.

03-03-2025T12:45:50 - [MESSAGE][PASSED] - Actual text and expected text of test object 'Object Repository/Page_Employee Management/div_Admin' are matched.

03-03-2025T12:45:50 - [MESSAGE][PASSED] - Call Test Case 'Test Cases/Orange hrm login' successfully

03-03-2025T12:45:50 - [TEST_STEP][PASSED] - click(findTestObject("Object Repository/Page_Employee Management/i_oxd_home_menu")): Object: 'Object Repository/Page_Employee Management/i_oxd_home_menu' is clicked on

03-03-2025T12:45:51 - [MESSAGE][PASSED] - Object: 'Object Repository/Page_Employee Management/i_oxd_home_menu' is clicked on

03-03-2025T12:45:51 - [TEST_STEP][PASSED] - verifyElementText(findTestObject("Object Repository/Page_Employee Management/i_oxd_home_menu"), "oxd_home_menu"): Actual text and expected text of test object 'Object Repository/Page_Employee Management/i_oxd_home_menu' are matched.

03-03-2025T12:45:53 - [MESSAGE][PASSED] - Actual text and expected text of test object 'Object Repository/Page_Employee Management/i_oxd_home_menu' are matched.

03-03-2025T12:45:53 - [TEST_STEP][PASSED] - click(findTestObject("Object Repository/Page_Employee Management/a_ohrm_settings_sidebar-toggle")): Object: 'Object Repository/Page_Employee Management/a_ohrm_settings_sidebar-toggle' is clicked on

03-03-2025T12:45:54 - [MESSAGE][PASSED] - Object: 'Object Repository/Page_Employee Management/a_ohrm_settings_sidebar-toggle' is clicked on

03-03-2025T12:45:54 - [TEST_STEP][PASSED] - click(findTestObject("Object Repository/Page_Employee Management/a_ohrm_settings_sidebar-toggle")): Object: 'Object Repository/Page_Employee Management/a_ohrm_settings_sidebar-toggle' is clicked on

03-03-2025T12:45:56 - [MESSAGE][PASSED] - Object: 'Object Repository/Page_Employee Management/a_ohrm_settings_sidebar-toggle' is clicked on]]></system-out>
         <system-err><![CDATA[]]></system-err>
      </testcase>
      <testcase name="Test Cases/Orange hrm left pannel" time="0.441" classname="Test Cases/Orange hrm left pannel" status="PASSED">
         <system-out><![CDATA[03-03-2025T12:45:56 - [TEST_CASE][PASSED] - Test Cases/Orange hrm left pannel: Test Cases/Orange hrm left pannel

03-03-2025T12:45:56 - [TEST_STEP][PASSED] - return null: null]]></system-out>
         <system-err><![CDATA[]]></system-err>
      </testcase>
      <testcase name="Test Cases/Orange hrm logout" time="82.358" classname="Test Cases/Orange hrm logout" status="PASSED">
         <system-out><![CDATA[03-03-2025T12:45:56 - [TEST_CASE][PASSED] - Test Cases/Orange hrm logout: Test Cases/Orange hrm logout

03-03-2025T12:45:56 - [TEST_STEP][PASSED] - callTestCase(findTestCase("Orange hrm login"), [:], STOP_ON_FAILURE): Call Test Case 'Test Cases/Orange hrm login' successfully

03-03-2025T12:45:56 - [TEST_CASE][PASSED] - Test Cases/Orange hrm login: Test Cases/Orange hrm login

03-03-2025T12:45:57 - [TEST_STEP][PASSED] - callTestCase(findTestCase("Orange hrm verify header"), [:], STOP_ON_FAILURE): Call Test Case 'Test Cases/Orange hrm verify header' successfully

03-03-2025T12:45:57 - [TEST_CASE][PASSED] - Test Cases/Orange hrm verify header: Test Cases/Orange hrm verify header

03-03-2025T12:45:57 - [TEST_STEP][PASSED] - openBrowser(""): Browser is opened with url: ''

03-03-2025T12:45:57 - [MESSAGE][WARNING] - A browser is already opened. Closing browser and opening a new one

03-03-2025T12:45:59 - [MESSAGE][INFO] - Starting 'Chrome' driver

03-03-2025T12:45:59 - [MESSAGE][INFO] - Action delay is set to 0 milliseconds

03-03-2025T12:46:09 - [MESSAGE][PASSED] - Browser is opened with url: ''

03-03-2025T12:46:09 - [TEST_STEP][PASSED] - navigateToUrl("https://mamtabele-trials715.orangehrmlive.com/"): Navigate to 'https://mamtabele-trials715.orangehrmlive.com/' successfully

03-03-2025T12:46:15 - [MESSAGE][PASSED] - Navigate to 'https://mamtabele-trials715.orangehrmlive.com/' successfully

03-03-2025T12:46:15 - [TEST_STEP][PASSED] - rightClick(findTestObject("Object Repository/Page_OrangeHRM/img")): Object: 'Object Repository/Page_OrangeHRM/img' is right clicked on

03-03-2025T12:46:15 - [MESSAGE][PASSED] - Object: 'Object Repository/Page_OrangeHRM/img' is right clicked on

03-03-2025T12:46:15 - [TEST_STEP][PASSED] - verifyElementText(findTestObject("Object Repository/Page_OrangeHRM/img"), ""): Actual text and expected text of test object 'Object Repository/Page_OrangeHRM/img' are matched.

03-03-2025T12:46:16 - [MESSAGE][PASSED] - Actual text and expected text of test object 'Object Repository/Page_OrangeHRM/img' are matched.

03-03-2025T12:46:16 - [MESSAGE][PASSED] - Call Test Case 'Test Cases/Orange hrm verify header' successfully

03-03-2025T12:46:16 - [TEST_STEP][PASSED] - openBrowser(""): Browser is opened with url: ''

03-03-2025T12:46:16 - [MESSAGE][WARNING] - A browser is already opened. Closing browser and opening a new one

03-03-2025T12:46:17 - [MESSAGE][INFO] - Starting 'Chrome' driver

03-03-2025T12:46:17 - [MESSAGE][INFO] - Action delay is set to 0 milliseconds

03-03-2025T12:46:28 - [MESSAGE][PASSED] - Browser is opened with url: ''

03-03-2025T12:46:28 - [TEST_STEP][PASSED] - navigateToUrl("https://mamtabele-trials715.orangehrmlive.com/"): Navigate to 'https://mamtabele-trials715.orangehrmlive.com/' successfully

03-03-2025T12:46:34 - [MESSAGE][PASSED] - Navigate to 'https://mamtabele-trials715.orangehrmlive.com/' successfully

03-03-2025T12:46:34 - [TEST_STEP][PASSED] - setText(findTestObject("Object Repository/Page_OrangeHRM/input_Login_txtUsername"), "admin"): Text 'admin' is set on object 'Object Repository/Page_OrangeHRM/input_Login_txtUsername'

03-03-2025T12:46:39 - [MESSAGE][PASSED] - Text 'admin' is set on object 'Object Repository/Page_OrangeHRM/input_Login_txtUsername'

03-03-2025T12:46:39 - [TEST_STEP][PASSED] - setEncryptedText(findTestObject("Object Repository/Page_OrangeHRM/input_Login_txtPassword"), "Rh9ePu8J8PE="): Text ****** has been set on object 'Object Repository/Page_OrangeHRM/input_Login_txtPassword'

03-03-2025T12:46:40 - [MESSAGE][PASSED] - Text ****** has been set on object 'Object Repository/Page_OrangeHRM/input_Login_txtPassword'

03-03-2025T12:46:40 - [TEST_STEP][PASSED] - click(findTestObject("Object Repository/Page_OrangeHRM/img_Login_icon show-icon")): Object: 'Object Repository/Page_OrangeHRM/img_Login_icon show-icon' is clicked on

03-03-2025T12:46:41 - [MESSAGE][PASSED] - Object: 'Object Repository/Page_OrangeHRM/img_Login_icon show-icon' is clicked on

03-03-2025T12:46:41 - [TEST_STEP][PASSED] - click(findTestObject("Object Repository/Page_OrangeHRM/input_Login_txtPassword")): Object: 'Object Repository/Page_OrangeHRM/input_Login_txtPassword' is clicked on

03-03-2025T12:46:41 - [MESSAGE][PASSED] - Object: 'Object Repository/Page_OrangeHRM/input_Login_txtPassword' is clicked on

03-03-2025T12:46:41 - [TEST_STEP][PASSED] - setEncryptedText(findTestObject("Object Repository/Page_OrangeHRM/input_Login_txtPassword"), "N4wH1gbh6xA="): Text ****** has been set on object 'Object Repository/Page_OrangeHRM/input_Login_txtPassword'

03-03-2025T12:46:42 - [MESSAGE][PASSED] - Text ****** has been set on object 'Object Repository/Page_OrangeHRM/input_Login_txtPassword'

03-03-2025T12:46:42 - [TEST_STEP][PASSED] - click(findTestObject("Object Repository/Page_OrangeHRM/input_Login_txtPassword")): Object: 'Object Repository/Page_OrangeHRM/input_Login_txtPassword' is clicked on

03-03-2025T12:46:43 - [MESSAGE][PASSED] - Object: 'Object Repository/Page_OrangeHRM/input_Login_txtPassword' is clicked on

03-03-2025T12:46:43 - [TEST_STEP][PASSED] - setEncryptedText(findTestObject("Object Repository/Page_OrangeHRM/input_Login_txtPassword"), "8tjxhkGuP+cB73upl0w6BQ=="): Text ****** has been set on object 'Object Repository/Page_OrangeHRM/input_Login_txtPassword'

03-03-2025T12:46:44 - [MESSAGE][PASSED] - Text ****** has been set on object 'Object Repository/Page_OrangeHRM/input_Login_txtPassword'

03-03-2025T12:46:44 - [TEST_STEP][PASSED] - click(findTestObject("Object Repository/Page_OrangeHRM/button_Login")): Object: 'Object Repository/Page_OrangeHRM/button_Login' is clicked on

03-03-2025T12:46:54 - [MESSAGE][PASSED] - Object: 'Object Repository/Page_OrangeHRM/button_Login' is clicked on

03-03-2025T12:46:54 - [TEST_STEP][PASSED] - verifyElementText(findTestObject("Object Repository/Page_Employee Management/div_Admin"), "Admin"): Actual text and expected text of test object 'Object Repository/Page_Employee Management/div_Admin' are matched.

03-03-2025T12:47:03 - [MESSAGE][PASSED] - Actual text and expected text of test object 'Object Repository/Page_Employee Management/div_Admin' are matched.

03-03-2025T12:47:03 - [MESSAGE][PASSED] - Call Test Case 'Test Cases/Orange hrm login' successfully

03-03-2025T12:47:03 - [TEST_STEP][PASSED] - click(findTestObject("Object Repository/Page_Employee Management/span_Log Out")): Object: 'Object Repository/Page_Employee Management/span_Log Out' is clicked on

03-03-2025T12:47:10 - [MESSAGE][PASSED] - Object: 'Object Repository/Page_Employee Management/span_Log Out' is clicked on

03-03-2025T12:47:10 - [TEST_STEP][PASSED] - navigateToUrl("https://mamtabele-trials715.orangehrmlive.com/auth/login"): Navigate to 'https://mamtabele-trials715.orangehrmlive.com/auth/login' successfully

03-03-2025T12:47:16 - [MESSAGE][PASSED] - Navigate to 'https://mamtabele-trials715.orangehrmlive.com/auth/login' successfully

03-03-2025T12:47:16 - [TEST_STEP][PASSED] - rightClick(findTestObject("Object Repository/Page_OrangeHRM/div_Login")): Object: 'Object Repository/Page_OrangeHRM/div_Login' is right clicked on

03-03-2025T12:47:16 - [MESSAGE][PASSED] - Object: 'Object Repository/Page_OrangeHRM/div_Login' is right clicked on

03-03-2025T12:47:16 - [TEST_STEP][PASSED] - verifyElementPresent(findTestObject("Object Repository/Page_OrangeHRM/div_Login"), 0): Object 'Object Repository/Page_OrangeHRM/div_Login' is present

03-03-2025T12:47:17 - [MESSAGE][WARNING] - Timeout '0' is invalid. Using default page load timeout: '30'

03-03-2025T12:47:18 - [MESSAGE][PASSED] - Object 'Object Repository/Page_OrangeHRM/div_Login' is present]]></system-out>
         <system-err><![CDATA[]]></system-err>
      </testcase>
      <testcase name="Test Cases/Orange hrm login" time="100.31" classname="Test Cases/Orange hrm login" status="PASSED">
         <system-out><![CDATA[03-03-2025T12:47:19 - [TEST_CASE][PASSED] - Test Cases/Orange hrm login: Test Cases/Orange hrm login

03-03-2025T12:47:19 - [TEST_STEP][PASSED] - callTestCase(findTestCase("Orange hrm verify header"), [:], STOP_ON_FAILURE): Call Test Case 'Test Cases/Orange hrm verify header' successfully

03-03-2025T12:47:19 - [TEST_CASE][PASSED] - Test Cases/Orange hrm verify header: Test Cases/Orange hrm verify header

03-03-2025T12:47:19 - [TEST_STEP][PASSED] - openBrowser(""): Browser is opened with url: ''

03-03-2025T12:47:20 - [MESSAGE][WARNING] - A browser is already opened. Closing browser and opening a new one

03-03-2025T12:47:49 - [MESSAGE][INFO] - Starting 'Chrome' driver

03-03-2025T12:47:49 - [MESSAGE][INFO] - Action delay is set to 0 milliseconds

03-03-2025T12:47:59 - [MESSAGE][PASSED] - Browser is opened with url: ''

03-03-2025T12:47:59 - [TEST_STEP][PASSED] - navigateToUrl("https://mamtabele-trials715.orangehrmlive.com/"): Navigate to 'https://mamtabele-trials715.orangehrmlive.com/' successfully

03-03-2025T12:48:05 - [MESSAGE][PASSED] - Navigate to 'https://mamtabele-trials715.orangehrmlive.com/' successfully

03-03-2025T12:48:05 - [TEST_STEP][PASSED] - rightClick(findTestObject("Object Repository/Page_OrangeHRM/img")): Object: 'Object Repository/Page_OrangeHRM/img' is right clicked on

03-03-2025T12:48:07 - [MESSAGE][PASSED] - Object: 'Object Repository/Page_OrangeHRM/img' is right clicked on

03-03-2025T12:48:07 - [TEST_STEP][PASSED] - verifyElementText(findTestObject("Object Repository/Page_OrangeHRM/img"), ""): Actual text and expected text of test object 'Object Repository/Page_OrangeHRM/img' are matched.

03-03-2025T12:48:07 - [MESSAGE][PASSED] - Actual text and expected text of test object 'Object Repository/Page_OrangeHRM/img' are matched.

03-03-2025T12:48:07 - [MESSAGE][PASSED] - Call Test Case 'Test Cases/Orange hrm verify header' successfully

03-03-2025T12:48:07 - [TEST_STEP][PASSED] - openBrowser(""): Browser is opened with url: ''

03-03-2025T12:48:07 - [MESSAGE][WARNING] - A browser is already opened. Closing browser and opening a new one

03-03-2025T12:48:09 - [MESSAGE][INFO] - Starting 'Chrome' driver

03-03-2025T12:48:09 - [MESSAGE][INFO] - Action delay is set to 0 milliseconds

03-03-2025T12:48:19 - [MESSAGE][PASSED] - Browser is opened with url: ''

03-03-2025T12:48:19 - [TEST_STEP][PASSED] - navigateToUrl("https://mamtabele-trials715.orangehrmlive.com/"): Navigate to 'https://mamtabele-trials715.orangehrmlive.com/' successfully

03-03-2025T12:48:24 - [MESSAGE][PASSED] - Navigate to 'https://mamtabele-trials715.orangehrmlive.com/' successfully

03-03-2025T12:48:24 - [TEST_STEP][PASSED] - setText(findTestObject("Object Repository/Page_OrangeHRM/input_Login_txtUsername"), "admin"): Text 'admin' is set on object 'Object Repository/Page_OrangeHRM/input_Login_txtUsername'

03-03-2025T12:48:26 - [MESSAGE][PASSED] - Text 'admin' is set on object 'Object Repository/Page_OrangeHRM/input_Login_txtUsername'

03-03-2025T12:48:26 - [TEST_STEP][PASSED] - setEncryptedText(findTestObject("Object Repository/Page_OrangeHRM/input_Login_txtPassword"), "Rh9ePu8J8PE="): Text ****** has been set on object 'Object Repository/Page_OrangeHRM/input_Login_txtPassword'

03-03-2025T12:48:27 - [MESSAGE][PASSED] - Text ****** has been set on object 'Object Repository/Page_OrangeHRM/input_Login_txtPassword'

03-03-2025T12:48:27 - [TEST_STEP][PASSED] - click(findTestObject("Object Repository/Page_OrangeHRM/img_Login_icon show-icon")): Object: 'Object Repository/Page_OrangeHRM/img_Login_icon show-icon' is clicked on

03-03-2025T12:48:28 - [MESSAGE][PASSED] - Object: 'Object Repository/Page_OrangeHRM/img_Login_icon show-icon' is clicked on

03-03-2025T12:48:28 - [TEST_STEP][PASSED] - click(findTestObject("Object Repository/Page_OrangeHRM/input_Login_txtPassword")): Object: 'Object Repository/Page_OrangeHRM/input_Login_txtPassword' is clicked on

03-03-2025T12:48:29 - [MESSAGE][PASSED] - Object: 'Object Repository/Page_OrangeHRM/input_Login_txtPassword' is clicked on

03-03-2025T12:48:29 - [TEST_STEP][PASSED] - setEncryptedText(findTestObject("Object Repository/Page_OrangeHRM/input_Login_txtPassword"), "N4wH1gbh6xA="): Text ****** has been set on object 'Object Repository/Page_OrangeHRM/input_Login_txtPassword'

03-03-2025T12:48:29 - [MESSAGE][PASSED] - Text ****** has been set on object 'Object Repository/Page_OrangeHRM/input_Login_txtPassword'

03-03-2025T12:48:29 - [TEST_STEP][PASSED] - click(findTestObject("Object Repository/Page_OrangeHRM/input_Login_txtPassword")): Object: 'Object Repository/Page_OrangeHRM/input_Login_txtPassword' is clicked on

03-03-2025T12:48:30 - [MESSAGE][PASSED] - Object: 'Object Repository/Page_OrangeHRM/input_Login_txtPassword' is clicked on

03-03-2025T12:48:30 - [TEST_STEP][PASSED] - setEncryptedText(findTestObject("Object Repository/Page_OrangeHRM/input_Login_txtPassword"), "8tjxhkGuP+cB73upl0w6BQ=="): Text ****** has been set on object 'Object Repository/Page_OrangeHRM/input_Login_txtPassword'

03-03-2025T12:48:31 - [MESSAGE][PASSED] - Text ****** has been set on object 'Object Repository/Page_OrangeHRM/input_Login_txtPassword'

03-03-2025T12:48:31 - [TEST_STEP][PASSED] - click(findTestObject("Object Repository/Page_OrangeHRM/button_Login")): Object: 'Object Repository/Page_OrangeHRM/button_Login' is clicked on

03-03-2025T12:48:39 - [MESSAGE][PASSED] - Object: 'Object Repository/Page_OrangeHRM/button_Login' is clicked on

03-03-2025T12:48:39 - [TEST_STEP][PASSED] - verifyElementText(findTestObject("Object Repository/Page_Employee Management/div_Admin"), "Admin"): Actual text and expected text of test object 'Object Repository/Page_Employee Management/div_Admin' are matched.

03-03-2025T12:48:59 - [MESSAGE][PASSED] - Actual text and expected text of test object 'Object Repository/Page_Employee Management/div_Admin' are matched.]]></system-out>
         <system-err><![CDATA[]]></system-err>
      </testcase>
      <testcase name="Test Cases/Orange hrm ngative login" time="118.004" classname="Test Cases/Orange hrm ngative login" status="PASSED">
         <system-out><![CDATA[03-03-2025T12:48:59 - [TEST_CASE][PASSED] - Test Cases/Orange hrm ngative login: Test Cases/Orange hrm ngative login

03-03-2025T12:49:02 - [TEST_STEP][PASSED] - callTestCase(findTestCase("Orange hrm verify header"), [:], STOP_ON_FAILURE): Call Test Case 'Test Cases/Orange hrm verify header' successfully

03-03-2025T12:49:03 - [TEST_CASE][PASSED] - Test Cases/Orange hrm verify header: Test Cases/Orange hrm verify header

03-03-2025T12:49:03 - [TEST_STEP][PASSED] - openBrowser(""): Browser is opened with url: ''

03-03-2025T12:49:03 - [MESSAGE][WARNING] - A browser is already opened. Closing browser and opening a new one

03-03-2025T12:49:27 - [MESSAGE][INFO] - Starting 'Chrome' driver

03-03-2025T12:49:27 - [MESSAGE][INFO] - Action delay is set to 0 milliseconds

03-03-2025T12:49:38 - [MESSAGE][PASSED] - Browser is opened with url: ''

03-03-2025T12:49:38 - [TEST_STEP][PASSED] - navigateToUrl("https://mamtabele-trials715.orangehrmlive.com/"): Navigate to 'https://mamtabele-trials715.orangehrmlive.com/' successfully

03-03-2025T12:50:01 - [MESSAGE][PASSED] - Navigate to 'https://mamtabele-trials715.orangehrmlive.com/' successfully

03-03-2025T12:50:01 - [TEST_STEP][PASSED] - rightClick(findTestObject("Object Repository/Page_OrangeHRM/img")): Object: 'Object Repository/Page_OrangeHRM/img' is right clicked on

03-03-2025T12:50:03 - [MESSAGE][PASSED] - Object: 'Object Repository/Page_OrangeHRM/img' is right clicked on

03-03-2025T12:50:03 - [TEST_STEP][PASSED] - verifyElementText(findTestObject("Object Repository/Page_OrangeHRM/img"), ""): Actual text and expected text of test object 'Object Repository/Page_OrangeHRM/img' are matched.

03-03-2025T12:50:04 - [MESSAGE][PASSED] - Actual text and expected text of test object 'Object Repository/Page_OrangeHRM/img' are matched.

03-03-2025T12:50:04 - [MESSAGE][PASSED] - Call Test Case 'Test Cases/Orange hrm verify header' successfully

03-03-2025T12:50:04 - [TEST_STEP][PASSED] - openBrowser(""): Browser is opened with url: ''

03-03-2025T12:50:04 - [MESSAGE][WARNING] - A browser is already opened. Closing browser and opening a new one

03-03-2025T12:50:05 - [MESSAGE][INFO] - Starting 'Chrome' driver

03-03-2025T12:50:05 - [MESSAGE][INFO] - Action delay is set to 0 milliseconds

03-03-2025T12:50:32 - [MESSAGE][PASSED] - Browser is opened with url: ''

03-03-2025T12:50:33 - [TEST_STEP][PASSED] - navigateToUrl("https://mamtabele-trials715.orangehrmlive.com/"): Navigate to 'https://mamtabele-trials715.orangehrmlive.com/' successfully

03-03-2025T12:50:46 - [MESSAGE][PASSED] - Navigate to 'https://mamtabele-trials715.orangehrmlive.com/' successfully

03-03-2025T12:50:46 - [TEST_STEP][PASSED] - verifyElementPresent(findTestObject("Object Repository/Page_OrangeHRM/input_Login_txtUsername"), 0): Object 'Object Repository/Page_OrangeHRM/input_Login_txtUsername' is present

03-03-2025T12:50:46 - [MESSAGE][WARNING] - Timeout '0' is invalid. Using default page load timeout: '30'

03-03-2025T12:50:48 - [MESSAGE][PASSED] - Object 'Object Repository/Page_OrangeHRM/input_Login_txtUsername' is present

03-03-2025T12:50:48 - [TEST_STEP][PASSED] - verifyElementPresent(findTestObject("Object Repository/Page_OrangeHRM/input_Login_txtPassword"), 0): Object 'Object Repository/Page_OrangeHRM/input_Login_txtPassword' is present

03-03-2025T12:50:48 - [MESSAGE][WARNING] - Timeout '0' is invalid. Using default page load timeout: '30'

03-03-2025T12:50:48 - [MESSAGE][PASSED] - Object 'Object Repository/Page_OrangeHRM/input_Login_txtPassword' is present

03-03-2025T12:50:48 - [TEST_STEP][PASSED] - setText(findTestObject("Object Repository/Page_OrangeHRM/input_Login_txtUsername"), "test"): Text 'test' is set on object 'Object Repository/Page_OrangeHRM/input_Login_txtUsername'

03-03-2025T12:50:49 - [MESSAGE][PASSED] - Text 'test' is set on object 'Object Repository/Page_OrangeHRM/input_Login_txtUsername'

03-03-2025T12:50:49 - [TEST_STEP][PASSED] - click(findTestObject("Object Repository/Page_OrangeHRM/input_Login_txtUsername")): Object: 'Object Repository/Page_OrangeHRM/input_Login_txtUsername' is clicked on

03-03-2025T12:50:50 - [MESSAGE][PASSED] - Object: 'Object Repository/Page_OrangeHRM/input_Login_txtUsername' is clicked on

03-03-2025T12:50:50 - [TEST_STEP][PASSED] - setEncryptedText(findTestObject("Object Repository/Page_OrangeHRM/input_Login_txtPassword"), "P9ET2sDE0SE="): Text ****** has been set on object 'Object Repository/Page_OrangeHRM/input_Login_txtPassword'

03-03-2025T12:50:51 - [MESSAGE][PASSED] - Text ****** has been set on object 'Object Repository/Page_OrangeHRM/input_Login_txtPassword'

03-03-2025T12:50:51 - [TEST_STEP][PASSED] - click(findTestObject("Object Repository/Page_OrangeHRM/button_Login")): Object: 'Object Repository/Page_OrangeHRM/button_Login' is clicked on

03-03-2025T12:50:56 - [MESSAGE][PASSED] - Object: 'Object Repository/Page_OrangeHRM/button_Login' is clicked on

03-03-2025T12:50:56 - [TEST_STEP][PASSED] - rightClick(findTestObject("Object Repository/Page_OrangeHRM/div_Retry Login                            _158b1f")): Object: 'Object Repository/Page_OrangeHRM/div_Retry Login                            _158b1f' is right clicked on

03-03-2025T12:50:57 - [MESSAGE][PASSED] - Object: 'Object Repository/Page_OrangeHRM/div_Retry Login                            _158b1f' is right clicked on

03-03-2025T12:50:57 - [TEST_STEP][PASSED] - verifyElementPresent(findTestObject("Object Repository/Page_OrangeHRM/div_Retry Login"), 0): Object 'Object Repository/Page_OrangeHRM/div_Retry Login' is present

03-03-2025T12:50:57 - [MESSAGE][WARNING] - Timeout '0' is invalid. Using default page load timeout: '30'

03-03-2025T12:50:57 - [MESSAGE][PASSED] - Object 'Object Repository/Page_OrangeHRM/div_Retry Login' is present]]></system-out>
         <system-err><![CDATA[]]></system-err>
      </testcase>
      <testcase name="Test Cases/Test case 24" time="101.627" classname="Test Cases/Test case 24" status="PASSED">
         <system-out><![CDATA[03-03-2025T12:50:57 - [TEST_CASE][PASSED] - Test Cases/Test case 24: Test Cases/Test case 24

03-03-2025T12:50:58 - [TEST_STEP][PASSED] - callTestCase(findTestCase("Test Case21"), ["comments":"No Comments", "comments1":""make a appointment""], STOP_ON_FAILURE): Call Test Case 'Test Cases/Test Case21' successfully

03-03-2025T12:50:58 - [TEST_CASE][PASSED] - Test Cases/Test Case21: Test Cases/Test Case21

03-03-2025T12:50:58 - [TEST_STEP][PASSED] - callTestCase(findTestCase("Login positive"), ["username":"John Doe"], STOP_ON_FAILURE): Call Test Case 'Test Cases/Login positive' successfully

03-03-2025T12:50:58 - [TEST_CASE][PASSED] - Test Cases/Login positive: Test Cases/Login positive

03-03-2025T12:50:58 - [TEST_STEP][PASSED] - callTestCase(findTestCase("Click on appointment"), [:], STOP_ON_FAILURE): Call Test Case 'Test Cases/Click on appointment' successfully

03-03-2025T12:50:59 - [TEST_CASE][PASSED] - Test Cases/Click on appointment: Test Cases/Click on appointment

03-03-2025T12:50:59 - [TEST_STEP][PASSED] - openBrowser(""): Browser is opened with url: ''

03-03-2025T12:50:59 - [MESSAGE][WARNING] - A browser is already opened. Closing browser and opening a new one

03-03-2025T12:51:10 - [MESSAGE][INFO] - Starting 'Chrome' driver

03-03-2025T12:51:10 - [MESSAGE][INFO] - Action delay is set to 0 milliseconds

03-03-2025T12:51:20 - [MESSAGE][PASSED] - Browser is opened with url: ''

03-03-2025T12:51:20 - [TEST_STEP][PASSED] - navigateToUrl("https://katalon-demo-cura.herokuapp.com/"): Navigate to 'https://katalon-demo-cura.herokuapp.com/' successfully

03-03-2025T12:51:22 - [MESSAGE][PASSED] - Navigate to 'https://katalon-demo-cura.herokuapp.com/' successfully

03-03-2025T12:51:22 - [TEST_STEP][PASSED] - click(findTestObject("Object Repository/Page_CURA Healthcare Service/a_Make Appointment")): Object: 'Object Repository/Page_CURA Healthcare Service/a_Make Appointment' is clicked on

03-03-2025T12:51:25 - [MESSAGE][PASSED] - Object: 'Object Repository/Page_CURA Healthcare Service/a_Make Appointment' is clicked on

03-03-2025T12:51:25 - [TEST_STEP][PASSED] - verifyElementPresent(findTestObject("Object Repository/Page_CURA Healthcare Service/h2_Login"), 0): Object 'Object Repository/Page_CURA Healthcare Service/h2_Login' is present

03-03-2025T12:51:25 - [MESSAGE][WARNING] - Timeout '0' is invalid. Using default page load timeout: '30'

03-03-2025T12:51:26 - [MESSAGE][PASSED] - Object 'Object Repository/Page_CURA Healthcare Service/h2_Login' is present

03-03-2025T12:51:26 - [MESSAGE][PASSED] - Call Test Case 'Test Cases/Click on appointment' successfully

03-03-2025T12:51:26 - [TEST_STEP][PASSED] - setText(findTestObject("Object Repository/Page_CURA Healthcare Service/input_Username_username"), username): Text 'John Doe' is set on object 'Object Repository/Page_CURA Healthcare Service/input_Username_username'

03-03-2025T12:51:27 - [MESSAGE][PASSED] - Text 'John Doe' is set on object 'Object Repository/Page_CURA Healthcare Service/input_Username_username'

03-03-2025T12:51:27 - [TEST_STEP][PASSED] - setEncryptedText(findTestObject("Object Repository/Page_CURA Healthcare Service/input_Password_password"), "g3/DOGG74jC3Flrr3yH+3D/yKbOqqUNM"): Text ****** has been set on object 'Object Repository/Page_CURA Healthcare Service/input_Password_password'

03-03-2025T12:51:27 - [MESSAGE][PASSED] - Text ****** has been set on object 'Object Repository/Page_CURA Healthcare Service/input_Password_password'

03-03-2025T12:51:27 - [TEST_STEP][PASSED] - click(findTestObject("Object Repository/Page_CURA Healthcare Service/button_Login")): Object: 'Object Repository/Page_CURA Healthcare Service/button_Login' is clicked on

03-03-2025T12:51:29 - [MESSAGE][PASSED] - Object: 'Object Repository/Page_CURA Healthcare Service/button_Login' is clicked on

03-03-2025T12:51:29 - [TEST_STEP][PASSED] - click(findTestObject("Object Repository/Page_CURA Healthcare Service/i_CURA Healthcare_fa fa-bars")): Object: 'Object Repository/Page_CURA Healthcare Service/i_CURA Healthcare_fa fa-bars' is clicked on

03-03-2025T12:51:32 - [MESSAGE][PASSED] - Object: 'Object Repository/Page_CURA Healthcare Service/i_CURA Healthcare_fa fa-bars' is clicked on

03-03-2025T12:51:32 - [TEST_STEP][PASSED] - verifyElementPresent(findTestObject("Object Repository/Page_CURA Healthcare Service/a_Logout"), 0): Object 'Object Repository/Page_CURA Healthcare Service/a_Logout' is present

03-03-2025T12:51:32 - [MESSAGE][WARNING] - Timeout '0' is invalid. Using default page load timeout: '30'

03-03-2025T12:51:33 - [MESSAGE][PASSED] - Object 'Object Repository/Page_CURA Healthcare Service/a_Logout' is present

03-03-2025T12:51:33 - [MESSAGE][PASSED] - Call Test Case 'Test Cases/Login positive' successfully

03-03-2025T12:51:33 - [TEST_STEP][PASSED] - selectOptionByValue(findTestObject("Object Repository/Page_CURA Healthcare Service/select_Tokyo CURA Healthcare Center        _5b4107"), "Hongkong CURA Healthcare Center", true): All options with value 'Hongkong CURA Healthcare Center' are selected in object 'Object Repository/Page_CURA Healthcare Service/select_Tokyo CURA Healthcare Center        _5b4107'  using regular expression

03-03-2025T12:51:35 - [MESSAGE][PASSED] - All options with value 'Hongkong CURA Healthcare Center' are selected in object 'Object Repository/Page_CURA Healthcare Service/select_Tokyo CURA Healthcare Center        _5b4107'  using regular expression

03-03-2025T12:51:35 - [TEST_STEP][PASSED] - click(findTestObject("Object Repository/Page_CURA Healthcare Service/input_Apply for hospital readmission_hospit_63901f")): Object: 'Object Repository/Page_CURA Healthcare Service/input_Apply for hospital readmission_hospit_63901f' is clicked on

03-03-2025T12:51:36 - [MESSAGE][PASSED] - Object: 'Object Repository/Page_CURA Healthcare Service/input_Apply for hospital readmission_hospit_63901f' is clicked on

03-03-2025T12:51:36 - [TEST_STEP][PASSED] - click(findTestObject("Object Repository/Page_CURA Healthcare Service/input_Medicaid_programs")): Object: 'Object Repository/Page_CURA Healthcare Service/input_Medicaid_programs' is clicked on

03-03-2025T12:51:37 - [MESSAGE][PASSED] - Object: 'Object Repository/Page_CURA Healthcare Service/input_Medicaid_programs' is clicked on

03-03-2025T12:51:37 - [TEST_STEP][PASSED] - click(findTestObject("Object Repository/Page_CURA Healthcare Service/input_Visit Date (Required)_visit_date")): Object: 'Object Repository/Page_CURA Healthcare Service/input_Visit Date (Required)_visit_date' is clicked on

03-03-2025T12:51:38 - [MESSAGE][PASSED] - Object: 'Object Repository/Page_CURA Healthcare Service/input_Visit Date (Required)_visit_date' is clicked on

03-03-2025T12:51:38 - [TEST_STEP][PASSED] - click(findTestObject("Object Repository/Page_CURA Healthcare Service/th_")): Object: 'Object Repository/Page_CURA Healthcare Service/th_' is clicked on

03-03-2025T12:52:09 - [MESSAGE][INFO] - Unable to find the element located by 'By.xpath: (.//*[normalize-space(text()) and normalize-space(.)='February 2025'])[1]/following::th[1]'. Please recheck the objects properties to make sure the desired element is located. 

03-03-2025T12:52:09 - [MESSAGE][WARNING] - [SELF-HEALING] Failed to find element with id 'Object Repository/Page_CURA Healthcare Service/th_'. Try using Self-healing.

03-03-2025T12:52:12 - [MESSAGE][WARNING] - [SELF-HEALING] The current locator of test object 'Object Repository/Page_CURA Healthcare Service/th_' was broken. Propose an alternative one: '(.//*[normalize-space(text()) and normalize-space(.)=''])[1]/following::th[2]'.

03-03-2025T12:52:13 - [MESSAGE][PASSED] - Object: 'Object Repository/Page_CURA Healthcare Service/th_' is clicked on

03-03-2025T12:52:13 - [TEST_STEP][PASSED] - click(findTestObject("Object Repository/Page_CURA Healthcare Service/td_3")): Object: 'Object Repository/Page_CURA Healthcare Service/td_3' is clicked on

03-03-2025T12:52:15 - [MESSAGE][PASSED] - Object: 'Object Repository/Page_CURA Healthcare Service/td_3' is clicked on

03-03-2025T12:52:15 - [TEST_STEP][PASSED] - setText(findTestObject("Object Repository/Page_CURA Healthcare Service/textarea_Comment_comment"), comments): Text 'No Comments' is set on object 'Object Repository/Page_CURA Healthcare Service/textarea_Comment_comment'

03-03-2025T12:52:16 - [MESSAGE][PASSED] - Text 'No Comments' is set on object 'Object Repository/Page_CURA Healthcare Service/textarea_Comment_comment'

03-03-2025T12:52:16 - [TEST_STEP][PASSED] - click(findTestObject("Object Repository/Page_CURA Healthcare Service/button_Book Appointment")): Object: 'Object Repository/Page_CURA Healthcare Service/button_Book Appointment' is clicked on

03-03-2025T12:52:18 - [MESSAGE][PASSED] - Object: 'Object Repository/Page_CURA Healthcare Service/button_Book Appointment' is clicked on

03-03-2025T12:52:18 - [TEST_STEP][PASSED] - click(findTestObject("Object Repository/Page_CURA Healthcare Service/a_Go to Homepage")): Object: 'Object Repository/Page_CURA Healthcare Service/a_Go to Homepage' is clicked on

03-03-2025T12:52:19 - [MESSAGE][PASSED] - Object: 'Object Repository/Page_CURA Healthcare Service/a_Go to Homepage' is clicked on

03-03-2025T12:52:19 - [TEST_STEP][PASSED] - click(findTestObject("Object Repository/Page_CURA Healthcare Service/a_Make Appointment")): Object: 'Object Repository/Page_CURA Healthcare Service/a_Make Appointment' is clicked on

03-03-2025T12:52:20 - [MESSAGE][PASSED] - Object: 'Object Repository/Page_CURA Healthcare Service/a_Make Appointment' is clicked on

03-03-2025T12:52:20 - [TEST_STEP][PASSED] - selectOptionByValue(findTestObject("Object Repository/Page_CURA Healthcare Service/select_Tokyo CURA Healthcare Center        _5b4107"), "Seoul CURA Healthcare Center", true): All options with value 'Seoul CURA Healthcare Center' are selected in object 'Object Repository/Page_CURA Healthcare Service/select_Tokyo CURA Healthcare Center        _5b4107'  using regular expression

03-03-2025T12:52:21 - [MESSAGE][PASSED] - All options with value 'Seoul CURA Healthcare Center' are selected in object 'Object Repository/Page_CURA Healthcare Service/select_Tokyo CURA Healthcare Center        _5b4107'  using regular expression

03-03-2025T12:52:21 - [TEST_STEP][PASSED] - click(findTestObject("Object Repository/Page_CURA Healthcare Service/div_Apply for hospital readmission")): Object: 'Object Repository/Page_CURA Healthcare Service/div_Apply for hospital readmission' is clicked on

03-03-2025T12:52:22 - [MESSAGE][PASSED] - Object: 'Object Repository/Page_CURA Healthcare Service/div_Apply for hospital readmission' is clicked on

03-03-2025T12:52:22 - [TEST_STEP][PASSED] - click(findTestObject("Object Repository/Page_CURA Healthcare Service/input_Apply for hospital readmission_hospit_63901f")): Object: 'Object Repository/Page_CURA Healthcare Service/input_Apply for hospital readmission_hospit_63901f' is clicked on

03-03-2025T12:52:22 - [MESSAGE][PASSED] - Object: 'Object Repository/Page_CURA Healthcare Service/input_Apply for hospital readmission_hospit_63901f' is clicked on

03-03-2025T12:52:22 - [TEST_STEP][PASSED] - click(findTestObject("Object Repository/Page_CURA Healthcare Service/input_None_programs")): Object: 'Object Repository/Page_CURA Healthcare Service/input_None_programs' is clicked on

03-03-2025T12:52:23 - [MESSAGE][PASSED] - Object: 'Object Repository/Page_CURA Healthcare Service/input_None_programs' is clicked on

03-03-2025T12:52:23 - [TEST_STEP][PASSED] - click(findTestObject("Object Repository/Page_CURA Healthcare Service/input_Visit Date (Required)_visit_date")): Object: 'Object Repository/Page_CURA Healthcare Service/input_Visit Date (Required)_visit_date' is clicked on

03-03-2025T12:52:24 - [MESSAGE][PASSED] - Object: 'Object Repository/Page_CURA Healthcare Service/input_Visit Date (Required)_visit_date' is clicked on

03-03-2025T12:52:24 - [TEST_STEP][PASSED] - click(findTestObject("Object Repository/Page_CURA Healthcare Service/td_3_1")): Object: 'Object Repository/Page_CURA Healthcare Service/td_3_1' is clicked on

03-03-2025T12:52:25 - [MESSAGE][PASSED] - Object: 'Object Repository/Page_CURA Healthcare Service/td_3_1' is clicked on

03-03-2025T12:52:25 - [TEST_STEP][PASSED] - setText(findTestObject("Object Repository/Page_CURA Healthcare Service/textarea_Comment_comment"), comments1): Text '"make a appointment"' is set on object 'Object Repository/Page_CURA Healthcare Service/textarea_Comment_comment'

03-03-2025T12:52:26 - [MESSAGE][PASSED] - Text '"make a appointment"' is set on object 'Object Repository/Page_CURA Healthcare Service/textarea_Comment_comment'

03-03-2025T12:52:26 - [TEST_STEP][PASSED] - click(findTestObject("Object Repository/Page_CURA Healthcare Service/button_Book Appointment")): Object: 'Object Repository/Page_CURA Healthcare Service/button_Book Appointment' is clicked on

03-03-2025T12:52:27 - [MESSAGE][PASSED] - Object: 'Object Repository/Page_CURA Healthcare Service/button_Book Appointment' is clicked on

03-03-2025T12:52:27 - [TEST_STEP][PASSED] - verifyElementText(findTestObject("Object Repository/Page_CURA Healthcare Service/h2_Appointment Confirmation"), "Appointment Confirmation"): Actual text and expected text of test object 'Object Repository/Page_CURA Healthcare Service/h2_Appointment Confirmation' are matched.

03-03-2025T12:52:28 - [MESSAGE][PASSED] - Actual text and expected text of test object 'Object Repository/Page_CURA Healthcare Service/h2_Appointment Confirmation' are matched.

03-03-2025T12:52:28 - [MESSAGE][INFO] - 

03-03-2025T12:52:28 - [MESSAGE][INFO] - ===================== Self-healing Report ====================

03-03-2025T12:52:28 - [MESSAGE][INFO] - One of the failed test object locators has been recovered by Self-healing. Please refer to the Self-healing Insights tab for more details.

03-03-2025T12:52:28 - [MESSAGE][INFO] - To learn more about Self-healing, please read https://docs.katalon.com/katalon-studio/docs/self-healing.html

03-03-2025T12:52:28 - [MESSAGE][INFO] - ==============================================================

03-03-2025T12:52:28 - [MESSAGE][PASSED] - Call Test Case 'Test Cases/Test Case21' successfully

03-03-2025T12:52:28 - [TEST_STEP][PASSED] - click(findTestObject("Object Repository/Page_CURA Healthcare Service/a_Go to Homepage")): Object: 'Object Repository/Page_CURA Healthcare Service/a_Go to Homepage' is clicked on

03-03-2025T12:52:30 - [MESSAGE][PASSED] - Object: 'Object Repository/Page_CURA Healthcare Service/a_Go to Homepage' is clicked on

03-03-2025T12:52:30 - [TEST_STEP][PASSED] - selectOptionByValue(findTestObject("Object Repository/Page_CURA Healthcare Service/select_Tokyo CURA Healthcare Center        _5b4107"), "Seoul CURA Healthcare Center", true): All options with value 'Seoul CURA Healthcare Center' are selected in object 'Object Repository/Page_CURA Healthcare Service/select_Tokyo CURA Healthcare Center        _5b4107'  using regular expression

03-03-2025T12:52:32 - [MESSAGE][PASSED] - All options with value 'Seoul CURA Healthcare Center' are selected in object 'Object Repository/Page_CURA Healthcare Service/select_Tokyo CURA Healthcare Center        _5b4107'  using regular expression

03-03-2025T12:52:32 - [TEST_STEP][PASSED] - click(findTestObject("Object Repository/Page_CURA Healthcare Service/input_Apply for hospital readmission_hospit_63901f")): Object: 'Object Repository/Page_CURA Healthcare Service/input_Apply for hospital readmission_hospit_63901f' is clicked on

03-03-2025T12:52:33 - [MESSAGE][PASSED] - Object: 'Object Repository/Page_CURA Healthcare Service/input_Apply for hospital readmission_hospit_63901f' is clicked on

03-03-2025T12:52:33 - [TEST_STEP][PASSED] - click(findTestObject("Object Repository/Page_CURA Healthcare Service/input_None_programs")): Object: 'Object Repository/Page_CURA Healthcare Service/input_None_programs' is clicked on

03-03-2025T12:52:34 - [MESSAGE][PASSED] - Object: 'Object Repository/Page_CURA Healthcare Service/input_None_programs' is clicked on

03-03-2025T12:52:34 - [TEST_STEP][PASSED] - click(findTestObject("Object Repository/Page_CURA Healthcare Service/input_Visit Date (Required)_visit_date")): Object: 'Object Repository/Page_CURA Healthcare Service/input_Visit Date (Required)_visit_date' is clicked on

03-03-2025T12:52:35 - [MESSAGE][PASSED] - Object: 'Object Repository/Page_CURA Healthcare Service/input_Visit Date (Required)_visit_date' is clicked on

03-03-2025T12:52:35 - [TEST_STEP][PASSED] - click(findTestObject("Object Repository/Page_CURA Healthcare Service/td_28")): Object: 'Object Repository/Page_CURA Healthcare Service/td_28' is clicked on

03-03-2025T12:52:36 - [MESSAGE][PASSED] - Object: 'Object Repository/Page_CURA Healthcare Service/td_28' is clicked on

03-03-2025T12:52:36 - [TEST_STEP][PASSED] - click(findTestObject("Object Repository/Page_CURA Healthcare Service/button_Book Appointment")): Object: 'Object Repository/Page_CURA Healthcare Service/button_Book Appointment' is clicked on

03-03-2025T12:52:38 - [MESSAGE][PASSED] - Object: 'Object Repository/Page_CURA Healthcare Service/button_Book Appointment' is clicked on

03-03-2025T12:52:38 - [TEST_STEP][PASSED] - verifyElementPresent(findTestObject("Object Repository/Page_CURA Healthcare Service/p_Seoul CURA Healthcare Center"), 0): Object 'Object Repository/Page_CURA Healthcare Service/p_Seoul CURA Healthcare Center' is present

03-03-2025T12:52:38 - [MESSAGE][WARNING] - Timeout '0' is invalid. Using default page load timeout: '30'

03-03-2025T12:52:38 - [MESSAGE][PASSED] - Object 'Object Repository/Page_CURA Healthcare Service/p_Seoul CURA Healthcare Center' is present

03-03-2025T12:52:38 - [TEST_STEP][PASSED] - verifyElementPresent(findTestObject("Object Repository/Page_CURA Healthcare Service/p_28022025"), 0): Object 'Object Repository/Page_CURA Healthcare Service/p_28022025' is present

03-03-2025T12:52:38 - [MESSAGE][WARNING] - Timeout '0' is invalid. Using default page load timeout: '30'

03-03-2025T12:52:39 - [MESSAGE][PASSED] - Object 'Object Repository/Page_CURA Healthcare Service/p_28022025' is present]]></system-out>
         <system-err><![CDATA[]]></system-err>
      </testcase>
      <testcase name="Test Cases/Orange hrm verify header" time="57.447" classname="Test Cases/Orange hrm verify header" status="PASSED">
         <system-out><![CDATA[03-03-2025T12:52:39 - [TEST_CASE][PASSED] - Test Cases/Orange hrm verify header: Test Cases/Orange hrm verify header

03-03-2025T12:52:39 - [TEST_STEP][PASSED] - openBrowser(""): Browser is opened with url: ''

03-03-2025T12:52:39 - [MESSAGE][WARNING] - A browser is already opened. Closing browser and opening a new one

03-03-2025T12:53:16 - [MESSAGE][INFO] - Starting 'Chrome' driver

03-03-2025T12:53:16 - [MESSAGE][INFO] - Action delay is set to 0 milliseconds

03-03-2025T12:53:26 - [MESSAGE][PASSED] - Browser is opened with url: ''

03-03-2025T12:53:26 - [TEST_STEP][PASSED] - navigateToUrl("https://mamtabele-trials715.orangehrmlive.com/"): Navigate to 'https://mamtabele-trials715.orangehrmlive.com/' successfully

03-03-2025T12:53:34 - [MESSAGE][PASSED] - Navigate to 'https://mamtabele-trials715.orangehrmlive.com/' successfully

03-03-2025T12:53:34 - [TEST_STEP][PASSED] - rightClick(findTestObject("Object Repository/Page_OrangeHRM/img")): Object: 'Object Repository/Page_OrangeHRM/img' is right clicked on

03-03-2025T12:53:35 - [MESSAGE][PASSED] - Object: 'Object Repository/Page_OrangeHRM/img' is right clicked on

03-03-2025T12:53:35 - [TEST_STEP][PASSED] - verifyElementText(findTestObject("Object Repository/Page_OrangeHRM/img"), ""): Actual text and expected text of test object 'Object Repository/Page_OrangeHRM/img' are matched.

03-03-2025T12:53:36 - [MESSAGE][PASSED] - Actual text and expected text of test object 'Object Repository/Page_OrangeHRM/img' are matched.]]></system-out>
         <system-err><![CDATA[]]></system-err>
      </testcase>
      <testcase name="Test Cases/Test Case21" time="93.732" classname="Test Cases/Test Case21" status="PASSED">
         <properties>
            <property name="data_binding"><![CDATA[{"(Default) comme...":"\"make a appointment\""}]]></property>
         </properties>
         <system-out><![CDATA[03-03-2025T12:53:36 - [TEST_CASE][PASSED] - Test Cases/Test Case21: Test Cases/Test Case21

03-03-2025T12:53:38 - [TEST_STEP][PASSED] - callTestCase(findTestCase("Login positive"), ["username":"John Doe"], STOP_ON_FAILURE): Call Test Case 'Test Cases/Login positive' successfully

03-03-2025T12:53:38 - [TEST_CASE][PASSED] - Test Cases/Login positive: Test Cases/Login positive

03-03-2025T12:53:39 - [TEST_STEP][PASSED] - callTestCase(findTestCase("Click on appointment"), [:], STOP_ON_FAILURE): Call Test Case 'Test Cases/Click on appointment' successfully

03-03-2025T12:53:39 - [TEST_CASE][PASSED] - Test Cases/Click on appointment: Test Cases/Click on appointment

03-03-2025T12:53:39 - [TEST_STEP][PASSED] - openBrowser(""): Browser is opened with url: ''

03-03-2025T12:53:39 - [MESSAGE][WARNING] - A browser is already opened. Closing browser and opening a new one

03-03-2025T12:53:41 - [MESSAGE][INFO] - Starting 'Chrome' driver

03-03-2025T12:53:41 - [MESSAGE][INFO] - Action delay is set to 0 milliseconds

03-03-2025T12:53:57 - [MESSAGE][PASSED] - Browser is opened with url: ''

03-03-2025T12:53:57 - [TEST_STEP][PASSED] - navigateToUrl("https://katalon-demo-cura.herokuapp.com/"): Navigate to 'https://katalon-demo-cura.herokuapp.com/' successfully

03-03-2025T12:53:58 - [MESSAGE][PASSED] - Navigate to 'https://katalon-demo-cura.herokuapp.com/' successfully

03-03-2025T12:53:58 - [TEST_STEP][PASSED] - click(findTestObject("Object Repository/Page_CURA Healthcare Service/a_Make Appointment")): Object: 'Object Repository/Page_CURA Healthcare Service/a_Make Appointment' is clicked on

03-03-2025T12:54:03 - [MESSAGE][PASSED] - Object: 'Object Repository/Page_CURA Healthcare Service/a_Make Appointment' is clicked on

03-03-2025T12:54:03 - [TEST_STEP][PASSED] - verifyElementPresent(findTestObject("Object Repository/Page_CURA Healthcare Service/h2_Login"), 0): Object 'Object Repository/Page_CURA Healthcare Service/h2_Login' is present

03-03-2025T12:54:04 - [MESSAGE][WARNING] - Timeout '0' is invalid. Using default page load timeout: '30'

03-03-2025T12:54:04 - [MESSAGE][PASSED] - Object 'Object Repository/Page_CURA Healthcare Service/h2_Login' is present

03-03-2025T12:54:04 - [MESSAGE][PASSED] - Call Test Case 'Test Cases/Click on appointment' successfully

03-03-2025T12:54:04 - [TEST_STEP][PASSED] - setText(findTestObject("Object Repository/Page_CURA Healthcare Service/input_Username_username"), username): Text 'John Doe' is set on object 'Object Repository/Page_CURA Healthcare Service/input_Username_username'

03-03-2025T12:54:05 - [MESSAGE][PASSED] - Text 'John Doe' is set on object 'Object Repository/Page_CURA Healthcare Service/input_Username_username'

03-03-2025T12:54:05 - [TEST_STEP][PASSED] - setEncryptedText(findTestObject("Object Repository/Page_CURA Healthcare Service/input_Password_password"), "g3/DOGG74jC3Flrr3yH+3D/yKbOqqUNM"): Text ****** has been set on object 'Object Repository/Page_CURA Healthcare Service/input_Password_password'

03-03-2025T12:54:06 - [MESSAGE][PASSED] - Text ****** has been set on object 'Object Repository/Page_CURA Healthcare Service/input_Password_password'

03-03-2025T12:54:06 - [TEST_STEP][PASSED] - click(findTestObject("Object Repository/Page_CURA Healthcare Service/button_Login")): Object: 'Object Repository/Page_CURA Healthcare Service/button_Login' is clicked on

03-03-2025T12:54:08 - [MESSAGE][PASSED] - Object: 'Object Repository/Page_CURA Healthcare Service/button_Login' is clicked on

03-03-2025T12:54:08 - [TEST_STEP][PASSED] - click(findTestObject("Object Repository/Page_CURA Healthcare Service/i_CURA Healthcare_fa fa-bars")): Object: 'Object Repository/Page_CURA Healthcare Service/i_CURA Healthcare_fa fa-bars' is clicked on

03-03-2025T12:54:09 - [MESSAGE][PASSED] - Object: 'Object Repository/Page_CURA Healthcare Service/i_CURA Healthcare_fa fa-bars' is clicked on

03-03-2025T12:54:09 - [TEST_STEP][PASSED] - verifyElementPresent(findTestObject("Object Repository/Page_CURA Healthcare Service/a_Logout"), 0): Object 'Object Repository/Page_CURA Healthcare Service/a_Logout' is present

03-03-2025T12:54:09 - [MESSAGE][WARNING] - Timeout '0' is invalid. Using default page load timeout: '30'

03-03-2025T12:54:10 - [MESSAGE][PASSED] - Object 'Object Repository/Page_CURA Healthcare Service/a_Logout' is present

03-03-2025T12:54:10 - [MESSAGE][PASSED] - Call Test Case 'Test Cases/Login positive' successfully

03-03-2025T12:54:10 - [TEST_STEP][PASSED] - selectOptionByValue(findTestObject("Object Repository/Page_CURA Healthcare Service/select_Tokyo CURA Healthcare Center        _5b4107"), "Hongkong CURA Healthcare Center", true): All options with value 'Hongkong CURA Healthcare Center' are selected in object 'Object Repository/Page_CURA Healthcare Service/select_Tokyo CURA Healthcare Center        _5b4107'  using regular expression

03-03-2025T12:54:12 - [MESSAGE][PASSED] - All options with value 'Hongkong CURA Healthcare Center' are selected in object 'Object Repository/Page_CURA Healthcare Service/select_Tokyo CURA Healthcare Center        _5b4107'  using regular expression

03-03-2025T12:54:12 - [TEST_STEP][PASSED] - click(findTestObject("Object Repository/Page_CURA Healthcare Service/input_Apply for hospital readmission_hospit_63901f")): Object: 'Object Repository/Page_CURA Healthcare Service/input_Apply for hospital readmission_hospit_63901f' is clicked on

03-03-2025T12:54:12 - [MESSAGE][PASSED] - Object: 'Object Repository/Page_CURA Healthcare Service/input_Apply for hospital readmission_hospit_63901f' is clicked on

03-03-2025T12:54:12 - [TEST_STEP][PASSED] - click(findTestObject("Object Repository/Page_CURA Healthcare Service/input_Medicaid_programs")): Object: 'Object Repository/Page_CURA Healthcare Service/input_Medicaid_programs' is clicked on

03-03-2025T12:54:14 - [MESSAGE][PASSED] - Object: 'Object Repository/Page_CURA Healthcare Service/input_Medicaid_programs' is clicked on

03-03-2025T12:54:15 - [TEST_STEP][PASSED] - click(findTestObject("Object Repository/Page_CURA Healthcare Service/input_Visit Date (Required)_visit_date")): Object: 'Object Repository/Page_CURA Healthcare Service/input_Visit Date (Required)_visit_date' is clicked on

03-03-2025T12:54:16 - [MESSAGE][PASSED] - Object: 'Object Repository/Page_CURA Healthcare Service/input_Visit Date (Required)_visit_date' is clicked on

03-03-2025T12:54:16 - [TEST_STEP][PASSED] - click(findTestObject("Object Repository/Page_CURA Healthcare Service/th_")): Object: 'Object Repository/Page_CURA Healthcare Service/th_' is clicked on

03-03-2025T12:54:48 - [MESSAGE][INFO] - Unable to find the element located by 'By.xpath: (.//*[normalize-space(text()) and normalize-space(.)='February 2025'])[1]/following::th[1]'. Please recheck the objects properties to make sure the desired element is located. 

03-03-2025T12:54:48 - [MESSAGE][WARNING] - [SELF-HEALING] Failed to find element with id 'Object Repository/Page_CURA Healthcare Service/th_'. Try using Self-healing.

03-03-2025T12:54:49 - [MESSAGE][WARNING] - [SELF-HEALING] The current locator of test object 'Object Repository/Page_CURA Healthcare Service/th_' was broken. Propose an alternative one: '(.//*[normalize-space(text()) and normalize-space(.)=''])[1]/following::th[2]'.

03-03-2025T12:54:51 - [MESSAGE][PASSED] - Object: 'Object Repository/Page_CURA Healthcare Service/th_' is clicked on

03-03-2025T12:54:51 - [TEST_STEP][PASSED] - click(findTestObject("Object Repository/Page_CURA Healthcare Service/td_3")): Object: 'Object Repository/Page_CURA Healthcare Service/td_3' is clicked on

03-03-2025T12:54:52 - [MESSAGE][PASSED] - Object: 'Object Repository/Page_CURA Healthcare Service/td_3' is clicked on

03-03-2025T12:54:52 - [TEST_STEP][PASSED] - setText(findTestObject("Object Repository/Page_CURA Healthcare Service/textarea_Comment_comment"), comments): Text 'No Comments' is set on object 'Object Repository/Page_CURA Healthcare Service/textarea_Comment_comment'

03-03-2025T12:54:54 - [MESSAGE][PASSED] - Text 'No Comments' is set on object 'Object Repository/Page_CURA Healthcare Service/textarea_Comment_comment'

03-03-2025T12:54:54 - [TEST_STEP][PASSED] - click(findTestObject("Object Repository/Page_CURA Healthcare Service/button_Book Appointment")): Object: 'Object Repository/Page_CURA Healthcare Service/button_Book Appointment' is clicked on

03-03-2025T12:54:57 - [MESSAGE][PASSED] - Object: 'Object Repository/Page_CURA Healthcare Service/button_Book Appointment' is clicked on

03-03-2025T12:54:57 - [TEST_STEP][PASSED] - click(findTestObject("Object Repository/Page_CURA Healthcare Service/a_Go to Homepage")): Object: 'Object Repository/Page_CURA Healthcare Service/a_Go to Homepage' is clicked on

03-03-2025T12:54:59 - [MESSAGE][PASSED] - Object: 'Object Repository/Page_CURA Healthcare Service/a_Go to Homepage' is clicked on

03-03-2025T12:54:59 - [TEST_STEP][PASSED] - click(findTestObject("Object Repository/Page_CURA Healthcare Service/a_Make Appointment")): Object: 'Object Repository/Page_CURA Healthcare Service/a_Make Appointment' is clicked on

03-03-2025T12:54:59 - [MESSAGE][PASSED] - Object: 'Object Repository/Page_CURA Healthcare Service/a_Make Appointment' is clicked on

03-03-2025T12:54:59 - [TEST_STEP][PASSED] - selectOptionByValue(findTestObject("Object Repository/Page_CURA Healthcare Service/select_Tokyo CURA Healthcare Center        _5b4107"), "Seoul CURA Healthcare Center", true): All options with value 'Seoul CURA Healthcare Center' are selected in object 'Object Repository/Page_CURA Healthcare Service/select_Tokyo CURA Healthcare Center        _5b4107'  using regular expression

03-03-2025T12:55:02 - [MESSAGE][PASSED] - All options with value 'Seoul CURA Healthcare Center' are selected in object 'Object Repository/Page_CURA Healthcare Service/select_Tokyo CURA Healthcare Center        _5b4107'  using regular expression

03-03-2025T12:55:02 - [TEST_STEP][PASSED] - click(findTestObject("Object Repository/Page_CURA Healthcare Service/div_Apply for hospital readmission")): Object: 'Object Repository/Page_CURA Healthcare Service/div_Apply for hospital readmission' is clicked on

03-03-2025T12:55:02 - [MESSAGE][PASSED] - Object: 'Object Repository/Page_CURA Healthcare Service/div_Apply for hospital readmission' is clicked on

03-03-2025T12:55:02 - [TEST_STEP][PASSED] - click(findTestObject("Object Repository/Page_CURA Healthcare Service/input_Apply for hospital readmission_hospit_63901f")): Object: 'Object Repository/Page_CURA Healthcare Service/input_Apply for hospital readmission_hospit_63901f' is clicked on

03-03-2025T12:55:03 - [MESSAGE][PASSED] - Object: 'Object Repository/Page_CURA Healthcare Service/input_Apply for hospital readmission_hospit_63901f' is clicked on

03-03-2025T12:55:03 - [TEST_STEP][PASSED] - click(findTestObject("Object Repository/Page_CURA Healthcare Service/input_None_programs")): Object: 'Object Repository/Page_CURA Healthcare Service/input_None_programs' is clicked on

03-03-2025T12:55:04 - [MESSAGE][PASSED] - Object: 'Object Repository/Page_CURA Healthcare Service/input_None_programs' is clicked on

03-03-2025T12:55:04 - [TEST_STEP][PASSED] - click(findTestObject("Object Repository/Page_CURA Healthcare Service/input_Visit Date (Required)_visit_date")): Object: 'Object Repository/Page_CURA Healthcare Service/input_Visit Date (Required)_visit_date' is clicked on

03-03-2025T12:55:05 - [MESSAGE][PASSED] - Object: 'Object Repository/Page_CURA Healthcare Service/input_Visit Date (Required)_visit_date' is clicked on

03-03-2025T12:55:05 - [TEST_STEP][PASSED] - click(findTestObject("Object Repository/Page_CURA Healthcare Service/td_3_1")): Object: 'Object Repository/Page_CURA Healthcare Service/td_3_1' is clicked on

03-03-2025T12:55:06 - [MESSAGE][PASSED] - Object: 'Object Repository/Page_CURA Healthcare Service/td_3_1' is clicked on

03-03-2025T12:55:06 - [TEST_STEP][PASSED] - setText(findTestObject("Object Repository/Page_CURA Healthcare Service/textarea_Comment_comment"), comments1): Text '"make a appointment"' is set on object 'Object Repository/Page_CURA Healthcare Service/textarea_Comment_comment'

03-03-2025T12:55:07 - [MESSAGE][PASSED] - Text '"make a appointment"' is set on object 'Object Repository/Page_CURA Healthcare Service/textarea_Comment_comment'

03-03-2025T12:55:07 - [TEST_STEP][PASSED] - click(findTestObject("Object Repository/Page_CURA Healthcare Service/button_Book Appointment")): Object: 'Object Repository/Page_CURA Healthcare Service/button_Book Appointment' is clicked on

03-03-2025T12:55:09 - [MESSAGE][PASSED] - Object: 'Object Repository/Page_CURA Healthcare Service/button_Book Appointment' is clicked on

03-03-2025T12:55:09 - [TEST_STEP][PASSED] - verifyElementText(findTestObject("Object Repository/Page_CURA Healthcare Service/h2_Appointment Confirmation"), "Appointment Confirmation"): Actual text and expected text of test object 'Object Repository/Page_CURA Healthcare Service/h2_Appointment Confirmation' are matched.

03-03-2025T12:55:10 - [MESSAGE][PASSED] - Actual text and expected text of test object 'Object Repository/Page_CURA Healthcare Service/h2_Appointment Confirmation' are matched.]]></system-out>
         <system-err><![CDATA[]]></system-err>
      </testcase>
      <testcase name="Test Cases/Test case26" time="63.075" classname="Test Cases/Test case26" status="PASSED">
         <system-out><![CDATA[03-03-2025T12:55:10 - [TEST_CASE][PASSED] - Test Cases/Test case26: Test Cases/Test case26

03-03-2025T12:55:11 - [TEST_STEP][PASSED] - callTestCase(findTestCase("Click on appointment"), [:], STOP_ON_FAILURE): Call Test Case 'Test Cases/Click on appointment' successfully

03-03-2025T12:55:12 - [TEST_CASE][PASSED] - Test Cases/Click on appointment: Test Cases/Click on appointment

03-03-2025T12:55:12 - [TEST_STEP][PASSED] - openBrowser(""): Browser is opened with url: ''

03-03-2025T12:55:12 - [MESSAGE][WARNING] - A browser is already opened. Closing browser and opening a new one

03-03-2025T12:55:47 - [MESSAGE][INFO] - Starting 'Chrome' driver

03-03-2025T12:55:47 - [MESSAGE][INFO] - Action delay is set to 0 milliseconds

03-03-2025T12:56:06 - [MESSAGE][PASSED] - Browser is opened with url: ''

03-03-2025T12:56:06 - [TEST_STEP][PASSED] - navigateToUrl("https://katalon-demo-cura.herokuapp.com/"): Navigate to 'https://katalon-demo-cura.herokuapp.com/' successfully

03-03-2025T12:56:08 - [MESSAGE][PASSED] - Navigate to 'https://katalon-demo-cura.herokuapp.com/' successfully

03-03-2025T12:56:08 - [TEST_STEP][PASSED] - click(findTestObject("Object Repository/Page_CURA Healthcare Service/a_Make Appointment")): Object: 'Object Repository/Page_CURA Healthcare Service/a_Make Appointment' is clicked on

03-03-2025T12:56:12 - [MESSAGE][PASSED] - Object: 'Object Repository/Page_CURA Healthcare Service/a_Make Appointment' is clicked on

03-03-2025T12:56:12 - [TEST_STEP][PASSED] - verifyElementPresent(findTestObject("Object Repository/Page_CURA Healthcare Service/h2_Login"), 0): Object 'Object Repository/Page_CURA Healthcare Service/h2_Login' is present

03-03-2025T12:56:12 - [MESSAGE][WARNING] - Timeout '0' is invalid. Using default page load timeout: '30'

03-03-2025T12:56:13 - [MESSAGE][PASSED] - Object 'Object Repository/Page_CURA Healthcare Service/h2_Login' is present

03-03-2025T12:56:13 - [MESSAGE][PASSED] - Call Test Case 'Test Cases/Click on appointment' successfully]]></system-out>
         <system-err><![CDATA[]]></system-err>
      </testcase>
      <testcase name="Test Cases/TestCase 25" time="29.968" classname="Test Cases/TestCase 25" status="PASSED">
         <system-out><![CDATA[03-03-2025T12:56:13 - [TEST_CASE][PASSED] - Test Cases/TestCase 25: Test Cases/TestCase 25

03-03-2025T12:56:15 - [TEST_STEP][PASSED] - callTestCase(findTestCase("Login positive"), ["username":"John Doe"], STOP_ON_FAILURE): Call Test Case 'Test Cases/Login positive' successfully

03-03-2025T12:56:15 - [TEST_CASE][PASSED] - Test Cases/Login positive: Test Cases/Login positive

03-03-2025T12:56:15 - [TEST_STEP][PASSED] - callTestCase(findTestCase("Click on appointment"), [:], STOP_ON_FAILURE): Call Test Case 'Test Cases/Click on appointment' successfully

03-03-2025T12:56:15 - [TEST_CASE][PASSED] - Test Cases/Click on appointment: Test Cases/Click on appointment

03-03-2025T12:56:15 - [TEST_STEP][PASSED] - openBrowser(""): Browser is opened with url: ''

03-03-2025T12:56:15 - [MESSAGE][WARNING] - A browser is already opened. Closing browser and opening a new one

03-03-2025T12:56:20 - [MESSAGE][INFO] - Starting 'Chrome' driver

03-03-2025T12:56:20 - [MESSAGE][INFO] - Action delay is set to 0 milliseconds

03-03-2025T12:56:31 - [MESSAGE][PASSED] - Browser is opened with url: ''

03-03-2025T12:56:31 - [TEST_STEP][PASSED] - navigateToUrl("https://katalon-demo-cura.herokuapp.com/"): Navigate to 'https://katalon-demo-cura.herokuapp.com/' successfully

03-03-2025T12:56:33 - [MESSAGE][PASSED] - Navigate to 'https://katalon-demo-cura.herokuapp.com/' successfully

03-03-2025T12:56:33 - [TEST_STEP][PASSED] - click(findTestObject("Object Repository/Page_CURA Healthcare Service/a_Make Appointment")): Object: 'Object Repository/Page_CURA Healthcare Service/a_Make Appointment' is clicked on

03-03-2025T12:56:35 - [MESSAGE][PASSED] - Object: 'Object Repository/Page_CURA Healthcare Service/a_Make Appointment' is clicked on

03-03-2025T12:56:35 - [TEST_STEP][PASSED] - verifyElementPresent(findTestObject("Object Repository/Page_CURA Healthcare Service/h2_Login"), 0): Object 'Object Repository/Page_CURA Healthcare Service/h2_Login' is present

03-03-2025T12:56:35 - [MESSAGE][WARNING] - Timeout '0' is invalid. Using default page load timeout: '30'

03-03-2025T12:56:35 - [MESSAGE][PASSED] - Object 'Object Repository/Page_CURA Healthcare Service/h2_Login' is present

03-03-2025T12:56:35 - [MESSAGE][PASSED] - Call Test Case 'Test Cases/Click on appointment' successfully

03-03-2025T12:56:35 - [TEST_STEP][PASSED] - setText(findTestObject("Object Repository/Page_CURA Healthcare Service/input_Username_username"), username): Text 'John Doe' is set on object 'Object Repository/Page_CURA Healthcare Service/input_Username_username'

03-03-2025T12:56:36 - [MESSAGE][PASSED] - Text 'John Doe' is set on object 'Object Repository/Page_CURA Healthcare Service/input_Username_username'

03-03-2025T12:56:36 - [TEST_STEP][PASSED] - setEncryptedText(findTestObject("Object Repository/Page_CURA Healthcare Service/input_Password_password"), "g3/DOGG74jC3Flrr3yH+3D/yKbOqqUNM"): Text ****** has been set on object 'Object Repository/Page_CURA Healthcare Service/input_Password_password'

03-03-2025T12:56:37 - [MESSAGE][PASSED] - Text ****** has been set on object 'Object Repository/Page_CURA Healthcare Service/input_Password_password'

03-03-2025T12:56:37 - [TEST_STEP][PASSED] - click(findTestObject("Object Repository/Page_CURA Healthcare Service/button_Login")): Object: 'Object Repository/Page_CURA Healthcare Service/button_Login' is clicked on

03-03-2025T12:56:41 - [MESSAGE][PASSED] - Object: 'Object Repository/Page_CURA Healthcare Service/button_Login' is clicked on

03-03-2025T12:56:41 - [TEST_STEP][PASSED] - click(findTestObject("Object Repository/Page_CURA Healthcare Service/i_CURA Healthcare_fa fa-bars")): Object: 'Object Repository/Page_CURA Healthcare Service/i_CURA Healthcare_fa fa-bars' is clicked on

03-03-2025T12:56:43 - [MESSAGE][PASSED] - Object: 'Object Repository/Page_CURA Healthcare Service/i_CURA Healthcare_fa fa-bars' is clicked on

03-03-2025T12:56:43 - [TEST_STEP][PASSED] - verifyElementPresent(findTestObject("Object Repository/Page_CURA Healthcare Service/a_Logout"), 0): Object 'Object Repository/Page_CURA Healthcare Service/a_Logout' is present

03-03-2025T12:56:43 - [MESSAGE][WARNING] - Timeout '0' is invalid. Using default page load timeout: '30'

03-03-2025T12:56:43 - [MESSAGE][PASSED] - Object 'Object Repository/Page_CURA Healthcare Service/a_Logout' is present

03-03-2025T12:56:43 - [MESSAGE][PASSED] - Call Test Case 'Test Cases/Login positive' successfully]]></system-out>
         <system-err><![CDATA[]]></system-err>
      </testcase>
      <testcase name="Test Cases/Verify appointment page" time="49.63" classname="Test Cases/Verify appointment page" status="PASSED">
         <system-out><![CDATA[03-03-2025T12:56:43 - [TEST_CASE][PASSED] - Test Cases/Verify appointment page: Test Cases/Verify appointment page

03-03-2025T12:56:44 - [TEST_STEP][PASSED] - callTestCase(findTestCase("Login positive"), [:], STOP_ON_FAILURE): Call Test Case 'Test Cases/Login positive' successfully

03-03-2025T12:56:44 - [TEST_CASE][PASSED] - Test Cases/Login positive: Test Cases/Login positive

03-03-2025T12:56:45 - [TEST_STEP][PASSED] - callTestCase(findTestCase("Click on appointment"), [:], STOP_ON_FAILURE): Call Test Case 'Test Cases/Click on appointment' successfully

03-03-2025T12:56:45 - [TEST_CASE][PASSED] - Test Cases/Click on appointment: Test Cases/Click on appointment

03-03-2025T12:56:45 - [TEST_STEP][PASSED] - openBrowser(""): Browser is opened with url: ''

03-03-2025T12:56:45 - [MESSAGE][WARNING] - A browser is already opened. Closing browser and opening a new one

03-03-2025T12:56:55 - [MESSAGE][INFO] - Starting 'Chrome' driver

03-03-2025T12:56:55 - [MESSAGE][INFO] - Action delay is set to 0 milliseconds

03-03-2025T12:57:14 - [MESSAGE][PASSED] - Browser is opened with url: ''

03-03-2025T12:57:14 - [TEST_STEP][PASSED] - navigateToUrl("https://katalon-demo-cura.herokuapp.com/"): Navigate to 'https://katalon-demo-cura.herokuapp.com/' successfully

03-03-2025T12:57:16 - [MESSAGE][PASSED] - Navigate to 'https://katalon-demo-cura.herokuapp.com/' successfully

03-03-2025T12:57:16 - [TEST_STEP][PASSED] - click(findTestObject("Object Repository/Page_CURA Healthcare Service/a_Make Appointment")): Object: 'Object Repository/Page_CURA Healthcare Service/a_Make Appointment' is clicked on

03-03-2025T12:57:25 - [MESSAGE][PASSED] - Object: 'Object Repository/Page_CURA Healthcare Service/a_Make Appointment' is clicked on

03-03-2025T12:57:25 - [TEST_STEP][PASSED] - verifyElementPresent(findTestObject("Object Repository/Page_CURA Healthcare Service/h2_Login"), 0): Object 'Object Repository/Page_CURA Healthcare Service/h2_Login' is present

03-03-2025T12:57:25 - [MESSAGE][WARNING] - Timeout '0' is invalid. Using default page load timeout: '30'

03-03-2025T12:57:26 - [MESSAGE][PASSED] - Object 'Object Repository/Page_CURA Healthcare Service/h2_Login' is present

03-03-2025T12:57:26 - [MESSAGE][PASSED] - Call Test Case 'Test Cases/Click on appointment' successfully

03-03-2025T12:57:26 - [TEST_STEP][PASSED] - setText(findTestObject("Object Repository/Page_CURA Healthcare Service/input_Username_username"), username): Text 'John Doe' is set on object 'Object Repository/Page_CURA Healthcare Service/input_Username_username'

03-03-2025T12:57:27 - [MESSAGE][PASSED] - Text 'John Doe' is set on object 'Object Repository/Page_CURA Healthcare Service/input_Username_username'

03-03-2025T12:57:27 - [TEST_STEP][PASSED] - setEncryptedText(findTestObject("Object Repository/Page_CURA Healthcare Service/input_Password_password"), "g3/DOGG74jC3Flrr3yH+3D/yKbOqqUNM"): Text ****** has been set on object 'Object Repository/Page_CURA Healthcare Service/input_Password_password'

03-03-2025T12:57:28 - [MESSAGE][PASSED] - Text ****** has been set on object 'Object Repository/Page_CURA Healthcare Service/input_Password_password'

03-03-2025T12:57:28 - [TEST_STEP][PASSED] - click(findTestObject("Object Repository/Page_CURA Healthcare Service/button_Login")): Object: 'Object Repository/Page_CURA Healthcare Service/button_Login' is clicked on

03-03-2025T12:57:32 - [MESSAGE][PASSED] - Object: 'Object Repository/Page_CURA Healthcare Service/button_Login' is clicked on

03-03-2025T12:57:32 - [TEST_STEP][PASSED] - click(findTestObject("Object Repository/Page_CURA Healthcare Service/i_CURA Healthcare_fa fa-bars")): Object: 'Object Repository/Page_CURA Healthcare Service/i_CURA Healthcare_fa fa-bars' is clicked on

03-03-2025T12:57:32 - [MESSAGE][PASSED] - Object: 'Object Repository/Page_CURA Healthcare Service/i_CURA Healthcare_fa fa-bars' is clicked on

03-03-2025T12:57:32 - [TEST_STEP][PASSED] - verifyElementPresent(findTestObject("Object Repository/Page_CURA Healthcare Service/a_Logout"), 0): Object 'Object Repository/Page_CURA Healthcare Service/a_Logout' is present

03-03-2025T12:57:32 - [MESSAGE][WARNING] - Timeout '0' is invalid. Using default page load timeout: '30'

03-03-2025T12:57:33 - [MESSAGE][PASSED] - Object 'Object Repository/Page_CURA Healthcare Service/a_Logout' is present

03-03-2025T12:57:33 - [MESSAGE][PASSED] - Call Test Case 'Test Cases/Login positive' successfully]]></system-out>
         <system-err><![CDATA[]]></system-err>
      </testcase>
      <testcase name="Test Cases/verify first page" time="52.164" classname="Test Cases/verify first page" status="PASSED">
         <system-out><![CDATA[03-03-2025T12:57:33 - [TEST_CASE][PASSED] - Test Cases/verify first page: Test Cases/verify first page

03-03-2025T12:57:35 - [TEST_STEP][PASSED] - openBrowser(""): Browser is opened with url: ''

03-03-2025T12:57:35 - [MESSAGE][WARNING] - A browser is already opened. Closing browser and opening a new one

03-03-2025T12:58:07 - [MESSAGE][INFO] - Starting 'Chrome' driver

03-03-2025T12:58:07 - [MESSAGE][INFO] - Action delay is set to 0 milliseconds

03-03-2025T12:58:20 - [MESSAGE][PASSED] - Browser is opened with url: ''

03-03-2025T12:58:20 - [TEST_STEP][PASSED] - navigateToUrl("https://katalon-demo-cura.herokuapp.com/"): Navigate to 'https://katalon-demo-cura.herokuapp.com/' successfully

03-03-2025T12:58:21 - [MESSAGE][PASSED] - Navigate to 'https://katalon-demo-cura.herokuapp.com/' successfully

03-03-2025T12:58:21 - [TEST_STEP][PASSED] - verifyElementPresent(findTestObject("Object Repository/Page_CURA Healthcare Service/a_Make Appointment"), 0): Object 'Object Repository/Page_CURA Healthcare Service/a_Make Appointment' is present

03-03-2025T12:58:22 - [MESSAGE][WARNING] - Timeout '0' is invalid. Using default page load timeout: '30'

03-03-2025T12:58:25 - [MESSAGE][PASSED] - Object 'Object Repository/Page_CURA Healthcare Service/a_Make Appointment' is present]]></system-out>
         <system-err><![CDATA[]]></system-err>
      </testcase>
      <testcase name="Test Cases/Verify login page 12" time="67.516" classname="Test Cases/Verify login page 12" status="PASSED">
         <system-out><![CDATA[03-03-2025T12:58:25 - [TEST_CASE][PASSED] - Test Cases/Verify login page 12: Test Cases/Verify login page 12

03-03-2025T12:58:28 - [TEST_STEP][PASSED] - openBrowser(""): Browser is opened with url: ''

03-03-2025T12:58:28 - [MESSAGE][WARNING] - A browser is already opened. Closing browser and opening a new one

03-03-2025T12:59:00 - [MESSAGE][INFO] - Starting 'Chrome' driver

03-03-2025T12:59:01 - [MESSAGE][INFO] - Action delay is set to 0 milliseconds

03-03-2025T12:59:23 - [MESSAGE][PASSED] - Browser is opened with url: ''

03-03-2025T12:59:23 - [TEST_STEP][PASSED] - navigateToUrl("https://katalon-demo-cura.herokuapp.com/"): Navigate to 'https://katalon-demo-cura.herokuapp.com/' successfully

03-03-2025T12:59:26 - [MESSAGE][PASSED] - Navigate to 'https://katalon-demo-cura.herokuapp.com/' successfully

03-03-2025T12:59:26 - [TEST_STEP][PASSED] - click(findTestObject("Object Repository/Page_CURA Healthcare Service/a_Make Appointment")): Object: 'Object Repository/Page_CURA Healthcare Service/a_Make Appointment' is clicked on

03-03-2025T12:59:29 - [MESSAGE][PASSED] - Object: 'Object Repository/Page_CURA Healthcare Service/a_Make Appointment' is clicked on

03-03-2025T12:59:29 - [TEST_STEP][PASSED] - verifyElementText(findTestObject("Object Repository/Page_CURA Healthcare Service/h2_Login"), "Login"): Actual text and expected text of test object 'Object Repository/Page_CURA Healthcare Service/h2_Login' are matched.

03-03-2025T12:59:30 - [MESSAGE][PASSED] - Actual text and expected text of test object 'Object Repository/Page_CURA Healthcare Service/h2_Login' are matched.

03-03-2025T12:59:30 - [TEST_STEP][PASSED] - rightClick(findTestObject("Object Repository/Page_CURA Healthcare Service/p_Please login to make appointment")): Object: 'Object Repository/Page_CURA Healthcare Service/p_Please login to make appointment' is right clicked on

03-03-2025T12:59:31 - [MESSAGE][PASSED] - Object: 'Object Repository/Page_CURA Healthcare Service/p_Please login to make appointment' is right clicked on

03-03-2025T12:59:31 - [TEST_STEP][PASSED] - rightClick(findTestObject("Object Repository/Page_CURA Healthcare Service/p_Please login to make appointment")): Object: 'Object Repository/Page_CURA Healthcare Service/p_Please login to make appointment' is right clicked on

03-03-2025T12:59:32 - [MESSAGE][PASSED] - Object: 'Object Repository/Page_CURA Healthcare Service/p_Please login to make appointment' is right clicked on

03-03-2025T12:59:32 - [TEST_STEP][PASSED] - verifyElementText(findTestObject("Object Repository/Page_CURA Healthcare Service/p_Please login to make appointment"), "Please login to make appointment."): Actual text and expected text of test object 'Object Repository/Page_CURA Healthcare Service/p_Please login to make appointment' are matched.

03-03-2025T12:59:33 - [MESSAGE][PASSED] - Actual text and expected text of test object 'Object Repository/Page_CURA Healthcare Service/p_Please login to make appointment' are matched.]]></system-out>
         <system-err><![CDATA[]]></system-err>
      </testcase>
      <testcase name="Test Cases/verify page 1 header" time="31.26" classname="Test Cases/verify page 1 header" status="PASSED">
         <system-out><![CDATA[03-03-2025T12:59:33 - [TEST_CASE][PASSED] - Test Cases/verify page 1 header: Test Cases/verify page 1 header

03-03-2025T12:59:34 - [TEST_STEP][PASSED] - openBrowser(""): Browser is opened with url: ''

03-03-2025T12:59:34 - [MESSAGE][WARNING] - A browser is already opened. Closing browser and opening a new one

03-03-2025T12:59:43 - [MESSAGE][INFO] - Starting 'Chrome' driver

03-03-2025T12:59:43 - [MESSAGE][INFO] - Action delay is set to 0 milliseconds

03-03-2025T12:59:59 - [MESSAGE][PASSED] - Browser is opened with url: ''

03-03-2025T12:59:59 - [TEST_STEP][PASSED] - navigateToUrl("https://katalon-demo-cura.herokuapp.com/"): Navigate to 'https://katalon-demo-cura.herokuapp.com/' successfully

03-03-2025T13:00:02 - [MESSAGE][PASSED] - Navigate to 'https://katalon-demo-cura.herokuapp.com/' successfully

03-03-2025T13:00:02 - [TEST_STEP][PASSED] - verifyElementText(findTestObject("Object Repository/Page_CURA Healthcare Service/h1_CURA Healthcare Service"), "CURA Healthcare Service"): Actual text and expected text of test object 'Object Repository/Page_CURA Healthcare Service/h1_CURA Healthcare Service' are matched.

03-03-2025T13:00:04 - [MESSAGE][PASSED] - Actual text and expected text of test object 'Object Repository/Page_CURA Healthcare Service/h1_CURA Healthcare Service' are matched.]]></system-out>
         <system-err><![CDATA[]]></system-err>
      </testcase>
      <testcase name="Test Cases/Verify login page" time="33.972" classname="Test Cases/Verify login page" status="PASSED">
         <system-out><![CDATA[03-03-2025T13:00:04 - [TEST_CASE][PASSED] - Test Cases/Verify login page: Test Cases/Verify login page

03-03-2025T13:00:05 - [TEST_STEP][PASSED] - callTestCase(findTestCase("Click on appointment"), [:], STOP_ON_FAILURE): Call Test Case 'Test Cases/Click on appointment' successfully

03-03-2025T13:00:06 - [TEST_CASE][PASSED] - Test Cases/Click on appointment: Test Cases/Click on appointment

03-03-2025T13:00:06 - [TEST_STEP][PASSED] - openBrowser(""): Browser is opened with url: ''

03-03-2025T13:00:06 - [MESSAGE][WARNING] - A browser is already opened. Closing browser and opening a new one

03-03-2025T13:00:21 - [MESSAGE][INFO] - Starting 'Chrome' driver

03-03-2025T13:00:21 - [MESSAGE][INFO] - Action delay is set to 0 milliseconds

03-03-2025T13:00:30 - [MESSAGE][PASSED] - Browser is opened with url: ''

03-03-2025T13:00:31 - [TEST_STEP][PASSED] - navigateToUrl("https://katalon-demo-cura.herokuapp.com/"): Navigate to 'https://katalon-demo-cura.herokuapp.com/' successfully

03-03-2025T13:00:34 - [MESSAGE][PASSED] - Navigate to 'https://katalon-demo-cura.herokuapp.com/' successfully

03-03-2025T13:00:34 - [TEST_STEP][PASSED] - click(findTestObject("Object Repository/Page_CURA Healthcare Service/a_Make Appointment")): Object: 'Object Repository/Page_CURA Healthcare Service/a_Make Appointment' is clicked on

03-03-2025T13:00:36 - [MESSAGE][PASSED] - Object: 'Object Repository/Page_CURA Healthcare Service/a_Make Appointment' is clicked on

03-03-2025T13:00:36 - [TEST_STEP][PASSED] - verifyElementPresent(findTestObject("Object Repository/Page_CURA Healthcare Service/h2_Login"), 0): Object 'Object Repository/Page_CURA Healthcare Service/h2_Login' is present

03-03-2025T13:00:36 - [MESSAGE][WARNING] - Timeout '0' is invalid. Using default page load timeout: '30'

03-03-2025T13:00:36 - [MESSAGE][PASSED] - Object 'Object Repository/Page_CURA Healthcare Service/h2_Login' is present

03-03-2025T13:00:36 - [MESSAGE][PASSED] - Call Test Case 'Test Cases/Click on appointment' successfully

03-03-2025T13:00:37 - [TEST_STEP][PASSED] - verifyElementPresent(findTestObject("Object Repository/Page_CURA Healthcare Service/input_Username_username"), 0): Object 'Object Repository/Page_CURA Healthcare Service/input_Username_username' is present

03-03-2025T13:00:37 - [MESSAGE][WARNING] - Timeout '0' is invalid. Using default page load timeout: '30'

03-03-2025T13:00:37 - [MESSAGE][PASSED] - Object 'Object Repository/Page_CURA Healthcare Service/input_Username_username' is present

03-03-2025T13:00:37 - [TEST_STEP][PASSED] - verifyElementPresent(findTestObject("Object Repository/Page_CURA Healthcare Service/input_Password_password"), 0): Object 'Object Repository/Page_CURA Healthcare Service/input_Password_password' is present

03-03-2025T13:00:37 - [MESSAGE][WARNING] - Timeout '0' is invalid. Using default page load timeout: '30'

03-03-2025T13:00:37 - [MESSAGE][PASSED] - Object 'Object Repository/Page_CURA Healthcare Service/input_Password_password' is present

03-03-2025T13:00:37 - [TEST_STEP][PASSED] - verifyElementPresent(findTestObject("Object Repository/Page_CURA Healthcare Service/button_Login"), 0): Object 'Object Repository/Page_CURA Healthcare Service/button_Login' is present

03-03-2025T13:00:38 - [MESSAGE][WARNING] - Timeout '0' is invalid. Using default page load timeout: '30'

03-03-2025T13:00:38 - [MESSAGE][PASSED] - Object 'Object Repository/Page_CURA Healthcare Service/button_Login' is present]]></system-out>
         <system-err><![CDATA[]]></system-err>
      </testcase>
      <testcase name="Test Cases/Verify text home" time="15.757" classname="Test Cases/Verify text home" status="PASSED">
         <system-out><![CDATA[03-03-2025T13:00:38 - [TEST_CASE][PASSED] - Test Cases/Verify text home: Test Cases/Verify text home

03-03-2025T13:00:39 - [TEST_STEP][PASSED] - openBrowser(""): Browser is opened with url: ''

03-03-2025T13:00:39 - [MESSAGE][WARNING] - A browser is already opened. Closing browser and opening a new one

03-03-2025T13:00:41 - [MESSAGE][INFO] - Starting 'Chrome' driver

03-03-2025T13:00:41 - [MESSAGE][INFO] - Action delay is set to 0 milliseconds

03-03-2025T13:00:50 - [MESSAGE][PASSED] - Browser is opened with url: ''

03-03-2025T13:00:50 - [TEST_STEP][PASSED] - navigateToUrl("https://katalon-demo-cura.herokuapp.com/"): Navigate to 'https://katalon-demo-cura.herokuapp.com/' successfully

03-03-2025T13:00:53 - [MESSAGE][PASSED] - Navigate to 'https://katalon-demo-cura.herokuapp.com/' successfully

03-03-2025T13:00:53 - [TEST_STEP][PASSED] - click(findTestObject("Object Repository/Page_CURA Healthcare Service/i_CURA Healthcare_fa fa-bars")): Object: 'Object Repository/Page_CURA Healthcare Service/i_CURA Healthcare_fa fa-bars' is clicked on

03-03-2025T13:00:53 - [MESSAGE][PASSED] - Object: 'Object Repository/Page_CURA Healthcare Service/i_CURA Healthcare_fa fa-bars' is clicked on

03-03-2025T13:00:53 - [TEST_STEP][PASSED] - verifyElementText(findTestObject("Object Repository/Page_CURA Healthcare Service/a_Home"), "Home"): Actual text and expected text of test object 'Object Repository/Page_CURA Healthcare Service/a_Home' are matched.

03-03-2025T13:00:54 - [MESSAGE][PASSED] - Actual text and expected text of test object 'Object Repository/Page_CURA Healthcare Service/a_Home' are matched.]]></system-out>
         <system-err><![CDATA[]]></system-err>
      </testcase>
      <system-out><![CDATA[03-03-2025T12:41:12 - [TEST_SUITE][PASSED] - New Test Suite 13: Test Cases/Verify text home]]></system-out>
      <system-err><![CDATA[]]></system-err>
   </testsuite>
   <testsuite name="4 Test Suite" tests="2" failures="0" errors="0" time="73.885" skipped="0" timestamp="03-03-2025T12:42:26" hostname="Hp - DESKTOP-U08CQCA" id="Test Suites/4 Test Suite">
      <properties>
         <property name="deviceName" value=""/>
         <property name="devicePlatform"/>
         <property name="logFolder" value="C:\\Users\\Hp\\git\\repo\\Reports\\20250303_124053\\4 Test Suite\\20250303_124057"/>
         <property name="logFiles" value="C:\\Users\\Hp\\git\\repo\\Reports\\20250303_124053\\4 Test Suite\\20250303_124057\\execution0.log"/>
         <property name="attachments" value=""/>
         <property name="hostName" value="Hp - DESKTOP-U08CQCA"/>
         <property name="os" value="Windows 10 64bit"/>
         <property name="katalonVersion" value="10.1.0.223"/>
         <property name="browser" value="Chrome 132.0.6834.160"/>
         <property name="hostAddress" value="192.168.1.21"/>
         <property name="sessionId" value="88e1b28e5358cf2ed0962d36733e4e1c"/>
         <property name="seleniumVersion" value="4.22.0"/>
         <property name="proxyInformation" value="ProxyInformation { proxyOption=NO_PROXY, proxyServerType=HTTP, username=, password=********, proxyServerAddress=, proxyServerPort=0, executionList=&quot;&quot;, isApplyToDesiredCapabilities=true }"/>
         <property name="platform" value="Windows 10"/>
      </properties>
      <testcase name="Test Cases/Negative login 2" time="27.653" classname="Test Cases/Negative login 2" status="PASSED">
         <system-out><![CDATA[03-03-2025T12:42:28 - [TEST_CASE][PASSED] - Test Cases/Negative login 2: Test Cases/Negative login 2

03-03-2025T12:42:29 - [TEST_STEP][PASSED] - callTestCase(findTestCase("Click on appointment"), [:], STOP_ON_FAILURE): Call Test Case 'Test Cases/Click on appointment' successfully

03-03-2025T12:42:30 - [TEST_CASE][PASSED] - Test Cases/Click on appointment: Test Cases/Click on appointment

03-03-2025T12:42:30 - [TEST_STEP][PASSED] - openBrowser(""): Browser is opened with url: ''

03-03-2025T12:42:31 - [MESSAGE][INFO] - Starting 'Chrome' driver

03-03-2025T12:42:31 - [MESSAGE][INFO] - Action delay is set to 0 milliseconds

03-03-2025T12:42:42 - [MESSAGE][PASSED] - Browser is opened with url: ''

03-03-2025T12:42:42 - [TEST_STEP][PASSED] - navigateToUrl("https://katalon-demo-cura.herokuapp.com/"): Navigate to 'https://katalon-demo-cura.herokuapp.com/' successfully

03-03-2025T12:42:46 - [MESSAGE][PASSED] - Navigate to 'https://katalon-demo-cura.herokuapp.com/' successfully

03-03-2025T12:42:46 - [TEST_STEP][PASSED] - click(findTestObject("Object Repository/Page_CURA Healthcare Service/a_Make Appointment")): Object: 'Object Repository/Page_CURA Healthcare Service/a_Make Appointment' is clicked on

03-03-2025T12:42:48 - [MESSAGE][PASSED] - Object: 'Object Repository/Page_CURA Healthcare Service/a_Make Appointment' is clicked on

03-03-2025T12:42:48 - [TEST_STEP][PASSED] - verifyElementPresent(findTestObject("Object Repository/Page_CURA Healthcare Service/h2_Login"), 0): Object 'Object Repository/Page_CURA Healthcare Service/h2_Login' is present

03-03-2025T12:42:48 - [MESSAGE][WARNING] - Timeout '0' is invalid. Using default page load timeout: '30'

03-03-2025T12:42:49 - [MESSAGE][PASSED] - Object 'Object Repository/Page_CURA Healthcare Service/h2_Login' is present

03-03-2025T12:42:49 - [MESSAGE][PASSED] - Call Test Case 'Test Cases/Click on appointment' successfully

03-03-2025T12:42:49 - [TEST_STEP][PASSED] - setText(findTestObject("Object Repository/Page_CURA Healthcare Service/input_Username_username"), "John Doe"): Text 'John Doe' is set on object 'Object Repository/Page_CURA Healthcare Service/input_Username_username'

03-03-2025T12:42:51 - [MESSAGE][PASSED] - Text 'John Doe' is set on object 'Object Repository/Page_CURA Healthcare Service/input_Username_username'

03-03-2025T12:42:51 - [TEST_STEP][PASSED] - setEncryptedText(findTestObject("Object Repository/Page_CURA Healthcare Service/input_Password_password"), "P9ET2sDE0SE="): Text ****** has been set on object 'Object Repository/Page_CURA Healthcare Service/input_Password_password'

03-03-2025T12:42:52 - [MESSAGE][PASSED] - Text ****** has been set on object 'Object Repository/Page_CURA Healthcare Service/input_Password_password'

03-03-2025T12:42:52 - [TEST_STEP][PASSED] - click(findTestObject("Object Repository/Page_CURA Healthcare Service/button_Login")): Object: 'Object Repository/Page_CURA Healthcare Service/button_Login' is clicked on

03-03-2025T12:42:55 - [MESSAGE][PASSED] - Object: 'Object Repository/Page_CURA Healthcare Service/button_Login' is clicked on

03-03-2025T12:42:55 - [TEST_STEP][PASSED] - verifyElementPresent(findTestObject("Object Repository/Page_CURA Healthcare Service/p_Login failed Please ensure the username a_eb55b5"), 0): Object 'Object Repository/Page_CURA Healthcare Service/p_Login failed Please ensure the username a_eb55b5' is present

03-03-2025T12:42:55 - [MESSAGE][WARNING] - Timeout '0' is invalid. Using default page load timeout: '30'

03-03-2025T12:42:55 - [MESSAGE][PASSED] - Object 'Object Repository/Page_CURA Healthcare Service/p_Login failed Please ensure the username a_eb55b5' is present]]></system-out>
         <system-err><![CDATA[]]></system-err>
      </testcase>
      <testcase name="Test Cases/Make a appointment" time="44.802" classname="Test Cases/Make a appointment" status="PASSED">
         <system-out><![CDATA[03-03-2025T12:42:55 - [TEST_CASE][PASSED] - Test Cases/Make a appointment: Test Cases/Make a appointment

03-03-2025T12:42:56 - [TEST_STEP][PASSED] - callTestCase(findTestCase("Login positive"), [:], STOP_ON_FAILURE): Call Test Case 'Test Cases/Login positive' successfully

03-03-2025T12:42:56 - [TEST_CASE][PASSED] - Test Cases/Login positive: Test Cases/Login positive

03-03-2025T12:42:56 - [TEST_STEP][PASSED] - callTestCase(findTestCase("Click on appointment"), [:], STOP_ON_FAILURE): Call Test Case 'Test Cases/Click on appointment' successfully

03-03-2025T12:42:56 - [TEST_CASE][PASSED] - Test Cases/Click on appointment: Test Cases/Click on appointment

03-03-2025T12:42:56 - [TEST_STEP][PASSED] - openBrowser(""): Browser is opened with url: ''

03-03-2025T12:42:56 - [MESSAGE][WARNING] - A browser is already opened. Closing browser and opening a new one

03-03-2025T12:42:57 - [MESSAGE][INFO] - Starting 'Chrome' driver

03-03-2025T12:42:57 - [MESSAGE][INFO] - Action delay is set to 0 milliseconds

03-03-2025T12:43:09 - [MESSAGE][PASSED] - Browser is opened with url: ''

03-03-2025T12:43:09 - [TEST_STEP][PASSED] - navigateToUrl("https://katalon-demo-cura.herokuapp.com/"): Navigate to 'https://katalon-demo-cura.herokuapp.com/' successfully

03-03-2025T12:43:12 - [MESSAGE][PASSED] - Navigate to 'https://katalon-demo-cura.herokuapp.com/' successfully

03-03-2025T12:43:12 - [TEST_STEP][PASSED] - click(findTestObject("Object Repository/Page_CURA Healthcare Service/a_Make Appointment")): Object: 'Object Repository/Page_CURA Healthcare Service/a_Make Appointment' is clicked on

03-03-2025T12:43:14 - [MESSAGE][PASSED] - Object: 'Object Repository/Page_CURA Healthcare Service/a_Make Appointment' is clicked on

03-03-2025T12:43:14 - [TEST_STEP][PASSED] - verifyElementPresent(findTestObject("Object Repository/Page_CURA Healthcare Service/h2_Login"), 0): Object 'Object Repository/Page_CURA Healthcare Service/h2_Login' is present

03-03-2025T12:43:14 - [MESSAGE][WARNING] - Timeout '0' is invalid. Using default page load timeout: '30'

03-03-2025T12:43:15 - [MESSAGE][PASSED] - Object 'Object Repository/Page_CURA Healthcare Service/h2_Login' is present

03-03-2025T12:43:15 - [MESSAGE][PASSED] - Call Test Case 'Test Cases/Click on appointment' successfully

03-03-2025T12:43:15 - [TEST_STEP][PASSED] - setText(findTestObject("Object Repository/Page_CURA Healthcare Service/input_Username_username"), username): Text 'John Doe' is set on object 'Object Repository/Page_CURA Healthcare Service/input_Username_username'

03-03-2025T12:43:17 - [MESSAGE][PASSED] - Text 'John Doe' is set on object 'Object Repository/Page_CURA Healthcare Service/input_Username_username'

03-03-2025T12:43:17 - [TEST_STEP][PASSED] - setEncryptedText(findTestObject("Object Repository/Page_CURA Healthcare Service/input_Password_password"), "g3/DOGG74jC3Flrr3yH+3D/yKbOqqUNM"): Text ****** has been set on object 'Object Repository/Page_CURA Healthcare Service/input_Password_password'

03-03-2025T12:43:18 - [MESSAGE][PASSED] - Text ****** has been set on object 'Object Repository/Page_CURA Healthcare Service/input_Password_password'

03-03-2025T12:43:18 - [TEST_STEP][PASSED] - click(findTestObject("Object Repository/Page_CURA Healthcare Service/button_Login")): Object: 'Object Repository/Page_CURA Healthcare Service/button_Login' is clicked on

03-03-2025T12:43:24 - [MESSAGE][PASSED] - Object: 'Object Repository/Page_CURA Healthcare Service/button_Login' is clicked on

03-03-2025T12:43:24 - [TEST_STEP][PASSED] - click(findTestObject("Object Repository/Page_CURA Healthcare Service/i_CURA Healthcare_fa fa-bars")): Object: 'Object Repository/Page_CURA Healthcare Service/i_CURA Healthcare_fa fa-bars' is clicked on

03-03-2025T12:43:25 - [MESSAGE][PASSED] - Object: 'Object Repository/Page_CURA Healthcare Service/i_CURA Healthcare_fa fa-bars' is clicked on

03-03-2025T12:43:25 - [TEST_STEP][PASSED] - verifyElementPresent(findTestObject("Object Repository/Page_CURA Healthcare Service/a_Logout"), 0): Object 'Object Repository/Page_CURA Healthcare Service/a_Logout' is present

03-03-2025T12:43:25 - [MESSAGE][WARNING] - Timeout '0' is invalid. Using default page load timeout: '30'

03-03-2025T12:43:26 - [MESSAGE][PASSED] - Object 'Object Repository/Page_CURA Healthcare Service/a_Logout' is present

03-03-2025T12:43:26 - [MESSAGE][PASSED] - Call Test Case 'Test Cases/Login positive' successfully

03-03-2025T12:43:26 - [TEST_STEP][PASSED] - click(findTestObject("Object Repository/Page_CURA Healthcare Service/input_Apply for hospital readmission_hospit_63901f")): Object: 'Object Repository/Page_CURA Healthcare Service/input_Apply for hospital readmission_hospit_63901f' is clicked on

03-03-2025T12:43:27 - [MESSAGE][PASSED] - Object: 'Object Repository/Page_CURA Healthcare Service/input_Apply for hospital readmission_hospit_63901f' is clicked on

03-03-2025T12:43:27 - [TEST_STEP][PASSED] - click(findTestObject("Object Repository/Page_CURA Healthcare Service/input_Medicare_programs")): Object: 'Object Repository/Page_CURA Healthcare Service/input_Medicare_programs' is clicked on

03-03-2025T12:43:29 - [MESSAGE][PASSED] - Object: 'Object Repository/Page_CURA Healthcare Service/input_Medicare_programs' is clicked on

03-03-2025T12:43:29 - [TEST_STEP][PASSED] - click(findTestObject("Object Repository/Page_CURA Healthcare Service/input_Visit Date (Required)_visit_date")): Object: 'Object Repository/Page_CURA Healthcare Service/input_Visit Date (Required)_visit_date' is clicked on

03-03-2025T12:43:30 - [MESSAGE][PASSED] - Object: 'Object Repository/Page_CURA Healthcare Service/input_Visit Date (Required)_visit_date' is clicked on

03-03-2025T12:43:30 - [TEST_STEP][PASSED] - click(findTestObject("Object Repository/Page_CURA Healthcare Service/td_3")): Object: 'Object Repository/Page_CURA Healthcare Service/td_3' is clicked on

03-03-2025T12:43:32 - [MESSAGE][PASSED] - Object: 'Object Repository/Page_CURA Healthcare Service/td_3' is clicked on

03-03-2025T12:43:32 - [TEST_STEP][PASSED] - setText(findTestObject("Object Repository/Page_CURA Healthcare Service/textarea_Comment_comment"), "No comments"): Text 'No comments' is set on object 'Object Repository/Page_CURA Healthcare Service/textarea_Comment_comment'

03-03-2025T12:43:35 - [MESSAGE][PASSED] - Text 'No comments' is set on object 'Object Repository/Page_CURA Healthcare Service/textarea_Comment_comment'

03-03-2025T12:43:35 - [TEST_STEP][PASSED] - click(findTestObject("Object Repository/Page_CURA Healthcare Service/button_Book Appointment")): Object: 'Object Repository/Page_CURA Healthcare Service/button_Book Appointment' is clicked on

03-03-2025T12:43:38 - [MESSAGE][PASSED] - Object: 'Object Repository/Page_CURA Healthcare Service/button_Book Appointment' is clicked on

03-03-2025T12:43:38 - [TEST_STEP][PASSED] - verifyElementText(findTestObject("Object Repository/Page_CURA Healthcare Service/h2_Appointment Confirmation"), "Appointment Confirmation"): Actual text and expected text of test object 'Object Repository/Page_CURA Healthcare Service/h2_Appointment Confirmation' are matched.

03-03-2025T12:43:40 - [MESSAGE][PASSED] - Actual text and expected text of test object 'Object Repository/Page_CURA Healthcare Service/h2_Appointment Confirmation' are matched.

03-03-2025T12:43:40 - [TEST_STEP][PASSED] - navigateToUrl("https://katalon-demo-cura.herokuapp.com/appointment.php#summary"): Navigate to 'https://katalon-demo-cura.herokuapp.com/appointment.php#summary' successfully

03-03-2025T12:43:40 - [MESSAGE][PASSED] - Navigate to 'https://katalon-demo-cura.herokuapp.com/appointment.php#summary' successfully]]></system-out>
         <system-err><![CDATA[]]></system-err>
      </testcase>
      <system-out><![CDATA[03-03-2025T12:42:26 - [TEST_SUITE][PASSED] - 4 Test Suite: Test Cases/Make a appointment]]></system-out>
      <system-err><![CDATA[]]></system-err>
   </testsuite>
</testsuites>
