<?xml version="1.0" encoding="UTF-8"?>
<testsuites name="New Test Suite 13" time="2444.734" tests="26" failures="0" errors="0">
   <testsuite name="New Test Suite 13" tests="26" failures="0" errors="0" time="2444.734" skipped="0" timestamp="03-03-2025T21:39:55" hostname="Hp - DESKTOP-U08CQCA" id="Test Suites/New Test Suite 13">
      <properties>
         <property name="deviceName" value=""/>
         <property name="devicePlatform"/>
         <property name="logFolder" value="C:\\Users\\Hp\\git\\repo\\Reports\\20250303_213922\\New Test Suite 13\\20250303_213923"/>
         <property name="logFiles" value="C:\\Users\\Hp\\git\\repo\\Reports\\20250303_213922\\New Test Suite 13\\20250303_213923\\execution0.log"/>
         <property name="attachments" value="C:\\Users\\Hp\\git\\repo\\Reports\\20250303_213922\\New Test Suite 13\\20250303_213923\\1741018389412.png, C:\\Users\\Hp\\git\\repo\\Reports\\20250303_213922\\New Test Suite 13\\20250303_213923\\1741019092730.png, C:\\Users\\Hp\\git\\repo\\Reports\\20250303_213922\\New Test Suite 13\\20250303_213923\\1741020016142.png"/>
         <property name="hostName" value="Hp - DESKTOP-U08CQCA"/>
         <property name="os" value="Windows 10 64bit"/>
         <property name="katalonVersion" value="10.1.0.223"/>
         <property name="browser" value="Chrome 132.0.6834.160"/>
         <property name="hostAddress" value="192.168.1.21"/>
         <property name="sessionId" value="f7d942239fc82fd110d2e5c0e3d07554"/>
         <property name="seleniumVersion" value="4.22.0"/>
         <property name="proxyInformation" value="ProxyInformation { proxyOption=NO_PROXY, proxyServerType=HTTP, username=, password=********, proxyServerAddress=, proxyServerPort=0, executionList=&quot;&quot;, isApplyToDesiredCapabilities=true }"/>
         <property name="platform" value="Windows 10"/>
      </properties>
      <testcase name="Test Cases/Click on appointment" time="260.621" classname="Test Cases/Click on appointment" status="PASSED">
         <system-out><![CDATA[03-03-2025T21:43:36 - [TEST_CASE][PASSED] - Test Cases/Click on appointment: Test Cases/Click on appointment

03-03-2025T21:43:36 - [TEST_STEP][PASSED] - openBrowser(""): Browser is opened with url: ''

03-03-2025T21:43:36 - [MESSAGE][WARNING] - A browser is already opened. Closing browser and opening a new one

03-03-2025T21:43:36 - [MESSAGE][INFO] - Starting 'Chrome' driver

03-03-2025T21:43:36 - [MESSAGE][INFO] - Action delay is set to 0 milliseconds

03-03-2025T21:43:40 - [MESSAGE][PASSED] - Browser is opened with url: ''

03-03-2025T21:43:40 - [TEST_STEP][PASSED] - navigateToUrl("https://katalon-demo-cura.herokuapp.com/"): Navigate to 'https://katalon-demo-cura.herokuapp.com/' successfully

03-03-2025T21:46:27 - [MESSAGE][PASSED] - Navigate to 'https://katalon-demo-cura.herokuapp.com/' successfully

03-03-2025T21:46:28 - [TEST_STEP][PASSED] - click(findTestObject("Object Repository/Page_CURA Healthcare Service/a_Make Appointment")): Object: 'Object Repository/Page_CURA Healthcare Service/a_Make Appointment' is clicked on

03-03-2025T21:47:52 - [MESSAGE][PASSED] - Object: 'Object Repository/Page_CURA Healthcare Service/a_Make Appointment' is clicked on

03-03-2025T21:47:53 - [TEST_STEP][PASSED] - verifyElementPresent(findTestObject("Object Repository/Page_CURA Healthcare Service/h2_Login"), 0): Object 'Object Repository/Page_CURA Healthcare Service/h2_Login' is present

03-03-2025T21:47:56 - [MESSAGE][WARNING] - Timeout '0' is invalid. Using default page load timeout: '30'

03-03-2025T21:47:56 - [MESSAGE][PASSED] - Object 'Object Repository/Page_CURA Healthcare Service/h2_Login' is present]]></system-out>
         <system-err><![CDATA[]]></system-err>
      </testcase>
      <testcase name="Test Cases/click on home page" time="181.742" classname="Test Cases/click on home page" status="PASSED">
         <system-out><![CDATA[03-03-2025T21:47:56 - [TEST_CASE][PASSED] - Test Cases/click on home page: Test Cases/click on home page

03-03-2025T21:47:57 - [TEST_STEP][PASSED] - openBrowser(""): Browser is opened with url: ''

03-03-2025T21:47:57 - [MESSAGE][WARNING] - A browser is already opened. Closing browser and opening a new one

03-03-2025T21:48:13 - [MESSAGE][INFO] - Starting 'Chrome' driver

03-03-2025T21:48:13 - [MESSAGE][INFO] - Action delay is set to 0 milliseconds

03-03-2025T21:48:35 - [MESSAGE][PASSED] - Browser is opened with url: ''

03-03-2025T21:48:36 - [TEST_STEP][PASSED] - navigateToUrl("https://katalon-demo-cura.herokuapp.com/"): Navigate to 'https://katalon-demo-cura.herokuapp.com/' successfully

03-03-2025T21:50:33 - [MESSAGE][PASSED] - Navigate to 'https://katalon-demo-cura.herokuapp.com/' successfully

03-03-2025T21:50:33 - [TEST_STEP][PASSED] - click(findTestObject("Object Repository/Page_CURA Healthcare Service/i_CURA Healthcare_fa fa-bars")): Object: 'Object Repository/Page_CURA Healthcare Service/i_CURA Healthcare_fa fa-bars' is clicked on

03-03-2025T21:50:38 - [MESSAGE][PASSED] - Object: 'Object Repository/Page_CURA Healthcare Service/i_CURA Healthcare_fa fa-bars' is clicked on

03-03-2025T21:50:38 - [TEST_STEP][PASSED] - click(findTestObject("Object Repository/Page_CURA Healthcare Service/a_Home")): Object: 'Object Repository/Page_CURA Healthcare Service/a_Home' is clicked on

03-03-2025T21:50:58 - [MESSAGE][PASSED] - Object: 'Object Repository/Page_CURA Healthcare Service/a_Home' is clicked on]]></system-out>
         <system-err><![CDATA[]]></system-err>
      </testcase>
      <testcase name="Test Cases/Gmail verify first page" time="162.696" classname="Test Cases/Gmail verify first page" status="PASSED">
         <system-out><![CDATA[03-03-2025T21:55:31 - [TEST_CASE][PASSED] - Test Cases/Gmail verify first page: Test Cases/Gmail verify first page

03-03-2025T21:55:31 - [TEST_STEP][PASSED] - callTestCase(findTestCase("Click on appointment"), [:], STOP_ON_FAILURE): Call Test Case 'Test Cases/Click on appointment' successfully

03-03-2025T21:55:31 - [TEST_CASE][PASSED] - Test Cases/Click on appointment: Test Cases/Click on appointment

03-03-2025T21:55:31 - [TEST_STEP][PASSED] - openBrowser(""): Browser is opened with url: ''

03-03-2025T21:55:31 - [MESSAGE][WARNING] - A browser is already opened. Closing browser and opening a new one

03-03-2025T21:56:03 - [MESSAGE][INFO] - Starting 'Chrome' driver

03-03-2025T21:56:03 - [MESSAGE][INFO] - Action delay is set to 0 milliseconds

03-03-2025T21:56:15 - [MESSAGE][PASSED] - Browser is opened with url: ''

03-03-2025T21:56:15 - [TEST_STEP][PASSED] - navigateToUrl("https://katalon-demo-cura.herokuapp.com/"): Navigate to 'https://katalon-demo-cura.herokuapp.com/' successfully

03-03-2025T21:57:23 - [MESSAGE][PASSED] - Navigate to 'https://katalon-demo-cura.herokuapp.com/' successfully

03-03-2025T21:57:23 - [TEST_STEP][PASSED] - click(findTestObject("Object Repository/Page_CURA Healthcare Service/a_Make Appointment")): Object: 'Object Repository/Page_CURA Healthcare Service/a_Make Appointment' is clicked on

03-03-2025T21:58:11 - [MESSAGE][PASSED] - Object: 'Object Repository/Page_CURA Healthcare Service/a_Make Appointment' is clicked on

03-03-2025T21:58:11 - [TEST_STEP][PASSED] - verifyElementPresent(findTestObject("Object Repository/Page_CURA Healthcare Service/h2_Login"), 0): Object 'Object Repository/Page_CURA Healthcare Service/h2_Login' is present

03-03-2025T21:58:12 - [MESSAGE][WARNING] - Timeout '0' is invalid. Using default page load timeout: '30'

03-03-2025T21:58:13 - [MESSAGE][PASSED] - Object 'Object Repository/Page_CURA Healthcare Service/h2_Login' is present

03-03-2025T21:58:13 - [MESSAGE][PASSED] - Call Test Case 'Test Cases/Click on appointment' successfully]]></system-out>
         <system-err><![CDATA[]]></system-err>
      </testcase>
      <testcase name="Test Cases/Go to homepage" time="270.595" classname="Test Cases/Go to homepage" status="PASSED">
         <system-out><![CDATA[03-03-2025T21:58:13 - [TEST_CASE][PASSED] - Test Cases/Go to homepage: Test Cases/Go to homepage

03-03-2025T21:58:16 - [TEST_STEP][PASSED] - callTestCase(findTestCase("Make a appointment"), [:], STOP_ON_FAILURE): Call Test Case 'Test Cases/Make a appointment' successfully

03-03-2025T21:58:17 - [TEST_CASE][PASSED] - Test Cases/Make a appointment: Test Cases/Make a appointment

03-03-2025T21:58:17 - [TEST_STEP][PASSED] - callTestCase(findTestCase("Login positive"), [:], STOP_ON_FAILURE): Call Test Case 'Test Cases/Login positive' successfully

03-03-2025T21:58:17 - [TEST_CASE][PASSED] - Test Cases/Login positive: Test Cases/Login positive

03-03-2025T21:58:18 - [TEST_STEP][PASSED] - callTestCase(findTestCase("Click on appointment"), [:], STOP_ON_FAILURE): Call Test Case 'Test Cases/Click on appointment' successfully

03-03-2025T21:58:19 - [TEST_CASE][PASSED] - Test Cases/Click on appointment: Test Cases/Click on appointment

03-03-2025T21:58:19 - [TEST_STEP][PASSED] - openBrowser(""): Browser is opened with url: ''

03-03-2025T21:58:19 - [MESSAGE][WARNING] - A browser is already opened. Closing browser and opening a new one

03-03-2025T21:58:55 - [MESSAGE][INFO] - Starting 'Chrome' driver

03-03-2025T21:58:55 - [MESSAGE][INFO] - Action delay is set to 0 milliseconds

03-03-2025T21:59:19 - [MESSAGE][PASSED] - Browser is opened with url: ''

03-03-2025T21:59:19 - [TEST_STEP][PASSED] - navigateToUrl("https://katalon-demo-cura.herokuapp.com/"): Navigate to 'https://katalon-demo-cura.herokuapp.com/' successfully

03-03-2025T22:00:27 - [MESSAGE][PASSED] - Navigate to 'https://katalon-demo-cura.herokuapp.com/' successfully

03-03-2025T22:00:28 - [TEST_STEP][PASSED] - click(findTestObject("Object Repository/Page_CURA Healthcare Service/a_Make Appointment")): Object: 'Object Repository/Page_CURA Healthcare Service/a_Make Appointment' is clicked on

03-03-2025T22:01:09 - [MESSAGE][PASSED] - Object: 'Object Repository/Page_CURA Healthcare Service/a_Make Appointment' is clicked on

03-03-2025T22:01:09 - [TEST_STEP][PASSED] - verifyElementPresent(findTestObject("Object Repository/Page_CURA Healthcare Service/h2_Login"), 0): Object 'Object Repository/Page_CURA Healthcare Service/h2_Login' is present

03-03-2025T22:01:10 - [MESSAGE][WARNING] - Timeout '0' is invalid. Using default page load timeout: '30'

03-03-2025T22:01:12 - [MESSAGE][PASSED] - Object 'Object Repository/Page_CURA Healthcare Service/h2_Login' is present

03-03-2025T22:01:12 - [MESSAGE][PASSED] - Call Test Case 'Test Cases/Click on appointment' successfully

03-03-2025T22:01:12 - [TEST_STEP][PASSED] - setText(findTestObject("Object Repository/Page_CURA Healthcare Service/input_Username_username"), username): Text 'John Doe' is set on object 'Object Repository/Page_CURA Healthcare Service/input_Username_username'

03-03-2025T22:01:14 - [MESSAGE][PASSED] - Text 'John Doe' is set on object 'Object Repository/Page_CURA Healthcare Service/input_Username_username'

03-03-2025T22:01:14 - [TEST_STEP][PASSED] - setEncryptedText(findTestObject("Object Repository/Page_CURA Healthcare Service/input_Password_password"), "g3/DOGG74jC3Flrr3yH+3D/yKbOqqUNM"): Text ****** has been set on object 'Object Repository/Page_CURA Healthcare Service/input_Password_password'

03-03-2025T22:01:16 - [MESSAGE][PASSED] - Text ****** has been set on object 'Object Repository/Page_CURA Healthcare Service/input_Password_password'

03-03-2025T22:01:16 - [TEST_STEP][PASSED] - click(findTestObject("Object Repository/Page_CURA Healthcare Service/button_Login")): Object: 'Object Repository/Page_CURA Healthcare Service/button_Login' is clicked on

03-03-2025T22:01:40 - [MESSAGE][PASSED] - Object: 'Object Repository/Page_CURA Healthcare Service/button_Login' is clicked on

03-03-2025T22:01:40 - [TEST_STEP][PASSED] - click(findTestObject("Object Repository/Page_CURA Healthcare Service/i_CURA Healthcare_fa fa-bars")): Object: 'Object Repository/Page_CURA Healthcare Service/i_CURA Healthcare_fa fa-bars' is clicked on

03-03-2025T22:01:42 - [MESSAGE][PASSED] - Object: 'Object Repository/Page_CURA Healthcare Service/i_CURA Healthcare_fa fa-bars' is clicked on

03-03-2025T22:01:42 - [TEST_STEP][PASSED] - verifyElementPresent(findTestObject("Object Repository/Page_CURA Healthcare Service/a_Logout"), 0): Object 'Object Repository/Page_CURA Healthcare Service/a_Logout' is present

03-03-2025T22:01:42 - [MESSAGE][WARNING] - Timeout '0' is invalid. Using default page load timeout: '30'

03-03-2025T22:01:42 - [MESSAGE][PASSED] - Object 'Object Repository/Page_CURA Healthcare Service/a_Logout' is present

03-03-2025T22:01:42 - [MESSAGE][PASSED] - Call Test Case 'Test Cases/Login positive' successfully

03-03-2025T22:01:42 - [TEST_STEP][PASSED] - click(findTestObject("Object Repository/Page_CURA Healthcare Service/input_Apply for hospital readmission_hospit_63901f")): Object: 'Object Repository/Page_CURA Healthcare Service/input_Apply for hospital readmission_hospit_63901f' is clicked on

03-03-2025T22:01:44 - [MESSAGE][PASSED] - Object: 'Object Repository/Page_CURA Healthcare Service/input_Apply for hospital readmission_hospit_63901f' is clicked on

03-03-2025T22:01:44 - [TEST_STEP][PASSED] - click(findTestObject("Object Repository/Page_CURA Healthcare Service/input_Medicare_programs")): Object: 'Object Repository/Page_CURA Healthcare Service/input_Medicare_programs' is clicked on

03-03-2025T22:01:45 - [MESSAGE][PASSED] - Object: 'Object Repository/Page_CURA Healthcare Service/input_Medicare_programs' is clicked on

03-03-2025T22:01:45 - [TEST_STEP][PASSED] - click(findTestObject("Object Repository/Page_CURA Healthcare Service/input_Visit Date (Required)_visit_date")): Object: 'Object Repository/Page_CURA Healthcare Service/input_Visit Date (Required)_visit_date' is clicked on

03-03-2025T22:01:45 - [MESSAGE][PASSED] - Object: 'Object Repository/Page_CURA Healthcare Service/input_Visit Date (Required)_visit_date' is clicked on

03-03-2025T22:01:45 - [TEST_STEP][PASSED] - click(findTestObject("Object Repository/Page_CURA Healthcare Service/td_3")): Object: 'Object Repository/Page_CURA Healthcare Service/td_3' is clicked on

03-03-2025T22:01:46 - [MESSAGE][PASSED] - Object: 'Object Repository/Page_CURA Healthcare Service/td_3' is clicked on

03-03-2025T22:01:46 - [TEST_STEP][PASSED] - setText(findTestObject("Object Repository/Page_CURA Healthcare Service/textarea_Comment_comment"), "No comments"): Text 'No comments' is set on object 'Object Repository/Page_CURA Healthcare Service/textarea_Comment_comment'

03-03-2025T22:01:47 - [MESSAGE][PASSED] - Text 'No comments' is set on object 'Object Repository/Page_CURA Healthcare Service/textarea_Comment_comment'

03-03-2025T22:01:47 - [TEST_STEP][PASSED] - click(findTestObject("Object Repository/Page_CURA Healthcare Service/button_Book Appointment")): Object: 'Object Repository/Page_CURA Healthcare Service/button_Book Appointment' is clicked on

03-03-2025T22:02:13 - [MESSAGE][PASSED] - Object: 'Object Repository/Page_CURA Healthcare Service/button_Book Appointment' is clicked on

03-03-2025T22:02:13 - [TEST_STEP][PASSED] - verifyElementText(findTestObject("Object Repository/Page_CURA Healthcare Service/h2_Appointment Confirmation"), "Appointment Confirmation"): Actual text and expected text of test object 'Object Repository/Page_CURA Healthcare Service/h2_Appointment Confirmation' are matched.

03-03-2025T22:02:15 - [MESSAGE][PASSED] - Actual text and expected text of test object 'Object Repository/Page_CURA Healthcare Service/h2_Appointment Confirmation' are matched.

03-03-2025T22:02:15 - [TEST_STEP][PASSED] - navigateToUrl("https://katalon-demo-cura.herokuapp.com/appointment.php#summary"): Navigate to 'https://katalon-demo-cura.herokuapp.com/appointment.php#summary' successfully

03-03-2025T22:02:15 - [MESSAGE][PASSED] - Navigate to 'https://katalon-demo-cura.herokuapp.com/appointment.php#summary' successfully

03-03-2025T22:02:15 - [MESSAGE][PASSED] - Call Test Case 'Test Cases/Make a appointment' successfully

03-03-2025T22:02:15 - [TEST_STEP][PASSED] - click(findTestObject("Object Repository/Page_CURA Healthcare Service/a_Go to Homepage")): Object: 'Object Repository/Page_CURA Healthcare Service/a_Go to Homepage' is clicked on

03-03-2025T22:02:44 - [MESSAGE][PASSED] - Object: 'Object Repository/Page_CURA Healthcare Service/a_Go to Homepage' is clicked on]]></system-out>
         <system-err><![CDATA[]]></system-err>
      </testcase>
      <testcase name="Test Cases/Login positive" time="70.398" classname="Test Cases/Login positive" status="PASSED">
         <properties>
            <property name="data_binding"><![CDATA[{"(Default) usern...":"John Doe"}]]></property>
         </properties>
         <system-out><![CDATA[03-03-2025T22:02:44 - [TEST_CASE][PASSED] - Test Cases/Login positive: Test Cases/Login positive

03-03-2025T22:02:45 - [TEST_STEP][PASSED] - callTestCase(findTestCase("Click on appointment"), [:], STOP_ON_FAILURE): Call Test Case 'Test Cases/Click on appointment' successfully

03-03-2025T22:02:45 - [TEST_CASE][PASSED] - Test Cases/Click on appointment: Test Cases/Click on appointment

03-03-2025T22:02:45 - [TEST_STEP][PASSED] - openBrowser(""): Browser is opened with url: ''

03-03-2025T22:02:45 - [MESSAGE][WARNING] - A browser is already opened. Closing browser and opening a new one

03-03-2025T22:03:13 - [MESSAGE][INFO] - Starting 'Chrome' driver

03-03-2025T22:03:13 - [MESSAGE][INFO] - Action delay is set to 0 milliseconds

03-03-2025T22:03:25 - [MESSAGE][PASSED] - Browser is opened with url: ''

03-03-2025T22:03:25 - [TEST_STEP][PASSED] - navigateToUrl("https://katalon-demo-cura.herokuapp.com/"): Navigate to 'https://katalon-demo-cura.herokuapp.com/' successfully

03-03-2025T22:03:39 - [MESSAGE][PASSED] - Navigate to 'https://katalon-demo-cura.herokuapp.com/' successfully

03-03-2025T22:03:39 - [TEST_STEP][PASSED] - click(findTestObject("Object Repository/Page_CURA Healthcare Service/a_Make Appointment")): Object: 'Object Repository/Page_CURA Healthcare Service/a_Make Appointment' is clicked on

03-03-2025T22:03:42 - [MESSAGE][PASSED] - Object: 'Object Repository/Page_CURA Healthcare Service/a_Make Appointment' is clicked on

03-03-2025T22:03:42 - [TEST_STEP][PASSED] - verifyElementPresent(findTestObject("Object Repository/Page_CURA Healthcare Service/h2_Login"), 0): Object 'Object Repository/Page_CURA Healthcare Service/h2_Login' is present

03-03-2025T22:03:42 - [MESSAGE][WARNING] - Timeout '0' is invalid. Using default page load timeout: '30'

03-03-2025T22:03:42 - [MESSAGE][PASSED] - Object 'Object Repository/Page_CURA Healthcare Service/h2_Login' is present

03-03-2025T22:03:42 - [MESSAGE][PASSED] - Call Test Case 'Test Cases/Click on appointment' successfully

03-03-2025T22:03:42 - [TEST_STEP][PASSED] - setText(findTestObject("Object Repository/Page_CURA Healthcare Service/input_Username_username"), username): Text 'John Doe' is set on object 'Object Repository/Page_CURA Healthcare Service/input_Username_username'

03-03-2025T22:03:44 - [MESSAGE][PASSED] - Text 'John Doe' is set on object 'Object Repository/Page_CURA Healthcare Service/input_Username_username'

03-03-2025T22:03:44 - [TEST_STEP][PASSED] - setEncryptedText(findTestObject("Object Repository/Page_CURA Healthcare Service/input_Password_password"), "g3/DOGG74jC3Flrr3yH+3D/yKbOqqUNM"): Text ****** has been set on object 'Object Repository/Page_CURA Healthcare Service/input_Password_password'

03-03-2025T22:03:45 - [MESSAGE][PASSED] - Text ****** has been set on object 'Object Repository/Page_CURA Healthcare Service/input_Password_password'

03-03-2025T22:03:45 - [TEST_STEP][PASSED] - click(findTestObject("Object Repository/Page_CURA Healthcare Service/button_Login")): Object: 'Object Repository/Page_CURA Healthcare Service/button_Login' is clicked on

03-03-2025T22:03:53 - [MESSAGE][PASSED] - Object: 'Object Repository/Page_CURA Healthcare Service/button_Login' is clicked on

03-03-2025T22:03:53 - [TEST_STEP][PASSED] - click(findTestObject("Object Repository/Page_CURA Healthcare Service/i_CURA Healthcare_fa fa-bars")): Object: 'Object Repository/Page_CURA Healthcare Service/i_CURA Healthcare_fa fa-bars' is clicked on

03-03-2025T22:03:54 - [MESSAGE][PASSED] - Object: 'Object Repository/Page_CURA Healthcare Service/i_CURA Healthcare_fa fa-bars' is clicked on

03-03-2025T22:03:54 - [TEST_STEP][PASSED] - verifyElementPresent(findTestObject("Object Repository/Page_CURA Healthcare Service/a_Logout"), 0): Object 'Object Repository/Page_CURA Healthcare Service/a_Logout' is present

03-03-2025T22:03:54 - [MESSAGE][WARNING] - Timeout '0' is invalid. Using default page load timeout: '30'

03-03-2025T22:03:55 - [MESSAGE][PASSED] - Object 'Object Repository/Page_CURA Healthcare Service/a_Logout' is present]]></system-out>
         <system-err><![CDATA[]]></system-err>
      </testcase>
      <testcase name="Test Cases/Go to login" time="59.03" classname="Test Cases/Go to login" status="PASSED">
         <system-out><![CDATA[03-03-2025T22:03:55 - [TEST_CASE][PASSED] - Test Cases/Go to login: Test Cases/Go to login

03-03-2025T22:03:55 - [TEST_STEP][PASSED] - openBrowser(""): Browser is opened with url: ''

03-03-2025T22:03:55 - [MESSAGE][WARNING] - A browser is already opened. Closing browser and opening a new one

03-03-2025T22:04:04 - [MESSAGE][INFO] - Starting 'Chrome' driver

03-03-2025T22:04:04 - [MESSAGE][INFO] - Action delay is set to 0 milliseconds

03-03-2025T22:04:11 - [MESSAGE][PASSED] - Browser is opened with url: ''

03-03-2025T22:04:11 - [TEST_STEP][PASSED] - navigateToUrl("https://katalon-demo-cura.herokuapp.com/"): Navigate to 'https://katalon-demo-cura.herokuapp.com/' successfully

03-03-2025T22:04:46 - [MESSAGE][PASSED] - Navigate to 'https://katalon-demo-cura.herokuapp.com/' successfully

03-03-2025T22:04:46 - [TEST_STEP][PASSED] - click(findTestObject("Object Repository/Page_CURA Healthcare Service/a_CURA Healthcare_menu-toggle")): Object: 'Object Repository/Page_CURA Healthcare Service/a_CURA Healthcare_menu-toggle' is clicked on

03-03-2025T22:04:48 - [MESSAGE][PASSED] - Object: 'Object Repository/Page_CURA Healthcare Service/a_CURA Healthcare_menu-toggle' is clicked on

03-03-2025T22:04:48 - [TEST_STEP][PASSED] - click(findTestObject("Object Repository/Page_CURA Healthcare Service/a_Login")): Object: 'Object Repository/Page_CURA Healthcare Service/a_Login' is clicked on

03-03-2025T22:04:52 - [MESSAGE][PASSED] - Object: 'Object Repository/Page_CURA Healthcare Service/a_Login' is clicked on

03-03-2025T22:04:52 - [TEST_STEP][PASSED] - rightClick(findTestObject("Object Repository/Page_CURA Healthcare Service/h2_Login")): Object: 'Object Repository/Page_CURA Healthcare Service/h2_Login' is right clicked on

03-03-2025T22:04:53 - [MESSAGE][PASSED] - Object: 'Object Repository/Page_CURA Healthcare Service/h2_Login' is right clicked on

03-03-2025T22:04:53 - [TEST_STEP][PASSED] - verifyElementText(findTestObject("Object Repository/Page_CURA Healthcare Service/h2_Login"), "Login"): Actual text and expected text of test object 'Object Repository/Page_CURA Healthcare Service/h2_Login' are matched.

03-03-2025T22:04:54 - [MESSAGE][PASSED] - Actual text and expected text of test object 'Object Repository/Page_CURA Healthcare Service/h2_Login' are matched.]]></system-out>
         <system-err><![CDATA[]]></system-err>
      </testcase>
      <testcase name="Test Cases/Logout" time="94.574" classname="Test Cases/Logout" status="PASSED">
         <system-out><![CDATA[03-03-2025T22:04:54 - [TEST_CASE][PASSED] - Test Cases/Logout: Test Cases/Logout

03-03-2025T22:04:54 - [TEST_STEP][PASSED] - callTestCase(findTestCase("Login positive"), [:], STOP_ON_FAILURE): Call Test Case 'Test Cases/Login positive' successfully

03-03-2025T22:04:54 - [TEST_CASE][PASSED] - Test Cases/Login positive: Test Cases/Login positive

03-03-2025T22:04:55 - [TEST_STEP][PASSED] - callTestCase(findTestCase("Click on appointment"), [:], STOP_ON_FAILURE): Call Test Case 'Test Cases/Click on appointment' successfully

03-03-2025T22:04:55 - [TEST_CASE][PASSED] - Test Cases/Click on appointment: Test Cases/Click on appointment

03-03-2025T22:04:55 - [TEST_STEP][PASSED] - openBrowser(""): Browser is opened with url: ''

03-03-2025T22:04:55 - [MESSAGE][WARNING] - A browser is already opened. Closing browser and opening a new one

03-03-2025T22:04:58 - [MESSAGE][INFO] - Starting 'Chrome' driver

03-03-2025T22:04:58 - [MESSAGE][INFO] - Action delay is set to 0 milliseconds

03-03-2025T22:05:03 - [MESSAGE][PASSED] - Browser is opened with url: ''

03-03-2025T22:05:03 - [TEST_STEP][PASSED] - navigateToUrl("https://katalon-demo-cura.herokuapp.com/"): Navigate to 'https://katalon-demo-cura.herokuapp.com/' successfully

03-03-2025T22:05:44 - [MESSAGE][PASSED] - Navigate to 'https://katalon-demo-cura.herokuapp.com/' successfully

03-03-2025T22:05:44 - [TEST_STEP][PASSED] - click(findTestObject("Object Repository/Page_CURA Healthcare Service/a_Make Appointment")): Object: 'Object Repository/Page_CURA Healthcare Service/a_Make Appointment' is clicked on

03-03-2025T22:05:49 - [MESSAGE][PASSED] - Object: 'Object Repository/Page_CURA Healthcare Service/a_Make Appointment' is clicked on

03-03-2025T22:05:49 - [TEST_STEP][PASSED] - verifyElementPresent(findTestObject("Object Repository/Page_CURA Healthcare Service/h2_Login"), 0): Object 'Object Repository/Page_CURA Healthcare Service/h2_Login' is present

03-03-2025T22:05:49 - [MESSAGE][WARNING] - Timeout '0' is invalid. Using default page load timeout: '30'

03-03-2025T22:05:50 - [MESSAGE][PASSED] - Object 'Object Repository/Page_CURA Healthcare Service/h2_Login' is present

03-03-2025T22:05:50 - [MESSAGE][PASSED] - Call Test Case 'Test Cases/Click on appointment' successfully

03-03-2025T22:05:50 - [TEST_STEP][PASSED] - setText(findTestObject("Object Repository/Page_CURA Healthcare Service/input_Username_username"), username): Text 'John Doe' is set on object 'Object Repository/Page_CURA Healthcare Service/input_Username_username'

03-03-2025T22:05:51 - [MESSAGE][PASSED] - Text 'John Doe' is set on object 'Object Repository/Page_CURA Healthcare Service/input_Username_username'

03-03-2025T22:05:51 - [TEST_STEP][PASSED] - setEncryptedText(findTestObject("Object Repository/Page_CURA Healthcare Service/input_Password_password"), "g3/DOGG74jC3Flrr3yH+3D/yKbOqqUNM"): Text ****** has been set on object 'Object Repository/Page_CURA Healthcare Service/input_Password_password'

03-03-2025T22:05:51 - [MESSAGE][PASSED] - Text ****** has been set on object 'Object Repository/Page_CURA Healthcare Service/input_Password_password'

03-03-2025T22:05:51 - [TEST_STEP][PASSED] - click(findTestObject("Object Repository/Page_CURA Healthcare Service/button_Login")): Object: 'Object Repository/Page_CURA Healthcare Service/button_Login' is clicked on

03-03-2025T22:06:04 - [MESSAGE][PASSED] - Object: 'Object Repository/Page_CURA Healthcare Service/button_Login' is clicked on

03-03-2025T22:06:04 - [TEST_STEP][PASSED] - click(findTestObject("Object Repository/Page_CURA Healthcare Service/i_CURA Healthcare_fa fa-bars")): Object: 'Object Repository/Page_CURA Healthcare Service/i_CURA Healthcare_fa fa-bars' is clicked on

03-03-2025T22:06:04 - [MESSAGE][PASSED] - Object: 'Object Repository/Page_CURA Healthcare Service/i_CURA Healthcare_fa fa-bars' is clicked on

03-03-2025T22:06:04 - [TEST_STEP][PASSED] - verifyElementPresent(findTestObject("Object Repository/Page_CURA Healthcare Service/a_Logout"), 0): Object 'Object Repository/Page_CURA Healthcare Service/a_Logout' is present

03-03-2025T22:06:04 - [MESSAGE][WARNING] - Timeout '0' is invalid. Using default page load timeout: '30'

03-03-2025T22:06:05 - [MESSAGE][PASSED] - Object 'Object Repository/Page_CURA Healthcare Service/a_Logout' is present

03-03-2025T22:06:05 - [MESSAGE][PASSED] - Call Test Case 'Test Cases/Login positive' successfully

03-03-2025T22:06:05 - [TEST_STEP][PASSED] - click(findTestObject("Object Repository/Page_CURA Healthcare Service/i_CURA Healthcare_fa fa-bars")): Object: 'Object Repository/Page_CURA Healthcare Service/i_CURA Healthcare_fa fa-bars' is clicked on

03-03-2025T22:06:05 - [MESSAGE][PASSED] - Object: 'Object Repository/Page_CURA Healthcare Service/i_CURA Healthcare_fa fa-bars' is clicked on

03-03-2025T22:06:05 - [TEST_STEP][PASSED] - click(findTestObject("Object Repository/Page_CURA Healthcare Service/a_CURA Healthcare_menu-toggle")): Object: 'Object Repository/Page_CURA Healthcare Service/a_CURA Healthcare_menu-toggle' is clicked on

03-03-2025T22:06:06 - [MESSAGE][PASSED] - Object: 'Object Repository/Page_CURA Healthcare Service/a_CURA Healthcare_menu-toggle' is clicked on

03-03-2025T22:06:06 - [TEST_STEP][PASSED] - click(findTestObject("Object Repository/Page_CURA Healthcare Service/a_Logout")): Object: 'Object Repository/Page_CURA Healthcare Service/a_Logout' is clicked on

03-03-2025T22:06:20 - [MESSAGE][PASSED] - Object: 'Object Repository/Page_CURA Healthcare Service/a_Logout' is clicked on

03-03-2025T22:06:20 - [TEST_STEP][PASSED] - navigateToUrl("https://katalon-demo-cura.herokuapp.com/"): Navigate to 'https://katalon-demo-cura.herokuapp.com/' successfully

03-03-2025T22:06:25 - [MESSAGE][PASSED] - Navigate to 'https://katalon-demo-cura.herokuapp.com/' successfully

03-03-2025T22:06:25 - [TEST_STEP][PASSED] - click(findTestObject("Object Repository/Page_CURA Healthcare Service/i_CURA Healthcare_fa fa-bars")): Object: 'Object Repository/Page_CURA Healthcare Service/i_CURA Healthcare_fa fa-bars' is clicked on

03-03-2025T22:06:25 - [MESSAGE][PASSED] - Object: 'Object Repository/Page_CURA Healthcare Service/i_CURA Healthcare_fa fa-bars' is clicked on

03-03-2025T22:06:25 - [TEST_STEP][PASSED] - verifyElementPresent(findTestObject("Object Repository/Page_CURA Healthcare Service/a_Login"), 0): Object 'Object Repository/Page_CURA Healthcare Service/a_Login' is present

03-03-2025T22:06:25 - [MESSAGE][WARNING] - Timeout '0' is invalid. Using default page load timeout: '30'

03-03-2025T22:06:26 - [MESSAGE][PASSED] - Object 'Object Repository/Page_CURA Healthcare Service/a_Login' is present

03-03-2025T22:06:26 - [TEST_STEP][PASSED] - closeBrowser(): Browser is closed

03-03-2025T22:06:28 - [MESSAGE][PASSED] - Browser is closed]]></system-out>
         <system-err><![CDATA[]]></system-err>
      </testcase>
      <testcase name="Test Cases/Make a appointment" time="104.723" classname="Test Cases/Make a appointment" status="PASSED">
         <system-out><![CDATA[03-03-2025T22:06:28 - [TEST_CASE][PASSED] - Test Cases/Make a appointment: Test Cases/Make a appointment

03-03-2025T22:06:29 - [TEST_STEP][PASSED] - callTestCase(findTestCase("Login positive"), [:], STOP_ON_FAILURE): Call Test Case 'Test Cases/Login positive' successfully

03-03-2025T22:06:29 - [TEST_CASE][PASSED] - Test Cases/Login positive: Test Cases/Login positive

03-03-2025T22:06:29 - [TEST_STEP][PASSED] - callTestCase(findTestCase("Click on appointment"), [:], STOP_ON_FAILURE): Call Test Case 'Test Cases/Click on appointment' successfully

03-03-2025T22:06:29 - [TEST_CASE][PASSED] - Test Cases/Click on appointment: Test Cases/Click on appointment

03-03-2025T22:06:29 - [TEST_STEP][PASSED] - openBrowser(""): Browser is opened with url: ''

03-03-2025T22:06:29 - [MESSAGE][INFO] - Starting 'Chrome' driver

03-03-2025T22:06:29 - [MESSAGE][INFO] - Action delay is set to 0 milliseconds

03-03-2025T22:06:38 - [MESSAGE][PASSED] - Browser is opened with url: ''

03-03-2025T22:06:38 - [TEST_STEP][PASSED] - navigateToUrl("https://katalon-demo-cura.herokuapp.com/"): Navigate to 'https://katalon-demo-cura.herokuapp.com/' successfully

03-03-2025T22:07:02 - [MESSAGE][PASSED] - Navigate to 'https://katalon-demo-cura.herokuapp.com/' successfully

03-03-2025T22:07:02 - [TEST_STEP][PASSED] - click(findTestObject("Object Repository/Page_CURA Healthcare Service/a_Make Appointment")): Object: 'Object Repository/Page_CURA Healthcare Service/a_Make Appointment' is clicked on

03-03-2025T22:07:09 - [MESSAGE][PASSED] - Object: 'Object Repository/Page_CURA Healthcare Service/a_Make Appointment' is clicked on

03-03-2025T22:07:09 - [TEST_STEP][PASSED] - verifyElementPresent(findTestObject("Object Repository/Page_CURA Healthcare Service/h2_Login"), 0): Object 'Object Repository/Page_CURA Healthcare Service/h2_Login' is present

03-03-2025T22:07:09 - [MESSAGE][WARNING] - Timeout '0' is invalid. Using default page load timeout: '30'

03-03-2025T22:07:09 - [MESSAGE][PASSED] - Object 'Object Repository/Page_CURA Healthcare Service/h2_Login' is present

03-03-2025T22:07:09 - [MESSAGE][PASSED] - Call Test Case 'Test Cases/Click on appointment' successfully

03-03-2025T22:07:09 - [TEST_STEP][PASSED] - setText(findTestObject("Object Repository/Page_CURA Healthcare Service/input_Username_username"), username): Text 'John Doe' is set on object 'Object Repository/Page_CURA Healthcare Service/input_Username_username'

03-03-2025T22:07:10 - [MESSAGE][PASSED] - Text 'John Doe' is set on object 'Object Repository/Page_CURA Healthcare Service/input_Username_username'

03-03-2025T22:07:10 - [TEST_STEP][PASSED] - setEncryptedText(findTestObject("Object Repository/Page_CURA Healthcare Service/input_Password_password"), "g3/DOGG74jC3Flrr3yH+3D/yKbOqqUNM"): Text ****** has been set on object 'Object Repository/Page_CURA Healthcare Service/input_Password_password'

03-03-2025T22:07:11 - [MESSAGE][PASSED] - Text ****** has been set on object 'Object Repository/Page_CURA Healthcare Service/input_Password_password'

03-03-2025T22:07:11 - [TEST_STEP][PASSED] - click(findTestObject("Object Repository/Page_CURA Healthcare Service/button_Login")): Object: 'Object Repository/Page_CURA Healthcare Service/button_Login' is clicked on

03-03-2025T22:07:32 - [MESSAGE][PASSED] - Object: 'Object Repository/Page_CURA Healthcare Service/button_Login' is clicked on

03-03-2025T22:07:33 - [TEST_STEP][PASSED] - click(findTestObject("Object Repository/Page_CURA Healthcare Service/i_CURA Healthcare_fa fa-bars")): Object: 'Object Repository/Page_CURA Healthcare Service/i_CURA Healthcare_fa fa-bars' is clicked on

03-03-2025T22:07:33 - [MESSAGE][PASSED] - Object: 'Object Repository/Page_CURA Healthcare Service/i_CURA Healthcare_fa fa-bars' is clicked on

03-03-2025T22:07:33 - [TEST_STEP][PASSED] - verifyElementPresent(findTestObject("Object Repository/Page_CURA Healthcare Service/a_Logout"), 0): Object 'Object Repository/Page_CURA Healthcare Service/a_Logout' is present

03-03-2025T22:07:33 - [MESSAGE][WARNING] - Timeout '0' is invalid. Using default page load timeout: '30'

03-03-2025T22:07:34 - [MESSAGE][PASSED] - Object 'Object Repository/Page_CURA Healthcare Service/a_Logout' is present

03-03-2025T22:07:34 - [MESSAGE][PASSED] - Call Test Case 'Test Cases/Login positive' successfully

03-03-2025T22:07:34 - [TEST_STEP][PASSED] - click(findTestObject("Object Repository/Page_CURA Healthcare Service/input_Apply for hospital readmission_hospit_63901f")): Object: 'Object Repository/Page_CURA Healthcare Service/input_Apply for hospital readmission_hospit_63901f' is clicked on

03-03-2025T22:07:34 - [MESSAGE][PASSED] - Object: 'Object Repository/Page_CURA Healthcare Service/input_Apply for hospital readmission_hospit_63901f' is clicked on

03-03-2025T22:07:34 - [TEST_STEP][PASSED] - click(findTestObject("Object Repository/Page_CURA Healthcare Service/input_Medicare_programs")): Object: 'Object Repository/Page_CURA Healthcare Service/input_Medicare_programs' is clicked on

03-03-2025T22:07:35 - [MESSAGE][PASSED] - Object: 'Object Repository/Page_CURA Healthcare Service/input_Medicare_programs' is clicked on

03-03-2025T22:07:35 - [TEST_STEP][PASSED] - click(findTestObject("Object Repository/Page_CURA Healthcare Service/input_Visit Date (Required)_visit_date")): Object: 'Object Repository/Page_CURA Healthcare Service/input_Visit Date (Required)_visit_date' is clicked on

03-03-2025T22:07:36 - [MESSAGE][PASSED] - Object: 'Object Repository/Page_CURA Healthcare Service/input_Visit Date (Required)_visit_date' is clicked on

03-03-2025T22:07:36 - [TEST_STEP][PASSED] - click(findTestObject("Object Repository/Page_CURA Healthcare Service/td_3")): Object: 'Object Repository/Page_CURA Healthcare Service/td_3' is clicked on

03-03-2025T22:07:36 - [MESSAGE][PASSED] - Object: 'Object Repository/Page_CURA Healthcare Service/td_3' is clicked on

03-03-2025T22:07:36 - [TEST_STEP][PASSED] - setText(findTestObject("Object Repository/Page_CURA Healthcare Service/textarea_Comment_comment"), "No comments"): Text 'No comments' is set on object 'Object Repository/Page_CURA Healthcare Service/textarea_Comment_comment'

03-03-2025T22:07:37 - [MESSAGE][PASSED] - Text 'No comments' is set on object 'Object Repository/Page_CURA Healthcare Service/textarea_Comment_comment'

03-03-2025T22:07:37 - [TEST_STEP][PASSED] - click(findTestObject("Object Repository/Page_CURA Healthcare Service/button_Book Appointment")): Object: 'Object Repository/Page_CURA Healthcare Service/button_Book Appointment' is clicked on

03-03-2025T22:08:12 - [MESSAGE][PASSED] - Object: 'Object Repository/Page_CURA Healthcare Service/button_Book Appointment' is clicked on

03-03-2025T22:08:12 - [TEST_STEP][PASSED] - verifyElementText(findTestObject("Object Repository/Page_CURA Healthcare Service/h2_Appointment Confirmation"), "Appointment Confirmation"): Actual text and expected text of test object 'Object Repository/Page_CURA Healthcare Service/h2_Appointment Confirmation' are matched.

03-03-2025T22:08:13 - [MESSAGE][PASSED] - Actual text and expected text of test object 'Object Repository/Page_CURA Healthcare Service/h2_Appointment Confirmation' are matched.

03-03-2025T22:08:13 - [TEST_STEP][PASSED] - navigateToUrl("https://katalon-demo-cura.herokuapp.com/appointment.php#summary"): Navigate to 'https://katalon-demo-cura.herokuapp.com/appointment.php#summary' successfully

03-03-2025T22:08:13 - [MESSAGE][PASSED] - Navigate to 'https://katalon-demo-cura.herokuapp.com/appointment.php#summary' successfully]]></system-out>
         <system-err><![CDATA[]]></system-err>
      </testcase>
      <testcase name="Test Cases/Negative login 1" time="42.822" classname="Test Cases/Negative login 1" status="PASSED">
         <system-out><![CDATA[03-03-2025T22:10:18 - [TEST_CASE][PASSED] - Test Cases/Negative login 1: Test Cases/Negative login 1

03-03-2025T22:10:19 - [TEST_STEP][PASSED] - callTestCase(findTestCase("Click on appointment"), [:], STOP_ON_FAILURE): Call Test Case 'Test Cases/Click on appointment' successfully

03-03-2025T22:10:19 - [TEST_CASE][PASSED] - Test Cases/Click on appointment: Test Cases/Click on appointment

03-03-2025T22:10:19 - [TEST_STEP][PASSED] - openBrowser(""): Browser is opened with url: ''

03-03-2025T22:10:19 - [MESSAGE][WARNING] - A browser is already opened. Closing browser and opening a new one

03-03-2025T22:10:37 - [MESSAGE][INFO] - Starting 'Chrome' driver

03-03-2025T22:10:37 - [MESSAGE][INFO] - Action delay is set to 0 milliseconds

03-03-2025T22:10:47 - [MESSAGE][PASSED] - Browser is opened with url: ''

03-03-2025T22:10:47 - [TEST_STEP][PASSED] - navigateToUrl("https://katalon-demo-cura.herokuapp.com/"): Navigate to 'https://katalon-demo-cura.herokuapp.com/' successfully

03-03-2025T22:10:51 - [MESSAGE][PASSED] - Navigate to 'https://katalon-demo-cura.herokuapp.com/' successfully

03-03-2025T22:10:51 - [TEST_STEP][PASSED] - click(findTestObject("Object Repository/Page_CURA Healthcare Service/a_Make Appointment")): Object: 'Object Repository/Page_CURA Healthcare Service/a_Make Appointment' is clicked on

03-03-2025T22:10:53 - [MESSAGE][PASSED] - Object: 'Object Repository/Page_CURA Healthcare Service/a_Make Appointment' is clicked on

03-03-2025T22:10:53 - [TEST_STEP][PASSED] - verifyElementPresent(findTestObject("Object Repository/Page_CURA Healthcare Service/h2_Login"), 0): Object 'Object Repository/Page_CURA Healthcare Service/h2_Login' is present

03-03-2025T22:10:54 - [MESSAGE][WARNING] - Timeout '0' is invalid. Using default page load timeout: '30'

03-03-2025T22:10:54 - [MESSAGE][PASSED] - Object 'Object Repository/Page_CURA Healthcare Service/h2_Login' is present

03-03-2025T22:10:54 - [MESSAGE][PASSED] - Call Test Case 'Test Cases/Click on appointment' successfully

03-03-2025T22:10:54 - [TEST_STEP][PASSED] - setText(findTestObject("Object Repository/Page_CURA Healthcare Service/input_Username_username"), "test"): Text 'test' is set on object 'Object Repository/Page_CURA Healthcare Service/input_Username_username'

03-03-2025T22:10:56 - [MESSAGE][PASSED] - Text 'test' is set on object 'Object Repository/Page_CURA Healthcare Service/input_Username_username'

03-03-2025T22:10:56 - [TEST_STEP][PASSED] - setEncryptedText(findTestObject("Object Repository/Page_CURA Healthcare Service/input_Password_password"), "P9ET2sDE0SE="): Text ****** has been set on object 'Object Repository/Page_CURA Healthcare Service/input_Password_password'

03-03-2025T22:10:56 - [MESSAGE][PASSED] - Text ****** has been set on object 'Object Repository/Page_CURA Healthcare Service/input_Password_password'

03-03-2025T22:10:56 - [TEST_STEP][PASSED] - click(findTestObject("Object Repository/Page_CURA Healthcare Service/button_Login")): Object: 'Object Repository/Page_CURA Healthcare Service/button_Login' is clicked on

03-03-2025T22:11:00 - [MESSAGE][PASSED] - Object: 'Object Repository/Page_CURA Healthcare Service/button_Login' is clicked on

03-03-2025T22:11:00 - [TEST_STEP][PASSED] - verifyElementText(findTestObject("Object Repository/Page_CURA Healthcare Service/p_Login failed Please ensure the username a_eb55b5"), "Login failed! Please ensure the username and password are valid."): Actual text and expected text of test object 'Object Repository/Page_CURA Healthcare Service/p_Login failed Please ensure the username a_eb55b5' are matched.

03-03-2025T22:11:01 - [MESSAGE][PASSED] - Actual text and expected text of test object 'Object Repository/Page_CURA Healthcare Service/p_Login failed Please ensure the username a_eb55b5' are matched.]]></system-out>
         <system-err><![CDATA[]]></system-err>
      </testcase>
      <testcase name="Test Cases/Negative login 2" time="23.616" classname="Test Cases/Negative login 2" status="PASSED">
         <system-out><![CDATA[03-03-2025T22:11:02 - [TEST_CASE][PASSED] - Test Cases/Negative login 2: Test Cases/Negative login 2

03-03-2025T22:11:03 - [TEST_STEP][PASSED] - callTestCase(findTestCase("Click on appointment"), [:], STOP_ON_FAILURE): Call Test Case 'Test Cases/Click on appointment' successfully

03-03-2025T22:11:04 - [TEST_CASE][PASSED] - Test Cases/Click on appointment: Test Cases/Click on appointment

03-03-2025T22:11:04 - [TEST_STEP][PASSED] - openBrowser(""): Browser is opened with url: ''

03-03-2025T22:11:04 - [MESSAGE][WARNING] - A browser is already opened. Closing browser and opening a new one

03-03-2025T22:11:08 - [MESSAGE][INFO] - Starting 'Chrome' driver

03-03-2025T22:11:08 - [MESSAGE][INFO] - Action delay is set to 0 milliseconds

03-03-2025T22:11:15 - [MESSAGE][PASSED] - Browser is opened with url: ''

03-03-2025T22:11:15 - [TEST_STEP][PASSED] - navigateToUrl("https://katalon-demo-cura.herokuapp.com/"): Navigate to 'https://katalon-demo-cura.herokuapp.com/' successfully

03-03-2025T22:11:18 - [MESSAGE][PASSED] - Navigate to 'https://katalon-demo-cura.herokuapp.com/' successfully

03-03-2025T22:11:18 - [TEST_STEP][PASSED] - click(findTestObject("Object Repository/Page_CURA Healthcare Service/a_Make Appointment")): Object: 'Object Repository/Page_CURA Healthcare Service/a_Make Appointment' is clicked on

03-03-2025T22:11:20 - [MESSAGE][PASSED] - Object: 'Object Repository/Page_CURA Healthcare Service/a_Make Appointment' is clicked on

03-03-2025T22:11:20 - [TEST_STEP][PASSED] - verifyElementPresent(findTestObject("Object Repository/Page_CURA Healthcare Service/h2_Login"), 0): Object 'Object Repository/Page_CURA Healthcare Service/h2_Login' is present

03-03-2025T22:11:20 - [MESSAGE][WARNING] - Timeout '0' is invalid. Using default page load timeout: '30'

03-03-2025T22:11:21 - [MESSAGE][PASSED] - Object 'Object Repository/Page_CURA Healthcare Service/h2_Login' is present

03-03-2025T22:11:21 - [MESSAGE][PASSED] - Call Test Case 'Test Cases/Click on appointment' successfully

03-03-2025T22:11:21 - [TEST_STEP][PASSED] - setText(findTestObject("Object Repository/Page_CURA Healthcare Service/input_Username_username"), "John Doe"): Text 'John Doe' is set on object 'Object Repository/Page_CURA Healthcare Service/input_Username_username'

03-03-2025T22:11:22 - [MESSAGE][PASSED] - Text 'John Doe' is set on object 'Object Repository/Page_CURA Healthcare Service/input_Username_username'

03-03-2025T22:11:22 - [TEST_STEP][PASSED] - setEncryptedText(findTestObject("Object Repository/Page_CURA Healthcare Service/input_Password_password"), "P9ET2sDE0SE="): Text ****** has been set on object 'Object Repository/Page_CURA Healthcare Service/input_Password_password'

03-03-2025T22:11:23 - [MESSAGE][PASSED] - Text ****** has been set on object 'Object Repository/Page_CURA Healthcare Service/input_Password_password'

03-03-2025T22:11:23 - [TEST_STEP][PASSED] - click(findTestObject("Object Repository/Page_CURA Healthcare Service/button_Login")): Object: 'Object Repository/Page_CURA Healthcare Service/button_Login' is clicked on

03-03-2025T22:11:25 - [MESSAGE][PASSED] - Object: 'Object Repository/Page_CURA Healthcare Service/button_Login' is clicked on

03-03-2025T22:11:25 - [TEST_STEP][PASSED] - verifyElementPresent(findTestObject("Object Repository/Page_CURA Healthcare Service/p_Login failed Please ensure the username a_eb55b5"), 0): Object 'Object Repository/Page_CURA Healthcare Service/p_Login failed Please ensure the username a_eb55b5' is present

03-03-2025T22:11:25 - [MESSAGE][WARNING] - Timeout '0' is invalid. Using default page load timeout: '30'

03-03-2025T22:11:26 - [MESSAGE][PASSED] - Object 'Object Repository/Page_CURA Healthcare Service/p_Login failed Please ensure the username a_eb55b5' is present]]></system-out>
         <system-err><![CDATA[]]></system-err>
      </testcase>
      <testcase name="Test Cases/Orange hrm click home" time="57.517" classname="Test Cases/Orange hrm click home" status="PASSED">
         <system-out><![CDATA[03-03-2025T22:11:27 - [TEST_CASE][PASSED] - Test Cases/Orange hrm click home: Test Cases/Orange hrm click home

03-03-2025T22:11:27 - [TEST_STEP][PASSED] - callTestCase(findTestCase("Orange hrm login"), [:], STOP_ON_FAILURE): Call Test Case 'Test Cases/Orange hrm login' successfully

03-03-2025T22:11:27 - [TEST_CASE][PASSED] - Test Cases/Orange hrm login: Test Cases/Orange hrm login

03-03-2025T22:11:27 - [TEST_STEP][PASSED] - callTestCase(findTestCase("Orange hrm verify header"), [:], STOP_ON_FAILURE): Call Test Case 'Test Cases/Orange hrm verify header' successfully

03-03-2025T22:11:27 - [TEST_CASE][PASSED] - Test Cases/Orange hrm verify header: Test Cases/Orange hrm verify header

03-03-2025T22:11:28 - [TEST_STEP][PASSED] - openBrowser(""): Browser is opened with url: ''

03-03-2025T22:11:28 - [MESSAGE][WARNING] - A browser is already opened. Closing browser and opening a new one

03-03-2025T22:11:30 - [MESSAGE][INFO] - Starting 'Chrome' driver

03-03-2025T22:11:30 - [MESSAGE][INFO] - Action delay is set to 0 milliseconds

03-03-2025T22:11:36 - [MESSAGE][PASSED] - Browser is opened with url: ''

03-03-2025T22:11:36 - [TEST_STEP][PASSED] - navigateToUrl("https://mamtabele-trials715.orangehrmlive.com/"): Navigate to 'https://mamtabele-trials715.orangehrmlive.com/' successfully

03-03-2025T22:11:41 - [MESSAGE][PASSED] - Navigate to 'https://mamtabele-trials715.orangehrmlive.com/' successfully

03-03-2025T22:11:41 - [TEST_STEP][PASSED] - rightClick(findTestObject("Object Repository/Page_OrangeHRM/img")): Object: 'Object Repository/Page_OrangeHRM/img' is right clicked on

03-03-2025T22:11:42 - [MESSAGE][PASSED] - Object: 'Object Repository/Page_OrangeHRM/img' is right clicked on

03-03-2025T22:11:42 - [TEST_STEP][PASSED] - verifyElementText(findTestObject("Object Repository/Page_OrangeHRM/img"), ""): Actual text and expected text of test object 'Object Repository/Page_OrangeHRM/img' are matched.

03-03-2025T22:11:43 - [MESSAGE][PASSED] - Actual text and expected text of test object 'Object Repository/Page_OrangeHRM/img' are matched.

03-03-2025T22:11:43 - [MESSAGE][PASSED] - Call Test Case 'Test Cases/Orange hrm verify header' successfully

03-03-2025T22:11:43 - [TEST_STEP][PASSED] - openBrowser(""): Browser is opened with url: ''

03-03-2025T22:11:43 - [MESSAGE][WARNING] - A browser is already opened. Closing browser and opening a new one

03-03-2025T22:11:44 - [MESSAGE][INFO] - Starting 'Chrome' driver

03-03-2025T22:11:44 - [MESSAGE][INFO] - Action delay is set to 0 milliseconds

03-03-2025T22:11:52 - [MESSAGE][PASSED] - Browser is opened with url: ''

03-03-2025T22:11:52 - [TEST_STEP][PASSED] - navigateToUrl("https://mamtabele-trials715.orangehrmlive.com/"): Navigate to 'https://mamtabele-trials715.orangehrmlive.com/' successfully

03-03-2025T22:11:54 - [MESSAGE][PASSED] - Navigate to 'https://mamtabele-trials715.orangehrmlive.com/' successfully

03-03-2025T22:11:54 - [TEST_STEP][PASSED] - setText(findTestObject("Object Repository/Page_OrangeHRM/input_Login_txtUsername"), "admin"): Text 'admin' is set on object 'Object Repository/Page_OrangeHRM/input_Login_txtUsername'

03-03-2025T22:11:58 - [MESSAGE][PASSED] - Text 'admin' is set on object 'Object Repository/Page_OrangeHRM/input_Login_txtUsername'

03-03-2025T22:11:58 - [TEST_STEP][PASSED] - setEncryptedText(findTestObject("Object Repository/Page_OrangeHRM/input_Login_txtPassword"), "Rh9ePu8J8PE="): Text ****** has been set on object 'Object Repository/Page_OrangeHRM/input_Login_txtPassword'

03-03-2025T22:11:59 - [MESSAGE][PASSED] - Text ****** has been set on object 'Object Repository/Page_OrangeHRM/input_Login_txtPassword'

03-03-2025T22:11:59 - [TEST_STEP][PASSED] - click(findTestObject("Object Repository/Page_OrangeHRM/img_Login_icon show-icon")): Object: 'Object Repository/Page_OrangeHRM/img_Login_icon show-icon' is clicked on

03-03-2025T22:12:00 - [MESSAGE][PASSED] - Object: 'Object Repository/Page_OrangeHRM/img_Login_icon show-icon' is clicked on

03-03-2025T22:12:00 - [TEST_STEP][PASSED] - click(findTestObject("Object Repository/Page_OrangeHRM/input_Login_txtPassword")): Object: 'Object Repository/Page_OrangeHRM/input_Login_txtPassword' is clicked on

03-03-2025T22:12:01 - [MESSAGE][PASSED] - Object: 'Object Repository/Page_OrangeHRM/input_Login_txtPassword' is clicked on

03-03-2025T22:12:01 - [TEST_STEP][PASSED] - setEncryptedText(findTestObject("Object Repository/Page_OrangeHRM/input_Login_txtPassword"), "N4wH1gbh6xA="): Text ****** has been set on object 'Object Repository/Page_OrangeHRM/input_Login_txtPassword'

03-03-2025T22:12:01 - [MESSAGE][PASSED] - Text ****** has been set on object 'Object Repository/Page_OrangeHRM/input_Login_txtPassword'

03-03-2025T22:12:01 - [TEST_STEP][PASSED] - click(findTestObject("Object Repository/Page_OrangeHRM/input_Login_txtPassword")): Object: 'Object Repository/Page_OrangeHRM/input_Login_txtPassword' is clicked on

03-03-2025T22:12:02 - [MESSAGE][PASSED] - Object: 'Object Repository/Page_OrangeHRM/input_Login_txtPassword' is clicked on

03-03-2025T22:12:02 - [TEST_STEP][PASSED] - setEncryptedText(findTestObject("Object Repository/Page_OrangeHRM/input_Login_txtPassword"), "8tjxhkGuP+cB73upl0w6BQ=="): Text ****** has been set on object 'Object Repository/Page_OrangeHRM/input_Login_txtPassword'

03-03-2025T22:12:03 - [MESSAGE][PASSED] - Text ****** has been set on object 'Object Repository/Page_OrangeHRM/input_Login_txtPassword'

03-03-2025T22:12:03 - [TEST_STEP][PASSED] - click(findTestObject("Object Repository/Page_OrangeHRM/button_Login")): Object: 'Object Repository/Page_OrangeHRM/button_Login' is clicked on

03-03-2025T22:12:12 - [MESSAGE][PASSED] - Object: 'Object Repository/Page_OrangeHRM/button_Login' is clicked on

03-03-2025T22:12:12 - [TEST_STEP][PASSED] - verifyElementText(findTestObject("Object Repository/Page_Employee Management/div_Admin"), "Admin"): Actual text and expected text of test object 'Object Repository/Page_Employee Management/div_Admin' are matched.

03-03-2025T22:12:21 - [MESSAGE][PASSED] - Actual text and expected text of test object 'Object Repository/Page_Employee Management/div_Admin' are matched.

03-03-2025T22:12:21 - [MESSAGE][PASSED] - Call Test Case 'Test Cases/Orange hrm login' successfully

03-03-2025T22:12:21 - [TEST_STEP][PASSED] - click(findTestObject("Object Repository/Page_Employee Management/i_oxd_home_menu")): Object: 'Object Repository/Page_Employee Management/i_oxd_home_menu' is clicked on

03-03-2025T22:12:21 - [MESSAGE][PASSED] - Object: 'Object Repository/Page_Employee Management/i_oxd_home_menu' is clicked on

03-03-2025T22:12:22 - [TEST_STEP][PASSED] - verifyElementText(findTestObject("Object Repository/Page_Employee Management/i_oxd_home_menu"), "oxd_home_menu"): Actual text and expected text of test object 'Object Repository/Page_Employee Management/i_oxd_home_menu' are matched.

03-03-2025T22:12:22 - [MESSAGE][PASSED] - Actual text and expected text of test object 'Object Repository/Page_Employee Management/i_oxd_home_menu' are matched.

03-03-2025T22:12:22 - [TEST_STEP][PASSED] - click(findTestObject("Object Repository/Page_Employee Management/a_ohrm_settings_sidebar-toggle")): Object: 'Object Repository/Page_Employee Management/a_ohrm_settings_sidebar-toggle' is clicked on

03-03-2025T22:12:23 - [MESSAGE][PASSED] - Object: 'Object Repository/Page_Employee Management/a_ohrm_settings_sidebar-toggle' is clicked on

03-03-2025T22:12:23 - [TEST_STEP][PASSED] - click(findTestObject("Object Repository/Page_Employee Management/a_ohrm_settings_sidebar-toggle")): Object: 'Object Repository/Page_Employee Management/a_ohrm_settings_sidebar-toggle' is clicked on

03-03-2025T22:12:24 - [MESSAGE][PASSED] - Object: 'Object Repository/Page_Employee Management/a_ohrm_settings_sidebar-toggle' is clicked on]]></system-out>
         <system-err><![CDATA[]]></system-err>
      </testcase>
      <testcase name="Test Cases/Orange hrm left pannel" time="0.445" classname="Test Cases/Orange hrm left pannel" status="PASSED">
         <system-out><![CDATA[03-03-2025T22:12:25 - [TEST_CASE][PASSED] - Test Cases/Orange hrm left pannel: Test Cases/Orange hrm left pannel

03-03-2025T22:12:25 - [TEST_STEP][PASSED] - return null: null]]></system-out>
         <system-err><![CDATA[]]></system-err>
      </testcase>
      <testcase name="Test Cases/Orange hrm logout" time="75.025" classname="Test Cases/Orange hrm logout" status="PASSED">
         <system-out><![CDATA[03-03-2025T22:12:25 - [TEST_CASE][PASSED] - Test Cases/Orange hrm logout: Test Cases/Orange hrm logout

03-03-2025T22:12:25 - [TEST_STEP][PASSED] - callTestCase(findTestCase("Orange hrm login"), [:], STOP_ON_FAILURE): Call Test Case 'Test Cases/Orange hrm login' successfully

03-03-2025T22:12:25 - [TEST_CASE][PASSED] - Test Cases/Orange hrm login: Test Cases/Orange hrm login

03-03-2025T22:12:25 - [TEST_STEP][PASSED] - callTestCase(findTestCase("Orange hrm verify header"), [:], STOP_ON_FAILURE): Call Test Case 'Test Cases/Orange hrm verify header' successfully

03-03-2025T22:12:26 - [TEST_CASE][PASSED] - Test Cases/Orange hrm verify header: Test Cases/Orange hrm verify header

03-03-2025T22:12:26 - [TEST_STEP][PASSED] - openBrowser(""): Browser is opened with url: ''

03-03-2025T22:12:26 - [MESSAGE][WARNING] - A browser is already opened. Closing browser and opening a new one

03-03-2025T22:12:30 - [MESSAGE][INFO] - Starting 'Chrome' driver

03-03-2025T22:12:30 - [MESSAGE][INFO] - Action delay is set to 0 milliseconds

03-03-2025T22:12:40 - [MESSAGE][PASSED] - Browser is opened with url: ''

03-03-2025T22:12:40 - [TEST_STEP][PASSED] - navigateToUrl("https://mamtabele-trials715.orangehrmlive.com/"): Navigate to 'https://mamtabele-trials715.orangehrmlive.com/' successfully

03-03-2025T22:12:47 - [MESSAGE][PASSED] - Navigate to 'https://mamtabele-trials715.orangehrmlive.com/' successfully

03-03-2025T22:12:47 - [TEST_STEP][PASSED] - rightClick(findTestObject("Object Repository/Page_OrangeHRM/img")): Object: 'Object Repository/Page_OrangeHRM/img' is right clicked on

03-03-2025T22:12:48 - [MESSAGE][PASSED] - Object: 'Object Repository/Page_OrangeHRM/img' is right clicked on

03-03-2025T22:12:48 - [TEST_STEP][PASSED] - verifyElementText(findTestObject("Object Repository/Page_OrangeHRM/img"), ""): Actual text and expected text of test object 'Object Repository/Page_OrangeHRM/img' are matched.

03-03-2025T22:12:48 - [MESSAGE][PASSED] - Actual text and expected text of test object 'Object Repository/Page_OrangeHRM/img' are matched.

03-03-2025T22:12:48 - [MESSAGE][PASSED] - Call Test Case 'Test Cases/Orange hrm verify header' successfully

03-03-2025T22:12:48 - [TEST_STEP][PASSED] - openBrowser(""): Browser is opened with url: ''

03-03-2025T22:12:48 - [MESSAGE][WARNING] - A browser is already opened. Closing browser and opening a new one

03-03-2025T22:12:50 - [MESSAGE][INFO] - Starting 'Chrome' driver

03-03-2025T22:12:50 - [MESSAGE][INFO] - Action delay is set to 0 milliseconds

03-03-2025T22:12:58 - [MESSAGE][PASSED] - Browser is opened with url: ''

03-03-2025T22:12:58 - [TEST_STEP][PASSED] - navigateToUrl("https://mamtabele-trials715.orangehrmlive.com/"): Navigate to 'https://mamtabele-trials715.orangehrmlive.com/' successfully

03-03-2025T22:13:02 - [MESSAGE][PASSED] - Navigate to 'https://mamtabele-trials715.orangehrmlive.com/' successfully

03-03-2025T22:13:02 - [TEST_STEP][PASSED] - setText(findTestObject("Object Repository/Page_OrangeHRM/input_Login_txtUsername"), "admin"): Text 'admin' is set on object 'Object Repository/Page_OrangeHRM/input_Login_txtUsername'

03-03-2025T22:13:04 - [MESSAGE][PASSED] - Text 'admin' is set on object 'Object Repository/Page_OrangeHRM/input_Login_txtUsername'

03-03-2025T22:13:04 - [TEST_STEP][PASSED] - setEncryptedText(findTestObject("Object Repository/Page_OrangeHRM/input_Login_txtPassword"), "Rh9ePu8J8PE="): Text ****** has been set on object 'Object Repository/Page_OrangeHRM/input_Login_txtPassword'

03-03-2025T22:13:04 - [MESSAGE][PASSED] - Text ****** has been set on object 'Object Repository/Page_OrangeHRM/input_Login_txtPassword'

03-03-2025T22:13:04 - [TEST_STEP][PASSED] - click(findTestObject("Object Repository/Page_OrangeHRM/img_Login_icon show-icon")): Object: 'Object Repository/Page_OrangeHRM/img_Login_icon show-icon' is clicked on

03-03-2025T22:13:05 - [MESSAGE][PASSED] - Object: 'Object Repository/Page_OrangeHRM/img_Login_icon show-icon' is clicked on

03-03-2025T22:13:05 - [TEST_STEP][PASSED] - click(findTestObject("Object Repository/Page_OrangeHRM/input_Login_txtPassword")): Object: 'Object Repository/Page_OrangeHRM/input_Login_txtPassword' is clicked on

03-03-2025T22:13:06 - [MESSAGE][PASSED] - Object: 'Object Repository/Page_OrangeHRM/input_Login_txtPassword' is clicked on

03-03-2025T22:13:06 - [TEST_STEP][PASSED] - setEncryptedText(findTestObject("Object Repository/Page_OrangeHRM/input_Login_txtPassword"), "N4wH1gbh6xA="): Text ****** has been set on object 'Object Repository/Page_OrangeHRM/input_Login_txtPassword'

03-03-2025T22:13:07 - [MESSAGE][PASSED] - Text ****** has been set on object 'Object Repository/Page_OrangeHRM/input_Login_txtPassword'

03-03-2025T22:13:07 - [TEST_STEP][PASSED] - click(findTestObject("Object Repository/Page_OrangeHRM/input_Login_txtPassword")): Object: 'Object Repository/Page_OrangeHRM/input_Login_txtPassword' is clicked on

03-03-2025T22:13:08 - [MESSAGE][PASSED] - Object: 'Object Repository/Page_OrangeHRM/input_Login_txtPassword' is clicked on

03-03-2025T22:13:08 - [TEST_STEP][PASSED] - setEncryptedText(findTestObject("Object Repository/Page_OrangeHRM/input_Login_txtPassword"), "8tjxhkGuP+cB73upl0w6BQ=="): Text ****** has been set on object 'Object Repository/Page_OrangeHRM/input_Login_txtPassword'

03-03-2025T22:13:08 - [MESSAGE][PASSED] - Text ****** has been set on object 'Object Repository/Page_OrangeHRM/input_Login_txtPassword'

03-03-2025T22:13:08 - [TEST_STEP][PASSED] - click(findTestObject("Object Repository/Page_OrangeHRM/button_Login")): Object: 'Object Repository/Page_OrangeHRM/button_Login' is clicked on

03-03-2025T22:13:18 - [MESSAGE][PASSED] - Object: 'Object Repository/Page_OrangeHRM/button_Login' is clicked on

03-03-2025T22:13:18 - [TEST_STEP][PASSED] - verifyElementText(findTestObject("Object Repository/Page_Employee Management/div_Admin"), "Admin"): Actual text and expected text of test object 'Object Repository/Page_Employee Management/div_Admin' are matched.

03-03-2025T22:13:27 - [MESSAGE][PASSED] - Actual text and expected text of test object 'Object Repository/Page_Employee Management/div_Admin' are matched.

03-03-2025T22:13:27 - [MESSAGE][PASSED] - Call Test Case 'Test Cases/Orange hrm login' successfully

03-03-2025T22:13:27 - [TEST_STEP][PASSED] - click(findTestObject("Object Repository/Page_Employee Management/span_Log Out")): Object: 'Object Repository/Page_Employee Management/span_Log Out' is clicked on

03-03-2025T22:13:36 - [MESSAGE][PASSED] - Object: 'Object Repository/Page_Employee Management/span_Log Out' is clicked on

03-03-2025T22:13:36 - [TEST_STEP][PASSED] - navigateToUrl("https://mamtabele-trials715.orangehrmlive.com/auth/login"): Navigate to 'https://mamtabele-trials715.orangehrmlive.com/auth/login' successfully

03-03-2025T22:13:39 - [MESSAGE][PASSED] - Navigate to 'https://mamtabele-trials715.orangehrmlive.com/auth/login' successfully

03-03-2025T22:13:39 - [TEST_STEP][PASSED] - rightClick(findTestObject("Object Repository/Page_OrangeHRM/div_Login")): Object: 'Object Repository/Page_OrangeHRM/div_Login' is right clicked on

03-03-2025T22:13:40 - [MESSAGE][PASSED] - Object: 'Object Repository/Page_OrangeHRM/div_Login' is right clicked on

03-03-2025T22:13:40 - [TEST_STEP][PASSED] - verifyElementPresent(findTestObject("Object Repository/Page_OrangeHRM/div_Login"), 0): Object 'Object Repository/Page_OrangeHRM/div_Login' is present

03-03-2025T22:13:40 - [MESSAGE][WARNING] - Timeout '0' is invalid. Using default page load timeout: '30'

03-03-2025T22:13:40 - [MESSAGE][PASSED] - Object 'Object Repository/Page_OrangeHRM/div_Login' is present]]></system-out>
         <system-err><![CDATA[]]></system-err>
      </testcase>
      <testcase name="Test Cases/Orange hrm login" time="68.943" classname="Test Cases/Orange hrm login" status="PASSED">
         <system-out><![CDATA[03-03-2025T22:13:40 - [TEST_CASE][PASSED] - Test Cases/Orange hrm login: Test Cases/Orange hrm login

03-03-2025T22:13:41 - [TEST_STEP][PASSED] - callTestCase(findTestCase("Orange hrm verify header"), [:], STOP_ON_FAILURE): Call Test Case 'Test Cases/Orange hrm verify header' successfully

03-03-2025T22:13:41 - [TEST_CASE][PASSED] - Test Cases/Orange hrm verify header: Test Cases/Orange hrm verify header

03-03-2025T22:13:41 - [TEST_STEP][PASSED] - openBrowser(""): Browser is opened with url: ''

03-03-2025T22:13:41 - [MESSAGE][WARNING] - A browser is already opened. Closing browser and opening a new one

03-03-2025T22:13:50 - [MESSAGE][INFO] - Starting 'Chrome' driver

03-03-2025T22:13:50 - [MESSAGE][INFO] - Action delay is set to 0 milliseconds

03-03-2025T22:14:01 - [MESSAGE][PASSED] - Browser is opened with url: ''

03-03-2025T22:14:01 - [TEST_STEP][PASSED] - navigateToUrl("https://mamtabele-trials715.orangehrmlive.com/"): Navigate to 'https://mamtabele-trials715.orangehrmlive.com/' successfully

03-03-2025T22:14:06 - [MESSAGE][PASSED] - Navigate to 'https://mamtabele-trials715.orangehrmlive.com/' successfully

03-03-2025T22:14:06 - [TEST_STEP][PASSED] - rightClick(findTestObject("Object Repository/Page_OrangeHRM/img")): Object: 'Object Repository/Page_OrangeHRM/img' is right clicked on

03-03-2025T22:14:07 - [MESSAGE][PASSED] - Object: 'Object Repository/Page_OrangeHRM/img' is right clicked on

03-03-2025T22:14:07 - [TEST_STEP][PASSED] - verifyElementText(findTestObject("Object Repository/Page_OrangeHRM/img"), ""): Actual text and expected text of test object 'Object Repository/Page_OrangeHRM/img' are matched.

03-03-2025T22:14:08 - [MESSAGE][PASSED] - Actual text and expected text of test object 'Object Repository/Page_OrangeHRM/img' are matched.

03-03-2025T22:14:08 - [MESSAGE][PASSED] - Call Test Case 'Test Cases/Orange hrm verify header' successfully

03-03-2025T22:14:08 - [TEST_STEP][PASSED] - openBrowser(""): Browser is opened with url: ''

03-03-2025T22:14:08 - [MESSAGE][WARNING] - A browser is already opened. Closing browser and opening a new one

03-03-2025T22:14:10 - [MESSAGE][INFO] - Starting 'Chrome' driver

03-03-2025T22:14:10 - [MESSAGE][INFO] - Action delay is set to 0 milliseconds

03-03-2025T22:14:19 - [MESSAGE][PASSED] - Browser is opened with url: ''

03-03-2025T22:14:19 - [TEST_STEP][PASSED] - navigateToUrl("https://mamtabele-trials715.orangehrmlive.com/"): Navigate to 'https://mamtabele-trials715.orangehrmlive.com/' successfully

03-03-2025T22:14:27 - [MESSAGE][PASSED] - Navigate to 'https://mamtabele-trials715.orangehrmlive.com/' successfully

03-03-2025T22:14:27 - [TEST_STEP][PASSED] - setText(findTestObject("Object Repository/Page_OrangeHRM/input_Login_txtUsername"), "admin"): Text 'admin' is set on object 'Object Repository/Page_OrangeHRM/input_Login_txtUsername'

03-03-2025T22:14:29 - [MESSAGE][PASSED] - Text 'admin' is set on object 'Object Repository/Page_OrangeHRM/input_Login_txtUsername'

03-03-2025T22:14:29 - [TEST_STEP][PASSED] - setEncryptedText(findTestObject("Object Repository/Page_OrangeHRM/input_Login_txtPassword"), "Rh9ePu8J8PE="): Text ****** has been set on object 'Object Repository/Page_OrangeHRM/input_Login_txtPassword'

03-03-2025T22:14:30 - [MESSAGE][PASSED] - Text ****** has been set on object 'Object Repository/Page_OrangeHRM/input_Login_txtPassword'

03-03-2025T22:14:30 - [TEST_STEP][PASSED] - click(findTestObject("Object Repository/Page_OrangeHRM/img_Login_icon show-icon")): Object: 'Object Repository/Page_OrangeHRM/img_Login_icon show-icon' is clicked on

03-03-2025T22:14:31 - [MESSAGE][PASSED] - Object: 'Object Repository/Page_OrangeHRM/img_Login_icon show-icon' is clicked on

03-03-2025T22:14:31 - [TEST_STEP][PASSED] - click(findTestObject("Object Repository/Page_OrangeHRM/input_Login_txtPassword")): Object: 'Object Repository/Page_OrangeHRM/input_Login_txtPassword' is clicked on

03-03-2025T22:14:31 - [MESSAGE][PASSED] - Object: 'Object Repository/Page_OrangeHRM/input_Login_txtPassword' is clicked on

03-03-2025T22:14:31 - [TEST_STEP][PASSED] - setEncryptedText(findTestObject("Object Repository/Page_OrangeHRM/input_Login_txtPassword"), "N4wH1gbh6xA="): Text ****** has been set on object 'Object Repository/Page_OrangeHRM/input_Login_txtPassword'

03-03-2025T22:14:32 - [MESSAGE][PASSED] - Text ****** has been set on object 'Object Repository/Page_OrangeHRM/input_Login_txtPassword'

03-03-2025T22:14:32 - [TEST_STEP][PASSED] - click(findTestObject("Object Repository/Page_OrangeHRM/input_Login_txtPassword")): Object: 'Object Repository/Page_OrangeHRM/input_Login_txtPassword' is clicked on

03-03-2025T22:14:32 - [MESSAGE][PASSED] - Object: 'Object Repository/Page_OrangeHRM/input_Login_txtPassword' is clicked on

03-03-2025T22:14:32 - [TEST_STEP][PASSED] - setEncryptedText(findTestObject("Object Repository/Page_OrangeHRM/input_Login_txtPassword"), "8tjxhkGuP+cB73upl0w6BQ=="): Text ****** has been set on object 'Object Repository/Page_OrangeHRM/input_Login_txtPassword'

03-03-2025T22:14:33 - [MESSAGE][PASSED] - Text ****** has been set on object 'Object Repository/Page_OrangeHRM/input_Login_txtPassword'

03-03-2025T22:14:33 - [TEST_STEP][PASSED] - click(findTestObject("Object Repository/Page_OrangeHRM/button_Login")): Object: 'Object Repository/Page_OrangeHRM/button_Login' is clicked on

03-03-2025T22:14:41 - [MESSAGE][PASSED] - Object: 'Object Repository/Page_OrangeHRM/button_Login' is clicked on

03-03-2025T22:14:41 - [TEST_STEP][PASSED] - verifyElementText(findTestObject("Object Repository/Page_Employee Management/div_Admin"), "Admin"): Actual text and expected text of test object 'Object Repository/Page_Employee Management/div_Admin' are matched.

03-03-2025T22:14:49 - [MESSAGE][PASSED] - Actual text and expected text of test object 'Object Repository/Page_Employee Management/div_Admin' are matched.]]></system-out>
         <system-err><![CDATA[]]></system-err>
      </testcase>
      <testcase name="Test Cases/Orange hrm ngative login" time="45.606" classname="Test Cases/Orange hrm ngative login" status="PASSED">
         <system-out><![CDATA[03-03-2025T22:14:49 - [TEST_CASE][PASSED] - Test Cases/Orange hrm ngative login: Test Cases/Orange hrm ngative login

03-03-2025T22:14:52 - [TEST_STEP][PASSED] - callTestCase(findTestCase("Orange hrm verify header"), [:], STOP_ON_FAILURE): Call Test Case 'Test Cases/Orange hrm verify header' successfully

03-03-2025T22:14:52 - [TEST_CASE][PASSED] - Test Cases/Orange hrm verify header: Test Cases/Orange hrm verify header

03-03-2025T22:14:52 - [TEST_STEP][PASSED] - openBrowser(""): Browser is opened with url: ''

03-03-2025T22:14:52 - [MESSAGE][WARNING] - A browser is already opened. Closing browser and opening a new one

03-03-2025T22:14:56 - [MESSAGE][INFO] - Starting 'Chrome' driver

03-03-2025T22:14:56 - [MESSAGE][INFO] - Action delay is set to 0 milliseconds

03-03-2025T22:15:03 - [MESSAGE][PASSED] - Browser is opened with url: ''

03-03-2025T22:15:03 - [TEST_STEP][PASSED] - navigateToUrl("https://mamtabele-trials715.orangehrmlive.com/"): Navigate to 'https://mamtabele-trials715.orangehrmlive.com/' successfully

03-03-2025T22:15:08 - [MESSAGE][PASSED] - Navigate to 'https://mamtabele-trials715.orangehrmlive.com/' successfully

03-03-2025T22:15:08 - [TEST_STEP][PASSED] - rightClick(findTestObject("Object Repository/Page_OrangeHRM/img")): Object: 'Object Repository/Page_OrangeHRM/img' is right clicked on

03-03-2025T22:15:09 - [MESSAGE][PASSED] - Object: 'Object Repository/Page_OrangeHRM/img' is right clicked on

03-03-2025T22:15:09 - [TEST_STEP][PASSED] - verifyElementText(findTestObject("Object Repository/Page_OrangeHRM/img"), ""): Actual text and expected text of test object 'Object Repository/Page_OrangeHRM/img' are matched.

03-03-2025T22:15:09 - [MESSAGE][PASSED] - Actual text and expected text of test object 'Object Repository/Page_OrangeHRM/img' are matched.

03-03-2025T22:15:09 - [MESSAGE][PASSED] - Call Test Case 'Test Cases/Orange hrm verify header' successfully

03-03-2025T22:15:09 - [TEST_STEP][PASSED] - openBrowser(""): Browser is opened with url: ''

03-03-2025T22:15:09 - [MESSAGE][WARNING] - A browser is already opened. Closing browser and opening a new one

03-03-2025T22:15:11 - [MESSAGE][INFO] - Starting 'Chrome' driver

03-03-2025T22:15:11 - [MESSAGE][INFO] - Action delay is set to 0 milliseconds

03-03-2025T22:15:17 - [MESSAGE][PASSED] - Browser is opened with url: ''

03-03-2025T22:15:17 - [TEST_STEP][PASSED] - navigateToUrl("https://mamtabele-trials715.orangehrmlive.com/"): Navigate to 'https://mamtabele-trials715.orangehrmlive.com/' successfully

03-03-2025T22:15:23 - [MESSAGE][PASSED] - Navigate to 'https://mamtabele-trials715.orangehrmlive.com/' successfully

03-03-2025T22:15:23 - [TEST_STEP][PASSED] - verifyElementPresent(findTestObject("Object Repository/Page_OrangeHRM/input_Login_txtUsername"), 0): Object 'Object Repository/Page_OrangeHRM/input_Login_txtUsername' is present

03-03-2025T22:15:23 - [MESSAGE][WARNING] - Timeout '0' is invalid. Using default page load timeout: '30'

03-03-2025T22:15:24 - [MESSAGE][PASSED] - Object 'Object Repository/Page_OrangeHRM/input_Login_txtUsername' is present

03-03-2025T22:15:24 - [TEST_STEP][PASSED] - verifyElementPresent(findTestObject("Object Repository/Page_OrangeHRM/input_Login_txtPassword"), 0): Object 'Object Repository/Page_OrangeHRM/input_Login_txtPassword' is present

03-03-2025T22:15:24 - [MESSAGE][WARNING] - Timeout '0' is invalid. Using default page load timeout: '30'

03-03-2025T22:15:24 - [MESSAGE][PASSED] - Object 'Object Repository/Page_OrangeHRM/input_Login_txtPassword' is present

03-03-2025T22:15:24 - [TEST_STEP][PASSED] - setText(findTestObject("Object Repository/Page_OrangeHRM/input_Login_txtUsername"), "test"): Text 'test' is set on object 'Object Repository/Page_OrangeHRM/input_Login_txtUsername'

03-03-2025T22:15:25 - [MESSAGE][PASSED] - Text 'test' is set on object 'Object Repository/Page_OrangeHRM/input_Login_txtUsername'

03-03-2025T22:15:25 - [TEST_STEP][PASSED] - click(findTestObject("Object Repository/Page_OrangeHRM/input_Login_txtUsername")): Object: 'Object Repository/Page_OrangeHRM/input_Login_txtUsername' is clicked on

03-03-2025T22:15:26 - [MESSAGE][PASSED] - Object: 'Object Repository/Page_OrangeHRM/input_Login_txtUsername' is clicked on

03-03-2025T22:15:26 - [TEST_STEP][PASSED] - setEncryptedText(findTestObject("Object Repository/Page_OrangeHRM/input_Login_txtPassword"), "P9ET2sDE0SE="): Text ****** has been set on object 'Object Repository/Page_OrangeHRM/input_Login_txtPassword'

03-03-2025T22:15:27 - [MESSAGE][PASSED] - Text ****** has been set on object 'Object Repository/Page_OrangeHRM/input_Login_txtPassword'

03-03-2025T22:15:27 - [TEST_STEP][PASSED] - click(findTestObject("Object Repository/Page_OrangeHRM/button_Login")): Object: 'Object Repository/Page_OrangeHRM/button_Login' is clicked on

03-03-2025T22:15:31 - [MESSAGE][PASSED] - Object: 'Object Repository/Page_OrangeHRM/button_Login' is clicked on

03-03-2025T22:15:31 - [TEST_STEP][PASSED] - rightClick(findTestObject("Object Repository/Page_OrangeHRM/div_Retry Login                            _158b1f")): Object: 'Object Repository/Page_OrangeHRM/div_Retry Login                            _158b1f' is right clicked on

03-03-2025T22:15:34 - [MESSAGE][PASSED] - Object: 'Object Repository/Page_OrangeHRM/div_Retry Login                            _158b1f' is right clicked on

03-03-2025T22:15:34 - [TEST_STEP][PASSED] - verifyElementPresent(findTestObject("Object Repository/Page_OrangeHRM/div_Retry Login"), 0): Object 'Object Repository/Page_OrangeHRM/div_Retry Login' is present

03-03-2025T22:15:34 - [MESSAGE][WARNING] - Timeout '0' is invalid. Using default page load timeout: '30'

03-03-2025T22:15:35 - [MESSAGE][PASSED] - Object 'Object Repository/Page_OrangeHRM/div_Retry Login' is present]]></system-out>
         <system-err><![CDATA[]]></system-err>
      </testcase>
      <testcase name="Test Cases/Test case 24" time="85.672" classname="Test Cases/Test case 24" status="PASSED">
         <system-out><![CDATA[03-03-2025T22:15:35 - [TEST_CASE][PASSED] - Test Cases/Test case 24: Test Cases/Test case 24

03-03-2025T22:15:36 - [TEST_STEP][PASSED] - callTestCase(findTestCase("Test Case21"), ["comments":"No Comments", "comments1":""make a appointment""], STOP_ON_FAILURE): Call Test Case 'Test Cases/Test Case21' successfully

03-03-2025T22:15:37 - [TEST_CASE][PASSED] - Test Cases/Test Case21: Test Cases/Test Case21

03-03-2025T22:15:38 - [TEST_STEP][PASSED] - callTestCase(findTestCase("Login positive"), ["username":"John Doe"], STOP_ON_FAILURE): Call Test Case 'Test Cases/Login positive' successfully

03-03-2025T22:15:38 - [TEST_CASE][PASSED] - Test Cases/Login positive: Test Cases/Login positive

03-03-2025T22:15:38 - [TEST_STEP][PASSED] - callTestCase(findTestCase("Click on appointment"), [:], STOP_ON_FAILURE): Call Test Case 'Test Cases/Click on appointment' successfully

03-03-2025T22:15:38 - [TEST_CASE][PASSED] - Test Cases/Click on appointment: Test Cases/Click on appointment

03-03-2025T22:15:39 - [TEST_STEP][PASSED] - openBrowser(""): Browser is opened with url: ''

03-03-2025T22:15:39 - [MESSAGE][WARNING] - A browser is already opened. Closing browser and opening a new one

03-03-2025T22:15:43 - [MESSAGE][INFO] - Starting 'Chrome' driver

03-03-2025T22:15:43 - [MESSAGE][INFO] - Action delay is set to 0 milliseconds

03-03-2025T22:15:48 - [MESSAGE][PASSED] - Browser is opened with url: ''

03-03-2025T22:15:48 - [TEST_STEP][PASSED] - navigateToUrl("https://katalon-demo-cura.herokuapp.com/"): Navigate to 'https://katalon-demo-cura.herokuapp.com/' successfully

03-03-2025T22:15:51 - [MESSAGE][PASSED] - Navigate to 'https://katalon-demo-cura.herokuapp.com/' successfully

03-03-2025T22:15:51 - [TEST_STEP][PASSED] - click(findTestObject("Object Repository/Page_CURA Healthcare Service/a_Make Appointment")): Object: 'Object Repository/Page_CURA Healthcare Service/a_Make Appointment' is clicked on

03-03-2025T22:15:53 - [MESSAGE][PASSED] - Object: 'Object Repository/Page_CURA Healthcare Service/a_Make Appointment' is clicked on

03-03-2025T22:15:53 - [TEST_STEP][PASSED] - verifyElementPresent(findTestObject("Object Repository/Page_CURA Healthcare Service/h2_Login"), 0): Object 'Object Repository/Page_CURA Healthcare Service/h2_Login' is present

03-03-2025T22:15:54 - [MESSAGE][WARNING] - Timeout '0' is invalid. Using default page load timeout: '30'

03-03-2025T22:15:54 - [MESSAGE][PASSED] - Object 'Object Repository/Page_CURA Healthcare Service/h2_Login' is present

03-03-2025T22:15:54 - [MESSAGE][PASSED] - Call Test Case 'Test Cases/Click on appointment' successfully

03-03-2025T22:15:54 - [TEST_STEP][PASSED] - setText(findTestObject("Object Repository/Page_CURA Healthcare Service/input_Username_username"), username): Text 'John Doe' is set on object 'Object Repository/Page_CURA Healthcare Service/input_Username_username'

03-03-2025T22:15:55 - [MESSAGE][PASSED] - Text 'John Doe' is set on object 'Object Repository/Page_CURA Healthcare Service/input_Username_username'

03-03-2025T22:15:55 - [TEST_STEP][PASSED] - setEncryptedText(findTestObject("Object Repository/Page_CURA Healthcare Service/input_Password_password"), "g3/DOGG74jC3Flrr3yH+3D/yKbOqqUNM"): Text ****** has been set on object 'Object Repository/Page_CURA Healthcare Service/input_Password_password'

03-03-2025T22:15:57 - [MESSAGE][PASSED] - Text ****** has been set on object 'Object Repository/Page_CURA Healthcare Service/input_Password_password'

03-03-2025T22:15:57 - [TEST_STEP][PASSED] - click(findTestObject("Object Repository/Page_CURA Healthcare Service/button_Login")): Object: 'Object Repository/Page_CURA Healthcare Service/button_Login' is clicked on

03-03-2025T22:15:59 - [MESSAGE][PASSED] - Object: 'Object Repository/Page_CURA Healthcare Service/button_Login' is clicked on

03-03-2025T22:15:59 - [TEST_STEP][PASSED] - click(findTestObject("Object Repository/Page_CURA Healthcare Service/i_CURA Healthcare_fa fa-bars")): Object: 'Object Repository/Page_CURA Healthcare Service/i_CURA Healthcare_fa fa-bars' is clicked on

03-03-2025T22:16:00 - [MESSAGE][PASSED] - Object: 'Object Repository/Page_CURA Healthcare Service/i_CURA Healthcare_fa fa-bars' is clicked on

03-03-2025T22:16:00 - [TEST_STEP][PASSED] - verifyElementPresent(findTestObject("Object Repository/Page_CURA Healthcare Service/a_Logout"), 0): Object 'Object Repository/Page_CURA Healthcare Service/a_Logout' is present

03-03-2025T22:16:00 - [MESSAGE][WARNING] - Timeout '0' is invalid. Using default page load timeout: '30'

03-03-2025T22:16:01 - [MESSAGE][PASSED] - Object 'Object Repository/Page_CURA Healthcare Service/a_Logout' is present

03-03-2025T22:16:01 - [MESSAGE][PASSED] - Call Test Case 'Test Cases/Login positive' successfully

03-03-2025T22:16:01 - [TEST_STEP][PASSED] - selectOptionByValue(findTestObject("Object Repository/Page_CURA Healthcare Service/select_Tokyo CURA Healthcare Center        _5b4107"), "Hongkong CURA Healthcare Center", true): All options with value 'Hongkong CURA Healthcare Center' are selected in object 'Object Repository/Page_CURA Healthcare Service/select_Tokyo CURA Healthcare Center        _5b4107'  using regular expression

03-03-2025T22:16:04 - [MESSAGE][PASSED] - All options with value 'Hongkong CURA Healthcare Center' are selected in object 'Object Repository/Page_CURA Healthcare Service/select_Tokyo CURA Healthcare Center        _5b4107'  using regular expression

03-03-2025T22:16:04 - [TEST_STEP][PASSED] - click(findTestObject("Object Repository/Page_CURA Healthcare Service/input_Apply for hospital readmission_hospit_63901f")): Object: 'Object Repository/Page_CURA Healthcare Service/input_Apply for hospital readmission_hospit_63901f' is clicked on

03-03-2025T22:16:05 - [MESSAGE][PASSED] - Object: 'Object Repository/Page_CURA Healthcare Service/input_Apply for hospital readmission_hospit_63901f' is clicked on

03-03-2025T22:16:05 - [TEST_STEP][PASSED] - click(findTestObject("Object Repository/Page_CURA Healthcare Service/input_Medicaid_programs")): Object: 'Object Repository/Page_CURA Healthcare Service/input_Medicaid_programs' is clicked on

03-03-2025T22:16:05 - [MESSAGE][PASSED] - Object: 'Object Repository/Page_CURA Healthcare Service/input_Medicaid_programs' is clicked on

03-03-2025T22:16:05 - [TEST_STEP][PASSED] - click(findTestObject("Object Repository/Page_CURA Healthcare Service/input_Visit Date (Required)_visit_date")): Object: 'Object Repository/Page_CURA Healthcare Service/input_Visit Date (Required)_visit_date' is clicked on

03-03-2025T22:16:06 - [MESSAGE][PASSED] - Object: 'Object Repository/Page_CURA Healthcare Service/input_Visit Date (Required)_visit_date' is clicked on

03-03-2025T22:16:06 - [TEST_STEP][PASSED] - click(findTestObject("Object Repository/Page_CURA Healthcare Service/th_")): Object: 'Object Repository/Page_CURA Healthcare Service/th_' is clicked on

03-03-2025T22:16:37 - [MESSAGE][INFO] - Unable to find the element located by 'By.xpath: (.//*[normalize-space(text()) and normalize-space(.)='February 2025'])[1]/following::th[1]'. Please recheck the objects properties to make sure the desired element is located. 

03-03-2025T22:16:37 - [MESSAGE][WARNING] - [SELF-HEALING] Failed to find element with id 'Object Repository/Page_CURA Healthcare Service/th_'. Try using Self-healing.

03-03-2025T22:16:38 - [MESSAGE][WARNING] - [SELF-HEALING] The current locator of test object 'Object Repository/Page_CURA Healthcare Service/th_' was broken. Propose an alternative one: '(.//*[normalize-space(text()) and normalize-space(.)=''])[1]/following::th[2]'.

03-03-2025T22:16:39 - [MESSAGE][PASSED] - Object: 'Object Repository/Page_CURA Healthcare Service/th_' is clicked on

03-03-2025T22:16:39 - [TEST_STEP][PASSED] - click(findTestObject("Object Repository/Page_CURA Healthcare Service/td_3")): Object: 'Object Repository/Page_CURA Healthcare Service/td_3' is clicked on

03-03-2025T22:16:39 - [MESSAGE][PASSED] - Object: 'Object Repository/Page_CURA Healthcare Service/td_3' is clicked on

03-03-2025T22:16:39 - [TEST_STEP][PASSED] - setText(findTestObject("Object Repository/Page_CURA Healthcare Service/textarea_Comment_comment"), comments): Text 'No Comments' is set on object 'Object Repository/Page_CURA Healthcare Service/textarea_Comment_comment'

03-03-2025T22:16:40 - [MESSAGE][PASSED] - Text 'No Comments' is set on object 'Object Repository/Page_CURA Healthcare Service/textarea_Comment_comment'

03-03-2025T22:16:40 - [TEST_STEP][PASSED] - click(findTestObject("Object Repository/Page_CURA Healthcare Service/button_Book Appointment")): Object: 'Object Repository/Page_CURA Healthcare Service/button_Book Appointment' is clicked on

03-03-2025T22:16:42 - [MESSAGE][PASSED] - Object: 'Object Repository/Page_CURA Healthcare Service/button_Book Appointment' is clicked on

03-03-2025T22:16:42 - [TEST_STEP][PASSED] - click(findTestObject("Object Repository/Page_CURA Healthcare Service/a_Go to Homepage")): Object: 'Object Repository/Page_CURA Healthcare Service/a_Go to Homepage' is clicked on

03-03-2025T22:16:43 - [MESSAGE][PASSED] - Object: 'Object Repository/Page_CURA Healthcare Service/a_Go to Homepage' is clicked on

03-03-2025T22:16:43 - [TEST_STEP][PASSED] - click(findTestObject("Object Repository/Page_CURA Healthcare Service/a_Make Appointment")): Object: 'Object Repository/Page_CURA Healthcare Service/a_Make Appointment' is clicked on

03-03-2025T22:16:44 - [MESSAGE][PASSED] - Object: 'Object Repository/Page_CURA Healthcare Service/a_Make Appointment' is clicked on

03-03-2025T22:16:44 - [TEST_STEP][PASSED] - selectOptionByValue(findTestObject("Object Repository/Page_CURA Healthcare Service/select_Tokyo CURA Healthcare Center        _5b4107"), "Seoul CURA Healthcare Center", true): All options with value 'Seoul CURA Healthcare Center' are selected in object 'Object Repository/Page_CURA Healthcare Service/select_Tokyo CURA Healthcare Center        _5b4107'  using regular expression

03-03-2025T22:16:46 - [MESSAGE][PASSED] - All options with value 'Seoul CURA Healthcare Center' are selected in object 'Object Repository/Page_CURA Healthcare Service/select_Tokyo CURA Healthcare Center        _5b4107'  using regular expression

03-03-2025T22:16:46 - [TEST_STEP][PASSED] - click(findTestObject("Object Repository/Page_CURA Healthcare Service/div_Apply for hospital readmission")): Object: 'Object Repository/Page_CURA Healthcare Service/div_Apply for hospital readmission' is clicked on

03-03-2025T22:16:47 - [MESSAGE][PASSED] - Object: 'Object Repository/Page_CURA Healthcare Service/div_Apply for hospital readmission' is clicked on

03-03-2025T22:16:47 - [TEST_STEP][PASSED] - click(findTestObject("Object Repository/Page_CURA Healthcare Service/input_Apply for hospital readmission_hospit_63901f")): Object: 'Object Repository/Page_CURA Healthcare Service/input_Apply for hospital readmission_hospit_63901f' is clicked on

03-03-2025T22:16:48 - [MESSAGE][PASSED] - Object: 'Object Repository/Page_CURA Healthcare Service/input_Apply for hospital readmission_hospit_63901f' is clicked on

03-03-2025T22:16:48 - [TEST_STEP][PASSED] - click(findTestObject("Object Repository/Page_CURA Healthcare Service/input_None_programs")): Object: 'Object Repository/Page_CURA Healthcare Service/input_None_programs' is clicked on

03-03-2025T22:16:48 - [MESSAGE][PASSED] - Object: 'Object Repository/Page_CURA Healthcare Service/input_None_programs' is clicked on

03-03-2025T22:16:48 - [TEST_STEP][PASSED] - click(findTestObject("Object Repository/Page_CURA Healthcare Service/input_Visit Date (Required)_visit_date")): Object: 'Object Repository/Page_CURA Healthcare Service/input_Visit Date (Required)_visit_date' is clicked on

03-03-2025T22:16:49 - [MESSAGE][PASSED] - Object: 'Object Repository/Page_CURA Healthcare Service/input_Visit Date (Required)_visit_date' is clicked on

03-03-2025T22:16:49 - [TEST_STEP][PASSED] - click(findTestObject("Object Repository/Page_CURA Healthcare Service/td_3_1")): Object: 'Object Repository/Page_CURA Healthcare Service/td_3_1' is clicked on

03-03-2025T22:16:50 - [MESSAGE][PASSED] - Object: 'Object Repository/Page_CURA Healthcare Service/td_3_1' is clicked on

03-03-2025T22:16:50 - [TEST_STEP][PASSED] - setText(findTestObject("Object Repository/Page_CURA Healthcare Service/textarea_Comment_comment"), comments1): Text '"make a appointment"' is set on object 'Object Repository/Page_CURA Healthcare Service/textarea_Comment_comment'

03-03-2025T22:16:51 - [MESSAGE][PASSED] - Text '"make a appointment"' is set on object 'Object Repository/Page_CURA Healthcare Service/textarea_Comment_comment'

03-03-2025T22:16:51 - [TEST_STEP][PASSED] - click(findTestObject("Object Repository/Page_CURA Healthcare Service/button_Book Appointment")): Object: 'Object Repository/Page_CURA Healthcare Service/button_Book Appointment' is clicked on

03-03-2025T22:16:52 - [MESSAGE][PASSED] - Object: 'Object Repository/Page_CURA Healthcare Service/button_Book Appointment' is clicked on

03-03-2025T22:16:52 - [TEST_STEP][PASSED] - verifyElementText(findTestObject("Object Repository/Page_CURA Healthcare Service/h2_Appointment Confirmation"), "Appointment Confirmation"): Actual text and expected text of test object 'Object Repository/Page_CURA Healthcare Service/h2_Appointment Confirmation' are matched.

03-03-2025T22:16:53 - [MESSAGE][PASSED] - Actual text and expected text of test object 'Object Repository/Page_CURA Healthcare Service/h2_Appointment Confirmation' are matched.

03-03-2025T22:16:53 - [MESSAGE][INFO] - 

03-03-2025T22:16:53 - [MESSAGE][INFO] - ===================== Self-healing Report ====================

03-03-2025T22:16:53 - [MESSAGE][INFO] - One of the failed test object locators has been recovered by Self-healing. Please refer to the Self-healing Insights tab for more details.

03-03-2025T22:16:53 - [MESSAGE][INFO] - To learn more about Self-healing, please read https://docs.katalon.com/katalon-studio/docs/self-healing.html

03-03-2025T22:16:53 - [MESSAGE][INFO] - ==============================================================

03-03-2025T22:16:53 - [MESSAGE][PASSED] - Call Test Case 'Test Cases/Test Case21' successfully

03-03-2025T22:16:53 - [TEST_STEP][PASSED] - click(findTestObject("Object Repository/Page_CURA Healthcare Service/a_Go to Homepage")): Object: 'Object Repository/Page_CURA Healthcare Service/a_Go to Homepage' is clicked on

03-03-2025T22:16:54 - [MESSAGE][PASSED] - Object: 'Object Repository/Page_CURA Healthcare Service/a_Go to Homepage' is clicked on

03-03-2025T22:16:54 - [TEST_STEP][PASSED] - selectOptionByValue(findTestObject("Object Repository/Page_CURA Healthcare Service/select_Tokyo CURA Healthcare Center        _5b4107"), "Seoul CURA Healthcare Center", true): All options with value 'Seoul CURA Healthcare Center' are selected in object 'Object Repository/Page_CURA Healthcare Service/select_Tokyo CURA Healthcare Center        _5b4107'  using regular expression

03-03-2025T22:16:55 - [MESSAGE][PASSED] - All options with value 'Seoul CURA Healthcare Center' are selected in object 'Object Repository/Page_CURA Healthcare Service/select_Tokyo CURA Healthcare Center        _5b4107'  using regular expression

03-03-2025T22:16:55 - [TEST_STEP][PASSED] - click(findTestObject("Object Repository/Page_CURA Healthcare Service/input_Apply for hospital readmission_hospit_63901f")): Object: 'Object Repository/Page_CURA Healthcare Service/input_Apply for hospital readmission_hospit_63901f' is clicked on

03-03-2025T22:16:56 - [MESSAGE][PASSED] - Object: 'Object Repository/Page_CURA Healthcare Service/input_Apply for hospital readmission_hospit_63901f' is clicked on

03-03-2025T22:16:56 - [TEST_STEP][PASSED] - click(findTestObject("Object Repository/Page_CURA Healthcare Service/input_None_programs")): Object: 'Object Repository/Page_CURA Healthcare Service/input_None_programs' is clicked on

03-03-2025T22:16:56 - [MESSAGE][PASSED] - Object: 'Object Repository/Page_CURA Healthcare Service/input_None_programs' is clicked on

03-03-2025T22:16:56 - [TEST_STEP][PASSED] - click(findTestObject("Object Repository/Page_CURA Healthcare Service/input_Visit Date (Required)_visit_date")): Object: 'Object Repository/Page_CURA Healthcare Service/input_Visit Date (Required)_visit_date' is clicked on

03-03-2025T22:16:57 - [MESSAGE][PASSED] - Object: 'Object Repository/Page_CURA Healthcare Service/input_Visit Date (Required)_visit_date' is clicked on

03-03-2025T22:16:57 - [TEST_STEP][PASSED] - click(findTestObject("Object Repository/Page_CURA Healthcare Service/td_28")): Object: 'Object Repository/Page_CURA Healthcare Service/td_28' is clicked on

03-03-2025T22:16:57 - [MESSAGE][PASSED] - Object: 'Object Repository/Page_CURA Healthcare Service/td_28' is clicked on

03-03-2025T22:16:57 - [TEST_STEP][PASSED] - click(findTestObject("Object Repository/Page_CURA Healthcare Service/button_Book Appointment")): Object: 'Object Repository/Page_CURA Healthcare Service/button_Book Appointment' is clicked on

03-03-2025T22:17:00 - [MESSAGE][PASSED] - Object: 'Object Repository/Page_CURA Healthcare Service/button_Book Appointment' is clicked on

03-03-2025T22:17:00 - [TEST_STEP][PASSED] - verifyElementPresent(findTestObject("Object Repository/Page_CURA Healthcare Service/p_Seoul CURA Healthcare Center"), 0): Object 'Object Repository/Page_CURA Healthcare Service/p_Seoul CURA Healthcare Center' is present

03-03-2025T22:17:00 - [MESSAGE][WARNING] - Timeout '0' is invalid. Using default page load timeout: '30'

03-03-2025T22:17:00 - [MESSAGE][PASSED] - Object 'Object Repository/Page_CURA Healthcare Service/p_Seoul CURA Healthcare Center' is present

03-03-2025T22:17:00 - [TEST_STEP][PASSED] - verifyElementPresent(findTestObject("Object Repository/Page_CURA Healthcare Service/p_28022025"), 0): Object 'Object Repository/Page_CURA Healthcare Service/p_28022025' is present

03-03-2025T22:17:00 - [MESSAGE][WARNING] - Timeout '0' is invalid. Using default page load timeout: '30'

03-03-2025T22:17:01 - [MESSAGE][PASSED] - Object 'Object Repository/Page_CURA Healthcare Service/p_28022025' is present]]></system-out>
         <system-err><![CDATA[]]></system-err>
      </testcase>
      <testcase name="Test Cases/Orange hrm verify header" time="23.472" classname="Test Cases/Orange hrm verify header" status="PASSED">
         <system-out><![CDATA[03-03-2025T22:17:01 - [TEST_CASE][PASSED] - Test Cases/Orange hrm verify header: Test Cases/Orange hrm verify header

03-03-2025T22:17:01 - [TEST_STEP][PASSED] - openBrowser(""): Browser is opened with url: ''

03-03-2025T22:17:01 - [MESSAGE][WARNING] - A browser is already opened. Closing browser and opening a new one

03-03-2025T22:17:11 - [MESSAGE][INFO] - Starting 'Chrome' driver

03-03-2025T22:17:11 - [MESSAGE][INFO] - Action delay is set to 0 milliseconds

03-03-2025T22:17:18 - [MESSAGE][PASSED] - Browser is opened with url: ''

03-03-2025T22:17:18 - [TEST_STEP][PASSED] - navigateToUrl("https://mamtabele-trials715.orangehrmlive.com/"): Navigate to 'https://mamtabele-trials715.orangehrmlive.com/' successfully

03-03-2025T22:17:23 - [MESSAGE][PASSED] - Navigate to 'https://mamtabele-trials715.orangehrmlive.com/' successfully

03-03-2025T22:17:23 - [TEST_STEP][PASSED] - rightClick(findTestObject("Object Repository/Page_OrangeHRM/img")): Object: 'Object Repository/Page_OrangeHRM/img' is right clicked on

03-03-2025T22:17:24 - [MESSAGE][PASSED] - Object: 'Object Repository/Page_OrangeHRM/img' is right clicked on

03-03-2025T22:17:24 - [TEST_STEP][PASSED] - verifyElementText(findTestObject("Object Repository/Page_OrangeHRM/img"), ""): Actual text and expected text of test object 'Object Repository/Page_OrangeHRM/img' are matched.

03-03-2025T22:17:24 - [MESSAGE][PASSED] - Actual text and expected text of test object 'Object Repository/Page_OrangeHRM/img' are matched.]]></system-out>
         <system-err><![CDATA[]]></system-err>
      </testcase>
      <testcase name="Test Cases/Test Case21" time="70.462" classname="Test Cases/Test Case21" status="PASSED">
         <properties>
            <property name="data_binding"><![CDATA[{"(Default) comme...":"\"make a appointment\""}]]></property>
         </properties>
         <system-out><![CDATA[03-03-2025T22:17:24 - [TEST_CASE][PASSED] - Test Cases/Test Case21: Test Cases/Test Case21

03-03-2025T22:17:25 - [TEST_STEP][PASSED] - callTestCase(findTestCase("Login positive"), ["username":"John Doe"], STOP_ON_FAILURE): Call Test Case 'Test Cases/Login positive' successfully

03-03-2025T22:17:25 - [TEST_CASE][PASSED] - Test Cases/Login positive: Test Cases/Login positive

03-03-2025T22:17:25 - [TEST_STEP][PASSED] - callTestCase(findTestCase("Click on appointment"), [:], STOP_ON_FAILURE): Call Test Case 'Test Cases/Click on appointment' successfully

03-03-2025T22:17:25 - [TEST_CASE][PASSED] - Test Cases/Click on appointment: Test Cases/Click on appointment

03-03-2025T22:17:25 - [TEST_STEP][PASSED] - openBrowser(""): Browser is opened with url: ''

03-03-2025T22:17:25 - [MESSAGE][WARNING] - A browser is already opened. Closing browser and opening a new one

03-03-2025T22:17:27 - [MESSAGE][INFO] - Starting 'Chrome' driver

03-03-2025T22:17:27 - [MESSAGE][INFO] - Action delay is set to 0 milliseconds

03-03-2025T22:17:33 - [MESSAGE][PASSED] - Browser is opened with url: ''

03-03-2025T22:17:33 - [TEST_STEP][PASSED] - navigateToUrl("https://katalon-demo-cura.herokuapp.com/"): Navigate to 'https://katalon-demo-cura.herokuapp.com/' successfully

03-03-2025T22:17:35 - [MESSAGE][PASSED] - Navigate to 'https://katalon-demo-cura.herokuapp.com/' successfully

03-03-2025T22:17:35 - [TEST_STEP][PASSED] - click(findTestObject("Object Repository/Page_CURA Healthcare Service/a_Make Appointment")): Object: 'Object Repository/Page_CURA Healthcare Service/a_Make Appointment' is clicked on

03-03-2025T22:17:38 - [MESSAGE][PASSED] - Object: 'Object Repository/Page_CURA Healthcare Service/a_Make Appointment' is clicked on

03-03-2025T22:17:38 - [TEST_STEP][PASSED] - verifyElementPresent(findTestObject("Object Repository/Page_CURA Healthcare Service/h2_Login"), 0): Object 'Object Repository/Page_CURA Healthcare Service/h2_Login' is present

03-03-2025T22:17:38 - [MESSAGE][WARNING] - Timeout '0' is invalid. Using default page load timeout: '30'

03-03-2025T22:17:39 - [MESSAGE][PASSED] - Object 'Object Repository/Page_CURA Healthcare Service/h2_Login' is present

03-03-2025T22:17:39 - [MESSAGE][PASSED] - Call Test Case 'Test Cases/Click on appointment' successfully

03-03-2025T22:17:39 - [TEST_STEP][PASSED] - setText(findTestObject("Object Repository/Page_CURA Healthcare Service/input_Username_username"), username): Text 'John Doe' is set on object 'Object Repository/Page_CURA Healthcare Service/input_Username_username'

03-03-2025T22:17:41 - [MESSAGE][PASSED] - Text 'John Doe' is set on object 'Object Repository/Page_CURA Healthcare Service/input_Username_username'

03-03-2025T22:17:41 - [TEST_STEP][PASSED] - setEncryptedText(findTestObject("Object Repository/Page_CURA Healthcare Service/input_Password_password"), "g3/DOGG74jC3Flrr3yH+3D/yKbOqqUNM"): Text ****** has been set on object 'Object Repository/Page_CURA Healthcare Service/input_Password_password'

03-03-2025T22:17:41 - [MESSAGE][PASSED] - Text ****** has been set on object 'Object Repository/Page_CURA Healthcare Service/input_Password_password'

03-03-2025T22:17:41 - [TEST_STEP][PASSED] - click(findTestObject("Object Repository/Page_CURA Healthcare Service/button_Login")): Object: 'Object Repository/Page_CURA Healthcare Service/button_Login' is clicked on

03-03-2025T22:17:44 - [MESSAGE][PASSED] - Object: 'Object Repository/Page_CURA Healthcare Service/button_Login' is clicked on

03-03-2025T22:17:44 - [TEST_STEP][PASSED] - click(findTestObject("Object Repository/Page_CURA Healthcare Service/i_CURA Healthcare_fa fa-bars")): Object: 'Object Repository/Page_CURA Healthcare Service/i_CURA Healthcare_fa fa-bars' is clicked on

03-03-2025T22:17:45 - [MESSAGE][PASSED] - Object: 'Object Repository/Page_CURA Healthcare Service/i_CURA Healthcare_fa fa-bars' is clicked on

03-03-2025T22:17:45 - [TEST_STEP][PASSED] - verifyElementPresent(findTestObject("Object Repository/Page_CURA Healthcare Service/a_Logout"), 0): Object 'Object Repository/Page_CURA Healthcare Service/a_Logout' is present

03-03-2025T22:17:45 - [MESSAGE][WARNING] - Timeout '0' is invalid. Using default page load timeout: '30'

03-03-2025T22:17:45 - [MESSAGE][PASSED] - Object 'Object Repository/Page_CURA Healthcare Service/a_Logout' is present

03-03-2025T22:17:45 - [MESSAGE][PASSED] - Call Test Case 'Test Cases/Login positive' successfully

03-03-2025T22:17:45 - [TEST_STEP][PASSED] - selectOptionByValue(findTestObject("Object Repository/Page_CURA Healthcare Service/select_Tokyo CURA Healthcare Center        _5b4107"), "Hongkong CURA Healthcare Center", true): All options with value 'Hongkong CURA Healthcare Center' are selected in object 'Object Repository/Page_CURA Healthcare Service/select_Tokyo CURA Healthcare Center        _5b4107'  using regular expression

03-03-2025T22:17:46 - [MESSAGE][PASSED] - All options with value 'Hongkong CURA Healthcare Center' are selected in object 'Object Repository/Page_CURA Healthcare Service/select_Tokyo CURA Healthcare Center        _5b4107'  using regular expression

03-03-2025T22:17:46 - [TEST_STEP][PASSED] - click(findTestObject("Object Repository/Page_CURA Healthcare Service/input_Apply for hospital readmission_hospit_63901f")): Object: 'Object Repository/Page_CURA Healthcare Service/input_Apply for hospital readmission_hospit_63901f' is clicked on

03-03-2025T22:17:47 - [MESSAGE][PASSED] - Object: 'Object Repository/Page_CURA Healthcare Service/input_Apply for hospital readmission_hospit_63901f' is clicked on

03-03-2025T22:17:47 - [TEST_STEP][PASSED] - click(findTestObject("Object Repository/Page_CURA Healthcare Service/input_Medicaid_programs")): Object: 'Object Repository/Page_CURA Healthcare Service/input_Medicaid_programs' is clicked on

03-03-2025T22:17:48 - [MESSAGE][PASSED] - Object: 'Object Repository/Page_CURA Healthcare Service/input_Medicaid_programs' is clicked on

03-03-2025T22:17:48 - [TEST_STEP][PASSED] - click(findTestObject("Object Repository/Page_CURA Healthcare Service/input_Visit Date (Required)_visit_date")): Object: 'Object Repository/Page_CURA Healthcare Service/input_Visit Date (Required)_visit_date' is clicked on

03-03-2025T22:17:48 - [MESSAGE][PASSED] - Object: 'Object Repository/Page_CURA Healthcare Service/input_Visit Date (Required)_visit_date' is clicked on

03-03-2025T22:17:48 - [TEST_STEP][PASSED] - click(findTestObject("Object Repository/Page_CURA Healthcare Service/th_")): Object: 'Object Repository/Page_CURA Healthcare Service/th_' is clicked on

03-03-2025T22:18:20 - [MESSAGE][INFO] - Unable to find the element located by 'By.xpath: (.//*[normalize-space(text()) and normalize-space(.)='February 2025'])[1]/following::th[1]'. Please recheck the objects properties to make sure the desired element is located. 

03-03-2025T22:18:20 - [MESSAGE][WARNING] - [SELF-HEALING] Failed to find element with id 'Object Repository/Page_CURA Healthcare Service/th_'. Try using Self-healing.

03-03-2025T22:18:21 - [MESSAGE][WARNING] - [SELF-HEALING] The current locator of test object 'Object Repository/Page_CURA Healthcare Service/th_' was broken. Propose an alternative one: '(.//*[normalize-space(text()) and normalize-space(.)=''])[1]/following::th[2]'.

03-03-2025T22:18:21 - [MESSAGE][PASSED] - Object: 'Object Repository/Page_CURA Healthcare Service/th_' is clicked on

03-03-2025T22:18:21 - [TEST_STEP][PASSED] - click(findTestObject("Object Repository/Page_CURA Healthcare Service/td_3")): Object: 'Object Repository/Page_CURA Healthcare Service/td_3' is clicked on

03-03-2025T22:18:22 - [MESSAGE][PASSED] - Object: 'Object Repository/Page_CURA Healthcare Service/td_3' is clicked on

03-03-2025T22:18:22 - [TEST_STEP][PASSED] - setText(findTestObject("Object Repository/Page_CURA Healthcare Service/textarea_Comment_comment"), comments): Text 'No Comments' is set on object 'Object Repository/Page_CURA Healthcare Service/textarea_Comment_comment'

03-03-2025T22:18:23 - [MESSAGE][PASSED] - Text 'No Comments' is set on object 'Object Repository/Page_CURA Healthcare Service/textarea_Comment_comment'

03-03-2025T22:18:23 - [TEST_STEP][PASSED] - click(findTestObject("Object Repository/Page_CURA Healthcare Service/button_Book Appointment")): Object: 'Object Repository/Page_CURA Healthcare Service/button_Book Appointment' is clicked on

03-03-2025T22:18:25 - [MESSAGE][PASSED] - Object: 'Object Repository/Page_CURA Healthcare Service/button_Book Appointment' is clicked on

03-03-2025T22:18:25 - [TEST_STEP][PASSED] - click(findTestObject("Object Repository/Page_CURA Healthcare Service/a_Go to Homepage")): Object: 'Object Repository/Page_CURA Healthcare Service/a_Go to Homepage' is clicked on

03-03-2025T22:18:26 - [MESSAGE][PASSED] - Object: 'Object Repository/Page_CURA Healthcare Service/a_Go to Homepage' is clicked on

03-03-2025T22:18:26 - [TEST_STEP][PASSED] - click(findTestObject("Object Repository/Page_CURA Healthcare Service/a_Make Appointment")): Object: 'Object Repository/Page_CURA Healthcare Service/a_Make Appointment' is clicked on

03-03-2025T22:18:27 - [MESSAGE][PASSED] - Object: 'Object Repository/Page_CURA Healthcare Service/a_Make Appointment' is clicked on

03-03-2025T22:18:27 - [TEST_STEP][PASSED] - selectOptionByValue(findTestObject("Object Repository/Page_CURA Healthcare Service/select_Tokyo CURA Healthcare Center        _5b4107"), "Seoul CURA Healthcare Center", true): All options with value 'Seoul CURA Healthcare Center' are selected in object 'Object Repository/Page_CURA Healthcare Service/select_Tokyo CURA Healthcare Center        _5b4107'  using regular expression

03-03-2025T22:18:28 - [MESSAGE][PASSED] - All options with value 'Seoul CURA Healthcare Center' are selected in object 'Object Repository/Page_CURA Healthcare Service/select_Tokyo CURA Healthcare Center        _5b4107'  using regular expression

03-03-2025T22:18:28 - [TEST_STEP][PASSED] - click(findTestObject("Object Repository/Page_CURA Healthcare Service/div_Apply for hospital readmission")): Object: 'Object Repository/Page_CURA Healthcare Service/div_Apply for hospital readmission' is clicked on

03-03-2025T22:18:29 - [MESSAGE][PASSED] - Object: 'Object Repository/Page_CURA Healthcare Service/div_Apply for hospital readmission' is clicked on

03-03-2025T22:18:29 - [TEST_STEP][PASSED] - click(findTestObject("Object Repository/Page_CURA Healthcare Service/input_Apply for hospital readmission_hospit_63901f")): Object: 'Object Repository/Page_CURA Healthcare Service/input_Apply for hospital readmission_hospit_63901f' is clicked on

03-03-2025T22:18:29 - [MESSAGE][PASSED] - Object: 'Object Repository/Page_CURA Healthcare Service/input_Apply for hospital readmission_hospit_63901f' is clicked on

03-03-2025T22:18:29 - [TEST_STEP][PASSED] - click(findTestObject("Object Repository/Page_CURA Healthcare Service/input_None_programs")): Object: 'Object Repository/Page_CURA Healthcare Service/input_None_programs' is clicked on

03-03-2025T22:18:30 - [MESSAGE][PASSED] - Object: 'Object Repository/Page_CURA Healthcare Service/input_None_programs' is clicked on

03-03-2025T22:18:30 - [TEST_STEP][PASSED] - click(findTestObject("Object Repository/Page_CURA Healthcare Service/input_Visit Date (Required)_visit_date")): Object: 'Object Repository/Page_CURA Healthcare Service/input_Visit Date (Required)_visit_date' is clicked on

03-03-2025T22:18:30 - [MESSAGE][PASSED] - Object: 'Object Repository/Page_CURA Healthcare Service/input_Visit Date (Required)_visit_date' is clicked on

03-03-2025T22:18:30 - [TEST_STEP][PASSED] - click(findTestObject("Object Repository/Page_CURA Healthcare Service/td_3_1")): Object: 'Object Repository/Page_CURA Healthcare Service/td_3_1' is clicked on

03-03-2025T22:18:31 - [MESSAGE][PASSED] - Object: 'Object Repository/Page_CURA Healthcare Service/td_3_1' is clicked on

03-03-2025T22:18:31 - [TEST_STEP][PASSED] - setText(findTestObject("Object Repository/Page_CURA Healthcare Service/textarea_Comment_comment"), comments1): Text '"make a appointment"' is set on object 'Object Repository/Page_CURA Healthcare Service/textarea_Comment_comment'

03-03-2025T22:18:33 - [MESSAGE][PASSED] - Text '"make a appointment"' is set on object 'Object Repository/Page_CURA Healthcare Service/textarea_Comment_comment'

03-03-2025T22:18:33 - [TEST_STEP][PASSED] - click(findTestObject("Object Repository/Page_CURA Healthcare Service/button_Book Appointment")): Object: 'Object Repository/Page_CURA Healthcare Service/button_Book Appointment' is clicked on

03-03-2025T22:18:34 - [MESSAGE][PASSED] - Object: 'Object Repository/Page_CURA Healthcare Service/button_Book Appointment' is clicked on

03-03-2025T22:18:34 - [TEST_STEP][PASSED] - verifyElementText(findTestObject("Object Repository/Page_CURA Healthcare Service/h2_Appointment Confirmation"), "Appointment Confirmation"): Actual text and expected text of test object 'Object Repository/Page_CURA Healthcare Service/h2_Appointment Confirmation' are matched.

03-03-2025T22:18:35 - [MESSAGE][PASSED] - Actual text and expected text of test object 'Object Repository/Page_CURA Healthcare Service/h2_Appointment Confirmation' are matched.]]></system-out>
         <system-err><![CDATA[]]></system-err>
      </testcase>
      <testcase name="Test Cases/Test case26" time="22.111" classname="Test Cases/Test case26" status="PASSED">
         <system-out><![CDATA[03-03-2025T22:18:35 - [TEST_CASE][PASSED] - Test Cases/Test case26: Test Cases/Test case26

03-03-2025T22:18:35 - [TEST_STEP][PASSED] - callTestCase(findTestCase("Click on appointment"), [:], STOP_ON_FAILURE): Call Test Case 'Test Cases/Click on appointment' successfully

03-03-2025T22:18:35 - [TEST_CASE][PASSED] - Test Cases/Click on appointment: Test Cases/Click on appointment

03-03-2025T22:18:35 - [TEST_STEP][PASSED] - openBrowser(""): Browser is opened with url: ''

03-03-2025T22:18:35 - [MESSAGE][WARNING] - A browser is already opened. Closing browser and opening a new one

03-03-2025T22:18:42 - [MESSAGE][INFO] - Starting 'Chrome' driver

03-03-2025T22:18:42 - [MESSAGE][INFO] - Action delay is set to 0 milliseconds

03-03-2025T22:18:48 - [MESSAGE][PASSED] - Browser is opened with url: ''

03-03-2025T22:18:48 - [TEST_STEP][PASSED] - navigateToUrl("https://katalon-demo-cura.herokuapp.com/"): Navigate to 'https://katalon-demo-cura.herokuapp.com/' successfully

03-03-2025T22:18:55 - [MESSAGE][PASSED] - Navigate to 'https://katalon-demo-cura.herokuapp.com/' successfully

03-03-2025T22:18:55 - [TEST_STEP][PASSED] - click(findTestObject("Object Repository/Page_CURA Healthcare Service/a_Make Appointment")): Object: 'Object Repository/Page_CURA Healthcare Service/a_Make Appointment' is clicked on

03-03-2025T22:18:56 - [MESSAGE][PASSED] - Object: 'Object Repository/Page_CURA Healthcare Service/a_Make Appointment' is clicked on

03-03-2025T22:18:56 - [TEST_STEP][PASSED] - verifyElementPresent(findTestObject("Object Repository/Page_CURA Healthcare Service/h2_Login"), 0): Object 'Object Repository/Page_CURA Healthcare Service/h2_Login' is present

03-03-2025T22:18:56 - [MESSAGE][WARNING] - Timeout '0' is invalid. Using default page load timeout: '30'

03-03-2025T22:18:57 - [MESSAGE][PASSED] - Object 'Object Repository/Page_CURA Healthcare Service/h2_Login' is present

03-03-2025T22:18:57 - [MESSAGE][PASSED] - Call Test Case 'Test Cases/Click on appointment' successfully]]></system-out>
         <system-err><![CDATA[]]></system-err>
      </testcase>
      <testcase name="Test Cases/TestCase 25" time="23.532" classname="Test Cases/TestCase 25" status="PASSED">
         <system-out><![CDATA[03-03-2025T22:18:57 - [TEST_CASE][PASSED] - Test Cases/TestCase 25: Test Cases/TestCase 25

03-03-2025T22:18:58 - [TEST_STEP][PASSED] - callTestCase(findTestCase("Login positive"), ["username":"John Doe"], STOP_ON_FAILURE): Call Test Case 'Test Cases/Login positive' successfully

03-03-2025T22:18:58 - [TEST_CASE][PASSED] - Test Cases/Login positive: Test Cases/Login positive

03-03-2025T22:18:58 - [TEST_STEP][PASSED] - callTestCase(findTestCase("Click on appointment"), [:], STOP_ON_FAILURE): Call Test Case 'Test Cases/Click on appointment' successfully

03-03-2025T22:18:58 - [TEST_CASE][PASSED] - Test Cases/Click on appointment: Test Cases/Click on appointment

03-03-2025T22:18:58 - [TEST_STEP][PASSED] - openBrowser(""): Browser is opened with url: ''

03-03-2025T22:18:58 - [MESSAGE][WARNING] - A browser is already opened. Closing browser and opening a new one

03-03-2025T22:19:03 - [MESSAGE][INFO] - Starting 'Chrome' driver

03-03-2025T22:19:03 - [MESSAGE][INFO] - Action delay is set to 0 milliseconds

03-03-2025T22:19:10 - [MESSAGE][PASSED] - Browser is opened with url: ''

03-03-2025T22:19:10 - [TEST_STEP][PASSED] - navigateToUrl("https://katalon-demo-cura.herokuapp.com/"): Navigate to 'https://katalon-demo-cura.herokuapp.com/' successfully

03-03-2025T22:19:13 - [MESSAGE][PASSED] - Navigate to 'https://katalon-demo-cura.herokuapp.com/' successfully

03-03-2025T22:19:13 - [TEST_STEP][PASSED] - click(findTestObject("Object Repository/Page_CURA Healthcare Service/a_Make Appointment")): Object: 'Object Repository/Page_CURA Healthcare Service/a_Make Appointment' is clicked on

03-03-2025T22:19:15 - [MESSAGE][PASSED] - Object: 'Object Repository/Page_CURA Healthcare Service/a_Make Appointment' is clicked on

03-03-2025T22:19:15 - [TEST_STEP][PASSED] - verifyElementPresent(findTestObject("Object Repository/Page_CURA Healthcare Service/h2_Login"), 0): Object 'Object Repository/Page_CURA Healthcare Service/h2_Login' is present

03-03-2025T22:19:15 - [MESSAGE][WARNING] - Timeout '0' is invalid. Using default page load timeout: '30'

03-03-2025T22:19:16 - [MESSAGE][PASSED] - Object 'Object Repository/Page_CURA Healthcare Service/h2_Login' is present

03-03-2025T22:19:16 - [MESSAGE][PASSED] - Call Test Case 'Test Cases/Click on appointment' successfully

03-03-2025T22:19:16 - [TEST_STEP][PASSED] - setText(findTestObject("Object Repository/Page_CURA Healthcare Service/input_Username_username"), username): Text 'John Doe' is set on object 'Object Repository/Page_CURA Healthcare Service/input_Username_username'

03-03-2025T22:19:17 - [MESSAGE][PASSED] - Text 'John Doe' is set on object 'Object Repository/Page_CURA Healthcare Service/input_Username_username'

03-03-2025T22:19:17 - [TEST_STEP][PASSED] - setEncryptedText(findTestObject("Object Repository/Page_CURA Healthcare Service/input_Password_password"), "g3/DOGG74jC3Flrr3yH+3D/yKbOqqUNM"): Text ****** has been set on object 'Object Repository/Page_CURA Healthcare Service/input_Password_password'

03-03-2025T22:19:17 - [MESSAGE][PASSED] - Text ****** has been set on object 'Object Repository/Page_CURA Healthcare Service/input_Password_password'

03-03-2025T22:19:17 - [TEST_STEP][PASSED] - click(findTestObject("Object Repository/Page_CURA Healthcare Service/button_Login")): Object: 'Object Repository/Page_CURA Healthcare Service/button_Login' is clicked on

03-03-2025T22:19:19 - [MESSAGE][PASSED] - Object: 'Object Repository/Page_CURA Healthcare Service/button_Login' is clicked on

03-03-2025T22:19:19 - [TEST_STEP][PASSED] - click(findTestObject("Object Repository/Page_CURA Healthcare Service/i_CURA Healthcare_fa fa-bars")): Object: 'Object Repository/Page_CURA Healthcare Service/i_CURA Healthcare_fa fa-bars' is clicked on

03-03-2025T22:19:20 - [MESSAGE][PASSED] - Object: 'Object Repository/Page_CURA Healthcare Service/i_CURA Healthcare_fa fa-bars' is clicked on

03-03-2025T22:19:20 - [TEST_STEP][PASSED] - verifyElementPresent(findTestObject("Object Repository/Page_CURA Healthcare Service/a_Logout"), 0): Object 'Object Repository/Page_CURA Healthcare Service/a_Logout' is present

03-03-2025T22:19:20 - [MESSAGE][WARNING] - Timeout '0' is invalid. Using default page load timeout: '30'

03-03-2025T22:19:20 - [MESSAGE][PASSED] - Object 'Object Repository/Page_CURA Healthcare Service/a_Logout' is present

03-03-2025T22:19:20 - [MESSAGE][PASSED] - Call Test Case 'Test Cases/Login positive' successfully]]></system-out>
         <system-err><![CDATA[]]></system-err>
      </testcase>
      <testcase name="Test Cases/Verify appointment page" time="18.078" classname="Test Cases/Verify appointment page" status="PASSED">
         <system-out><![CDATA[03-03-2025T22:19:20 - [TEST_CASE][PASSED] - Test Cases/Verify appointment page: Test Cases/Verify appointment page

03-03-2025T22:19:22 - [TEST_STEP][PASSED] - callTestCase(findTestCase("Login positive"), [:], STOP_ON_FAILURE): Call Test Case 'Test Cases/Login positive' successfully

03-03-2025T22:19:22 - [TEST_CASE][PASSED] - Test Cases/Login positive: Test Cases/Login positive

03-03-2025T22:19:22 - [TEST_STEP][PASSED] - callTestCase(findTestCase("Click on appointment"), [:], STOP_ON_FAILURE): Call Test Case 'Test Cases/Click on appointment' successfully

03-03-2025T22:19:22 - [TEST_CASE][PASSED] - Test Cases/Click on appointment: Test Cases/Click on appointment

03-03-2025T22:19:22 - [TEST_STEP][PASSED] - openBrowser(""): Browser is opened with url: ''

03-03-2025T22:19:22 - [MESSAGE][WARNING] - A browser is already opened. Closing browser and opening a new one

03-03-2025T22:19:23 - [MESSAGE][INFO] - Starting 'Chrome' driver

03-03-2025T22:19:23 - [MESSAGE][INFO] - Action delay is set to 0 milliseconds

03-03-2025T22:19:30 - [MESSAGE][PASSED] - Browser is opened with url: ''

03-03-2025T22:19:30 - [TEST_STEP][PASSED] - navigateToUrl("https://katalon-demo-cura.herokuapp.com/"): Navigate to 'https://katalon-demo-cura.herokuapp.com/' successfully

03-03-2025T22:19:32 - [MESSAGE][PASSED] - Navigate to 'https://katalon-demo-cura.herokuapp.com/' successfully

03-03-2025T22:19:32 - [TEST_STEP][PASSED] - click(findTestObject("Object Repository/Page_CURA Healthcare Service/a_Make Appointment")): Object: 'Object Repository/Page_CURA Healthcare Service/a_Make Appointment' is clicked on

03-03-2025T22:19:34 - [MESSAGE][PASSED] - Object: 'Object Repository/Page_CURA Healthcare Service/a_Make Appointment' is clicked on

03-03-2025T22:19:34 - [TEST_STEP][PASSED] - verifyElementPresent(findTestObject("Object Repository/Page_CURA Healthcare Service/h2_Login"), 0): Object 'Object Repository/Page_CURA Healthcare Service/h2_Login' is present

03-03-2025T22:19:34 - [MESSAGE][WARNING] - Timeout '0' is invalid. Using default page load timeout: '30'

03-03-2025T22:19:34 - [MESSAGE][PASSED] - Object 'Object Repository/Page_CURA Healthcare Service/h2_Login' is present

03-03-2025T22:19:34 - [MESSAGE][PASSED] - Call Test Case 'Test Cases/Click on appointment' successfully

03-03-2025T22:19:34 - [TEST_STEP][PASSED] - setText(findTestObject("Object Repository/Page_CURA Healthcare Service/input_Username_username"), username): Text 'John Doe' is set on object 'Object Repository/Page_CURA Healthcare Service/input_Username_username'

03-03-2025T22:19:35 - [MESSAGE][PASSED] - Text 'John Doe' is set on object 'Object Repository/Page_CURA Healthcare Service/input_Username_username'

03-03-2025T22:19:35 - [TEST_STEP][PASSED] - setEncryptedText(findTestObject("Object Repository/Page_CURA Healthcare Service/input_Password_password"), "g3/DOGG74jC3Flrr3yH+3D/yKbOqqUNM"): Text ****** has been set on object 'Object Repository/Page_CURA Healthcare Service/input_Password_password'

03-03-2025T22:19:36 - [MESSAGE][PASSED] - Text ****** has been set on object 'Object Repository/Page_CURA Healthcare Service/input_Password_password'

03-03-2025T22:19:36 - [TEST_STEP][PASSED] - click(findTestObject("Object Repository/Page_CURA Healthcare Service/button_Login")): Object: 'Object Repository/Page_CURA Healthcare Service/button_Login' is clicked on

03-03-2025T22:19:38 - [MESSAGE][PASSED] - Object: 'Object Repository/Page_CURA Healthcare Service/button_Login' is clicked on

03-03-2025T22:19:38 - [TEST_STEP][PASSED] - click(findTestObject("Object Repository/Page_CURA Healthcare Service/i_CURA Healthcare_fa fa-bars")): Object: 'Object Repository/Page_CURA Healthcare Service/i_CURA Healthcare_fa fa-bars' is clicked on

03-03-2025T22:19:38 - [MESSAGE][PASSED] - Object: 'Object Repository/Page_CURA Healthcare Service/i_CURA Healthcare_fa fa-bars' is clicked on

03-03-2025T22:19:38 - [TEST_STEP][PASSED] - verifyElementPresent(findTestObject("Object Repository/Page_CURA Healthcare Service/a_Logout"), 0): Object 'Object Repository/Page_CURA Healthcare Service/a_Logout' is present

03-03-2025T22:19:38 - [MESSAGE][WARNING] - Timeout '0' is invalid. Using default page load timeout: '30'

03-03-2025T22:19:39 - [MESSAGE][PASSED] - Object 'Object Repository/Page_CURA Healthcare Service/a_Logout' is present

03-03-2025T22:19:39 - [MESSAGE][PASSED] - Call Test Case 'Test Cases/Login positive' successfully]]></system-out>
         <system-err><![CDATA[]]></system-err>
      </testcase>
      <testcase name="Test Cases/verify first page" time="12.211" classname="Test Cases/verify first page" status="PASSED">
         <system-out><![CDATA[03-03-2025T22:19:39 - [TEST_CASE][PASSED] - Test Cases/verify first page: Test Cases/verify first page

03-03-2025T22:19:39 - [TEST_STEP][PASSED] - openBrowser(""): Browser is opened with url: ''

03-03-2025T22:19:39 - [MESSAGE][WARNING] - A browser is already opened. Closing browser and opening a new one

03-03-2025T22:19:40 - [MESSAGE][INFO] - Starting 'Chrome' driver

03-03-2025T22:19:40 - [MESSAGE][INFO] - Action delay is set to 0 milliseconds

03-03-2025T22:19:47 - [MESSAGE][PASSED] - Browser is opened with url: ''

03-03-2025T22:19:47 - [TEST_STEP][PASSED] - navigateToUrl("https://katalon-demo-cura.herokuapp.com/"): Navigate to 'https://katalon-demo-cura.herokuapp.com/' successfully

03-03-2025T22:19:50 - [MESSAGE][PASSED] - Navigate to 'https://katalon-demo-cura.herokuapp.com/' successfully

03-03-2025T22:19:50 - [TEST_STEP][PASSED] - verifyElementPresent(findTestObject("Object Repository/Page_CURA Healthcare Service/a_Make Appointment"), 0): Object 'Object Repository/Page_CURA Healthcare Service/a_Make Appointment' is present

03-03-2025T22:19:50 - [MESSAGE][WARNING] - Timeout '0' is invalid. Using default page load timeout: '30'

03-03-2025T22:19:51 - [MESSAGE][PASSED] - Object 'Object Repository/Page_CURA Healthcare Service/a_Make Appointment' is present]]></system-out>
         <system-err><![CDATA[]]></system-err>
      </testcase>
      <testcase name="Test Cases/Verify login page 12" time="13.622" classname="Test Cases/Verify login page 12" status="PASSED">
         <system-out><![CDATA[03-03-2025T22:19:51 - [TEST_CASE][PASSED] - Test Cases/Verify login page 12: Test Cases/Verify login page 12

03-03-2025T22:19:51 - [TEST_STEP][PASSED] - openBrowser(""): Browser is opened with url: ''

03-03-2025T22:19:51 - [MESSAGE][WARNING] - A browser is already opened. Closing browser and opening a new one

03-03-2025T22:19:52 - [MESSAGE][INFO] - Starting 'Chrome' driver

03-03-2025T22:19:52 - [MESSAGE][INFO] - Action delay is set to 0 milliseconds

03-03-2025T22:19:57 - [MESSAGE][PASSED] - Browser is opened with url: ''

03-03-2025T22:19:57 - [TEST_STEP][PASSED] - navigateToUrl("https://katalon-demo-cura.herokuapp.com/"): Navigate to 'https://katalon-demo-cura.herokuapp.com/' successfully

03-03-2025T22:20:00 - [MESSAGE][PASSED] - Navigate to 'https://katalon-demo-cura.herokuapp.com/' successfully

03-03-2025T22:20:00 - [TEST_STEP][PASSED] - click(findTestObject("Object Repository/Page_CURA Healthcare Service/a_Make Appointment")): Object: 'Object Repository/Page_CURA Healthcare Service/a_Make Appointment' is clicked on

03-03-2025T22:20:01 - [MESSAGE][PASSED] - Object: 'Object Repository/Page_CURA Healthcare Service/a_Make Appointment' is clicked on

03-03-2025T22:20:01 - [TEST_STEP][PASSED] - verifyElementText(findTestObject("Object Repository/Page_CURA Healthcare Service/h2_Login"), "Login"): Actual text and expected text of test object 'Object Repository/Page_CURA Healthcare Service/h2_Login' are matched.

03-03-2025T22:20:02 - [MESSAGE][PASSED] - Actual text and expected text of test object 'Object Repository/Page_CURA Healthcare Service/h2_Login' are matched.

03-03-2025T22:20:02 - [TEST_STEP][PASSED] - rightClick(findTestObject("Object Repository/Page_CURA Healthcare Service/p_Please login to make appointment")): Object: 'Object Repository/Page_CURA Healthcare Service/p_Please login to make appointment' is right clicked on

03-03-2025T22:20:03 - [MESSAGE][PASSED] - Object: 'Object Repository/Page_CURA Healthcare Service/p_Please login to make appointment' is right clicked on

03-03-2025T22:20:03 - [TEST_STEP][PASSED] - rightClick(findTestObject("Object Repository/Page_CURA Healthcare Service/p_Please login to make appointment")): Object: 'Object Repository/Page_CURA Healthcare Service/p_Please login to make appointment' is right clicked on

03-03-2025T22:20:04 - [MESSAGE][PASSED] - Object: 'Object Repository/Page_CURA Healthcare Service/p_Please login to make appointment' is right clicked on

03-03-2025T22:20:04 - [TEST_STEP][PASSED] - verifyElementText(findTestObject("Object Repository/Page_CURA Healthcare Service/p_Please login to make appointment"), "Please login to make appointment."): Actual text and expected text of test object 'Object Repository/Page_CURA Healthcare Service/p_Please login to make appointment' are matched.

03-03-2025T22:20:04 - [MESSAGE][PASSED] - Actual text and expected text of test object 'Object Repository/Page_CURA Healthcare Service/p_Please login to make appointment' are matched.]]></system-out>
         <system-err><![CDATA[]]></system-err>
      </testcase>
      <testcase name="Test Cases/verify page 1 header" time="11.045" classname="Test Cases/verify page 1 header" status="PASSED">
         <system-out><![CDATA[03-03-2025T22:20:04 - [TEST_CASE][PASSED] - Test Cases/verify page 1 header: Test Cases/verify page 1 header

03-03-2025T22:20:05 - [TEST_STEP][PASSED] - openBrowser(""): Browser is opened with url: ''

03-03-2025T22:20:05 - [MESSAGE][WARNING] - A browser is already opened. Closing browser and opening a new one

03-03-2025T22:20:06 - [MESSAGE][INFO] - Starting 'Chrome' driver

03-03-2025T22:20:06 - [MESSAGE][INFO] - Action delay is set to 0 milliseconds

03-03-2025T22:20:12 - [MESSAGE][PASSED] - Browser is opened with url: ''

03-03-2025T22:20:12 - [TEST_STEP][PASSED] - navigateToUrl("https://katalon-demo-cura.herokuapp.com/"): Navigate to 'https://katalon-demo-cura.herokuapp.com/' successfully

03-03-2025T22:20:15 - [MESSAGE][PASSED] - Navigate to 'https://katalon-demo-cura.herokuapp.com/' successfully

03-03-2025T22:20:15 - [TEST_STEP][PASSED] - verifyElementText(findTestObject("Object Repository/Page_CURA Healthcare Service/h1_CURA Healthcare Service"), "CURA Healthcare Service"): Actual text and expected text of test object 'Object Repository/Page_CURA Healthcare Service/h1_CURA Healthcare Service' are matched.

03-03-2025T22:20:16 - [MESSAGE][PASSED] - Actual text and expected text of test object 'Object Repository/Page_CURA Healthcare Service/h1_CURA Healthcare Service' are matched.]]></system-out>
         <system-err><![CDATA[]]></system-err>
      </testcase>
      <testcase name="Test Cases/Verify login page" time="12.881" classname="Test Cases/Verify login page" status="PASSED">
         <system-out><![CDATA[03-03-2025T22:20:16 - [TEST_CASE][PASSED] - Test Cases/Verify login page: Test Cases/Verify login page

03-03-2025T22:20:16 - [TEST_STEP][PASSED] - callTestCase(findTestCase("Click on appointment"), [:], STOP_ON_FAILURE): Call Test Case 'Test Cases/Click on appointment' successfully

03-03-2025T22:20:16 - [TEST_CASE][PASSED] - Test Cases/Click on appointment: Test Cases/Click on appointment

03-03-2025T22:20:16 - [TEST_STEP][PASSED] - openBrowser(""): Browser is opened with url: ''

03-03-2025T22:20:16 - [MESSAGE][WARNING] - A browser is already opened. Closing browser and opening a new one

03-03-2025T22:20:17 - [MESSAGE][INFO] - Starting 'Chrome' driver

03-03-2025T22:20:17 - [MESSAGE][INFO] - Action delay is set to 0 milliseconds

03-03-2025T22:20:21 - [MESSAGE][PASSED] - Browser is opened with url: ''

03-03-2025T22:20:21 - [TEST_STEP][PASSED] - navigateToUrl("https://katalon-demo-cura.herokuapp.com/"): Navigate to 'https://katalon-demo-cura.herokuapp.com/' successfully

03-03-2025T22:20:24 - [MESSAGE][PASSED] - Navigate to 'https://katalon-demo-cura.herokuapp.com/' successfully

03-03-2025T22:20:24 - [TEST_STEP][PASSED] - click(findTestObject("Object Repository/Page_CURA Healthcare Service/a_Make Appointment")): Object: 'Object Repository/Page_CURA Healthcare Service/a_Make Appointment' is clicked on

03-03-2025T22:20:26 - [MESSAGE][PASSED] - Object: 'Object Repository/Page_CURA Healthcare Service/a_Make Appointment' is clicked on

03-03-2025T22:20:26 - [TEST_STEP][PASSED] - verifyElementPresent(findTestObject("Object Repository/Page_CURA Healthcare Service/h2_Login"), 0): Object 'Object Repository/Page_CURA Healthcare Service/h2_Login' is present

03-03-2025T22:20:27 - [MESSAGE][WARNING] - Timeout '0' is invalid. Using default page load timeout: '30'

03-03-2025T22:20:27 - [MESSAGE][PASSED] - Object 'Object Repository/Page_CURA Healthcare Service/h2_Login' is present

03-03-2025T22:20:27 - [MESSAGE][PASSED] - Call Test Case 'Test Cases/Click on appointment' successfully

03-03-2025T22:20:27 - [TEST_STEP][PASSED] - verifyElementPresent(findTestObject("Object Repository/Page_CURA Healthcare Service/input_Username_username"), 0): Object 'Object Repository/Page_CURA Healthcare Service/input_Username_username' is present

03-03-2025T22:20:27 - [MESSAGE][WARNING] - Timeout '0' is invalid. Using default page load timeout: '30'

03-03-2025T22:20:27 - [MESSAGE][PASSED] - Object 'Object Repository/Page_CURA Healthcare Service/input_Username_username' is present

03-03-2025T22:20:27 - [TEST_STEP][PASSED] - verifyElementPresent(findTestObject("Object Repository/Page_CURA Healthcare Service/input_Password_password"), 0): Object 'Object Repository/Page_CURA Healthcare Service/input_Password_password' is present

03-03-2025T22:20:27 - [MESSAGE][WARNING] - Timeout '0' is invalid. Using default page load timeout: '30'

03-03-2025T22:20:28 - [MESSAGE][PASSED] - Object 'Object Repository/Page_CURA Healthcare Service/input_Password_password' is present

03-03-2025T22:20:28 - [TEST_STEP][PASSED] - verifyElementPresent(findTestObject("Object Repository/Page_CURA Healthcare Service/button_Login"), 0): Object 'Object Repository/Page_CURA Healthcare Service/button_Login' is present

03-03-2025T22:20:28 - [MESSAGE][WARNING] - Timeout '0' is invalid. Using default page load timeout: '30'

03-03-2025T22:20:28 - [MESSAGE][PASSED] - Object 'Object Repository/Page_CURA Healthcare Service/button_Login' is present]]></system-out>
         <system-err><![CDATA[]]></system-err>
      </testcase>
      <testcase name="Test Cases/Verify text home" time="11.367" classname="Test Cases/Verify text home" status="PASSED">
         <system-out><![CDATA[03-03-2025T22:20:29 - [TEST_CASE][PASSED] - Test Cases/Verify text home: Test Cases/Verify text home

03-03-2025T22:20:29 - [TEST_STEP][PASSED] - openBrowser(""): Browser is opened with url: ''

03-03-2025T22:20:29 - [MESSAGE][WARNING] - A browser is already opened. Closing browser and opening a new one

03-03-2025T22:20:30 - [MESSAGE][INFO] - Starting 'Chrome' driver

03-03-2025T22:20:30 - [MESSAGE][INFO] - Action delay is set to 0 milliseconds

03-03-2025T22:20:36 - [MESSAGE][PASSED] - Browser is opened with url: ''

03-03-2025T22:20:36 - [TEST_STEP][PASSED] - navigateToUrl("https://katalon-demo-cura.herokuapp.com/"): Navigate to 'https://katalon-demo-cura.herokuapp.com/' successfully

03-03-2025T22:20:39 - [MESSAGE][PASSED] - Navigate to 'https://katalon-demo-cura.herokuapp.com/' successfully

03-03-2025T22:20:39 - [TEST_STEP][PASSED] - click(findTestObject("Object Repository/Page_CURA Healthcare Service/i_CURA Healthcare_fa fa-bars")): Object: 'Object Repository/Page_CURA Healthcare Service/i_CURA Healthcare_fa fa-bars' is clicked on

03-03-2025T22:20:40 - [MESSAGE][PASSED] - Object: 'Object Repository/Page_CURA Healthcare Service/i_CURA Healthcare_fa fa-bars' is clicked on

03-03-2025T22:20:40 - [TEST_STEP][PASSED] - verifyElementText(findTestObject("Object Repository/Page_CURA Healthcare Service/a_Home"), "Home"): Actual text and expected text of test object 'Object Repository/Page_CURA Healthcare Service/a_Home' are matched.

03-03-2025T22:20:40 - [MESSAGE][PASSED] - Actual text and expected text of test object 'Object Repository/Page_CURA Healthcare Service/a_Home' are matched.]]></system-out>
         <system-err><![CDATA[]]></system-err>
      </testcase>
      <system-out><![CDATA[03-03-2025T21:39:55 - [TEST_SUITE][FAILED] - New Test Suite 13: Test Cases/Click on appointment FAILED.
Reason:
com.kms.katalon.core.exception.StepFailedException: Unable to navigate to 'https://katalon-demo-cura.herokuapp.com/'
	at com.kms.katalon.core.webui.keyword.internal.WebUIKeywordMain.stepFailed(WebUIKeywordMain.groovy:117)
	at com.kms.katalon.core.webui.keyword.internal.WebUIKeywordMain.runKeyword(WebUIKeywordMain.groovy:43)
	at com.kms.katalon.core.webui.keyword.builtin.NavigateToUrlKeyword.navigateToUrl(NavigateToUrlKeyword.groovy:83)
	at com.kms.katalon.core.webui.keyword.builtin.NavigateToUrlKeyword.execute(NavigateToUrlKeyword.groovy:67)
	at com.kms.katalon.core.keyword.internal.KeywordExecutor.executeKeywordForPlatform(KeywordExecutor.groovy:74)
	at com.kms.katalon.core.webui.keyword.WebUiBuiltInKeywords.navigateToUrl(WebUiBuiltInKeywords.groovy:185)
	at Click on appointment.run(Click on appointment:22)
	at com.kms.katalon.core.main.ScriptEngine.run(ScriptEngine.java:194)
	at com.kms.katalon.core.main.ScriptEngine.runScriptAsRawText(ScriptEngine.java:119)
	at com.kms.katalon.core.main.TestCaseExecutor.runScript(TestCaseExecutor.java:448)
	at com.kms.katalon.core.main.TestCaseExecutor.doExecute(TestCaseExecutor.java:439)
	at com.kms.katalon.core.main.TestCaseExecutor.processExecutionPhase(TestCaseExecutor.java:418)
	at com.kms.katalon.core.main.TestCaseExecutor.accessMainPhase(TestCaseExecutor.java:410)
	at com.kms.katalon.core.main.TestCaseExecutor.execute(TestCaseExecutor.java:285)
	at com.kms.katalon.core.common.CommonExecutor.accessTestCaseMainPhase(CommonExecutor.java:71)
	at com.kms.katalon.core.main.TestSuiteExecutor.accessTestSuiteMainPhase(TestSuiteExecutor.java:160)
	at com.kms.katalon.core.main.TestSuiteExecutor.execute(TestSuiteExecutor.java:107)
	at com.kms.katalon.core.main.TestCaseMain.startTestSuite(TestCaseMain.java:180)
	at TempTestSuite1741018163888.run(TempTestSuite1741018163888.groovy:35)
	at java.base/jdk.internal.reflect.NativeMethodAccessorImpl.invoke0(Native Method)
	at java.base/jdk.internal.reflect.NativeMethodAccessorImpl.invoke(NativeMethodAccessorImpl.java:77)
	at java.base/jdk.internal.reflect.DelegatingMethodAccessorImpl.invoke(DelegatingMethodAccessorImpl.java:43)
Caused by: org.openqa.selenium.TimeoutException: java.util.concurrent.TimeoutException
Build info: version: '4.22.0', revision: 'c5f3146703'
System info: os.name: 'Windows 10', os.arch: 'amd64', os.version: '10.0', java.version: '17.0.13'
Driver info: com.kms.katalon.selenium.driver.CChromeDriver
Command: [9a6fcefa17ecb26df32e0bfbf547823b, get {url=https://katalon-demo-cura.herokuapp.com/}]
Capabilities {acceptInsecureCerts: false, browserName: chrome, browserVersion: 132.0.6834.160, chrome: {chromedriverVersion: 132.0.6834.83 (03d59cf5ecf1..., userDataDir: C:\Users\Hp\AppData\Local\T...}, fedcm:accounts: true, goog:chromeOptions: {debuggerAddress: localhost:59747}, networkConnectionEnabled: false, pageLoadStrategy: normal, platformName: windows, proxy: Proxy(), se:cdp: ws://localhost:59747/devtoo..., se:cdpVersion: 132.0.6834.160, setWindowRect: true, strictFileInteractability: false, timeouts: {implicit: 0, pageLoad: 300000, script: 30000}, unhandledPromptBehavior: ignore, webSocketUrl: ws://localhost:46195/sessio..., webauthn:extension:credBlob: true, webauthn:extension:largeBlob: true, webauthn:extension:minPinLength: true, webauthn:extension:prf: true, webauthn:virtualAuthenticators: true}
Session ID: 9a6fcefa17ecb26df32e0bfbf547823b
	at org.openqa.selenium.remote.http.jdk.JdkHttpClient.execute0(JdkHttpClient.java:399)
	at org.openqa.selenium.remote.http.AddSeleniumUserAgent.lambda$apply$0(AddSeleniumUserAgent.java:42)
	at org.openqa.selenium.remote.http.Filter.lambda$andFinally$1(Filter.java:55)
	at org.openqa.selenium.remote.http.jdk.JdkHttpClient.execute(JdkHttpClient.java:355)
	at org.openqa.selenium.remote.HttpCommandExecutor.execute(HttpCommandExecutor.java:187)
	at org.openqa.selenium.remote.service.DriverCommandExecutor.invokeExecute(DriverCommandExecutor.java:216)
	at org.openqa.selenium.remote.service.DriverCommandExecutor.execute(DriverCommandExecutor.java:174)
	at org.openqa.selenium.remote.RemoteWebDriver.execute(RemoteWebDriver.java:518)
	at org.openqa.selenium.remote.RemoteWebDriver.get(RemoteWebDriver.java:300)
	at org.openqa.selenium.remote.RemoteWebDriver$RemoteNavigation.to(RemoteWebDriver.java:1063)
	at java.base/jdk.internal.reflect.NativeMethodAccessorImpl.invoke0(Native Method)
	at java.base/jdk.internal.reflect.NativeMethodAccessorImpl.invoke(NativeMethodAccessorImpl.java:77)
	at java.base/jdk.internal.reflect.DelegatingMethodAccessorImpl.invoke(DelegatingMethodAccessorImpl.java:43)
	at org.openqa.selenium.support.decorators.WebDriverDecorator.call(WebDriverDecorator.java:249)
	at org.openqa.selenium.support.decorators.DefaultDecorated.call(DefaultDecorated.java:48)
	at org.openqa.selenium.support.decorators.WebDriverDecorator.lambda$createProxy$2(WebDriverDecorator.java:321)
	at net.bytebuddy.renamed.java.lang.Object$ByteBuddy$st4gVZc7.to(Unknown Source)
	at com.kms.katalon.core.webui.keyword.builtin.NavigateToUrlKeyword$_navigateToUrl_closure1.doCall(NavigateToUrlKeyword.groovy:81)
	at com.kms.katalon.core.webui.keyword.builtin.NavigateToUrlKeyword$_navigateToUrl_closure1.call(NavigateToUrlKeyword.groovy)
	at com.kms.katalon.core.webui.keyword.internal.WebUIKeywordMain.runKeyword(WebUIKeywordMain.groovy:35)
	at com.kms.katalon.core.webui.keyword.builtin.NavigateToUrlKeyword.navigateToUrl(NavigateToUrlKeyword.groovy:83)
	at com.kms.katalon.core.webui.keyword.builtin.NavigateToUrlKeyword.execute(NavigateToUrlKeyword.groovy:67)
	at com.kms.katalon.core.keyword.internal.KeywordExecutor.executeKeywordForPlatform(KeywordExecutor.groovy:74)
	at com.kms.katalon.core.webui.keyword.WebUiBuiltInKeywords.navigateToUrl(WebUiBuiltInKeywords.groovy:185)
	at Script1740665045660.run(Script1740665045660.groovy:22)
	... 15 more
Caused by: java.util.concurrent.TimeoutException
	at org.openqa.selenium.remote.http.jdk.JdkHttpClient.execute0(JdkHttpClient.java:382)
	at org.openqa.selenium.remote.http.AddSeleniumUserAgent.lambda$apply$0(AddSeleniumUserAgent.java:42)
	at org.openqa.selenium.remote.http.Filter.lambda$andFinally$1(Filter.java:55)
	at org.openqa.selenium.remote.http.jdk.JdkHttpClient.execute(JdkHttpClient.java:355)
	at org.openqa.selenium.remote.HttpCommandExecutor.execute(HttpCommandExecutor.java:187)
	at org.openqa.selenium.remote.service.DriverCommandExecutor.invokeExecute(DriverCommandExecutor.java:216)
	at org.openqa.selenium.remote.service.DriverCommandExecutor.execute(DriverCommandExecutor.java:174)
	at org.openqa.selenium.remote.RemoteWebDriver.execute(RemoteWebDriver.java:518)
	at org.openqa.selenium.remote.RemoteWebDriver.get(RemoteWebDriver.java:300)
	at org.openqa.selenium.remote.RemoteWebDriver$RemoteNavigation.to(RemoteWebDriver.java:1063)
	at java.base/jdk.internal.reflect.NativeMethodAccessorImpl.invoke0(Native Method)
	at java.base/jdk.internal.reflect.NativeMethodAccessorImpl.invoke(NativeMethodAccessorImpl.java:77)
	at java.base/jdk.internal.reflect.DelegatingMethodAccessorImpl.invoke(DelegatingMethodAccessorImpl.java:43)
	at org.openqa.selenium.support.decorators.WebDriverDecorator.call(WebDriverDecorator.java:249)
	at org.openqa.selenium.support.decorators.DefaultDecorated.call(DefaultDecorated.java:48)
	at org.openqa.selenium.support.decorators.WebDriverDecorator.lambda$createProxy$2(WebDriverDecorator.java:321)
	at net.bytebuddy.renamed.java.lang.Object$ByteBuddy$st4gVZc7.to(Unknown Source)
	at com.kms.katalon.core.webui.keyword.builtin.NavigateToUrlKeyword$_navigateToUrl_closure1.doCall(NavigateToUrlKeyword.groovy:81)
	at com.kms.katalon.core.webui.keyword.builtin.NavigateToUrlKeyword$_navigateToUrl_closure1.call(NavigateToUrlKeyword.groovy)
	at com.kms.katalon.core.webui.keyword.internal.WebUIKeywordMain.runKeyword(WebUIKeywordMain.groovy:35)
	at com.kms.katalon.core.webui.keyword.builtin.NavigateToUrlKeyword.navigateToUrl(NavigateToUrlKeyword.groovy:83)
	at com.kms.katalon.core.webui.keyword.builtin.NavigateToUrlKeyword.execute(NavigateToUrlKeyword.groovy:67)
	at com.kms.katalon.core.keyword.internal.KeywordExecutor.executeKeywordForPlatform(KeywordExecutor.groovy:74)
	at com.kms.katalon.core.webui.keyword.WebUiBuiltInKeywords.navigateToUrl(WebUiBuiltInKeywords.groovy:185)
	at Click on appointment.run(Click on appointment:22)
	... 15 more]]></system-out>
      <system-err><![CDATA[03-03-2025T21:39:55 - [TEST_SUITE][FAILED] - New Test Suite 13: Test Cases/Click on appointment FAILED.
Reason:
com.kms.katalon.core.exception.StepFailedException: Unable to navigate to 'https://katalon-demo-cura.herokuapp.com/'
	at com.kms.katalon.core.webui.keyword.internal.WebUIKeywordMain.stepFailed(WebUIKeywordMain.groovy:117)
	at com.kms.katalon.core.webui.keyword.internal.WebUIKeywordMain.runKeyword(WebUIKeywordMain.groovy:43)
	at com.kms.katalon.core.webui.keyword.builtin.NavigateToUrlKeyword.navigateToUrl(NavigateToUrlKeyword.groovy:83)
	at com.kms.katalon.core.webui.keyword.builtin.NavigateToUrlKeyword.execute(NavigateToUrlKeyword.groovy:67)
	at com.kms.katalon.core.keyword.internal.KeywordExecutor.executeKeywordForPlatform(KeywordExecutor.groovy:74)
	at com.kms.katalon.core.webui.keyword.WebUiBuiltInKeywords.navigateToUrl(WebUiBuiltInKeywords.groovy:185)
	at Click on appointment.run(Click on appointment:22)
	at com.kms.katalon.core.main.ScriptEngine.run(ScriptEngine.java:194)
	at com.kms.katalon.core.main.ScriptEngine.runScriptAsRawText(ScriptEngine.java:119)
	at com.kms.katalon.core.main.TestCaseExecutor.runScript(TestCaseExecutor.java:448)
	at com.kms.katalon.core.main.TestCaseExecutor.doExecute(TestCaseExecutor.java:439)
	at com.kms.katalon.core.main.TestCaseExecutor.processExecutionPhase(TestCaseExecutor.java:418)
	at com.kms.katalon.core.main.TestCaseExecutor.accessMainPhase(TestCaseExecutor.java:410)
	at com.kms.katalon.core.main.TestCaseExecutor.execute(TestCaseExecutor.java:285)
	at com.kms.katalon.core.common.CommonExecutor.accessTestCaseMainPhase(CommonExecutor.java:71)
	at com.kms.katalon.core.main.TestSuiteExecutor.accessTestSuiteMainPhase(TestSuiteExecutor.java:160)
	at com.kms.katalon.core.main.TestSuiteExecutor.execute(TestSuiteExecutor.java:107)
	at com.kms.katalon.core.main.TestCaseMain.startTestSuite(TestCaseMain.java:180)
	at TempTestSuite1741018163888.run(TempTestSuite1741018163888.groovy:35)
	at java.base/jdk.internal.reflect.NativeMethodAccessorImpl.invoke0(Native Method)
	at java.base/jdk.internal.reflect.NativeMethodAccessorImpl.invoke(NativeMethodAccessorImpl.java:77)
	at java.base/jdk.internal.reflect.DelegatingMethodAccessorImpl.invoke(DelegatingMethodAccessorImpl.java:43)
Caused by: org.openqa.selenium.TimeoutException: java.util.concurrent.TimeoutException
Build info: version: '4.22.0', revision: 'c5f3146703'
System info: os.name: 'Windows 10', os.arch: 'amd64', os.version: '10.0', java.version: '17.0.13'
Driver info: com.kms.katalon.selenium.driver.CChromeDriver
Command: [9a6fcefa17ecb26df32e0bfbf547823b, get {url=https://katalon-demo-cura.herokuapp.com/}]
Capabilities {acceptInsecureCerts: false, browserName: chrome, browserVersion: 132.0.6834.160, chrome: {chromedriverVersion: 132.0.6834.83 (03d59cf5ecf1..., userDataDir: C:\Users\Hp\AppData\Local\T...}, fedcm:accounts: true, goog:chromeOptions: {debuggerAddress: localhost:59747}, networkConnectionEnabled: false, pageLoadStrategy: normal, platformName: windows, proxy: Proxy(), se:cdp: ws://localhost:59747/devtoo..., se:cdpVersion: 132.0.6834.160, setWindowRect: true, strictFileInteractability: false, timeouts: {implicit: 0, pageLoad: 300000, script: 30000}, unhandledPromptBehavior: ignore, webSocketUrl: ws://localhost:46195/sessio..., webauthn:extension:credBlob: true, webauthn:extension:largeBlob: true, webauthn:extension:minPinLength: true, webauthn:extension:prf: true, webauthn:virtualAuthenticators: true}
Session ID: 9a6fcefa17ecb26df32e0bfbf547823b
	at org.openqa.selenium.remote.http.jdk.JdkHttpClient.execute0(JdkHttpClient.java:399)
	at org.openqa.selenium.remote.http.AddSeleniumUserAgent.lambda$apply$0(AddSeleniumUserAgent.java:42)
	at org.openqa.selenium.remote.http.Filter.lambda$andFinally$1(Filter.java:55)
	at org.openqa.selenium.remote.http.jdk.JdkHttpClient.execute(JdkHttpClient.java:355)
	at org.openqa.selenium.remote.HttpCommandExecutor.execute(HttpCommandExecutor.java:187)
	at org.openqa.selenium.remote.service.DriverCommandExecutor.invokeExecute(DriverCommandExecutor.java:216)
	at org.openqa.selenium.remote.service.DriverCommandExecutor.execute(DriverCommandExecutor.java:174)
	at org.openqa.selenium.remote.RemoteWebDriver.execute(RemoteWebDriver.java:518)
	at org.openqa.selenium.remote.RemoteWebDriver.get(RemoteWebDriver.java:300)
	at org.openqa.selenium.remote.RemoteWebDriver$RemoteNavigation.to(RemoteWebDriver.java:1063)
	at java.base/jdk.internal.reflect.NativeMethodAccessorImpl.invoke0(Native Method)
	at java.base/jdk.internal.reflect.NativeMethodAccessorImpl.invoke(NativeMethodAccessorImpl.java:77)
	at java.base/jdk.internal.reflect.DelegatingMethodAccessorImpl.invoke(DelegatingMethodAccessorImpl.java:43)
	at org.openqa.selenium.support.decorators.WebDriverDecorator.call(WebDriverDecorator.java:249)
	at org.openqa.selenium.support.decorators.DefaultDecorated.call(DefaultDecorated.java:48)
	at org.openqa.selenium.support.decorators.WebDriverDecorator.lambda$createProxy$2(WebDriverDecorator.java:321)
	at net.bytebuddy.renamed.java.lang.Object$ByteBuddy$st4gVZc7.to(Unknown Source)
	at com.kms.katalon.core.webui.keyword.builtin.NavigateToUrlKeyword$_navigateToUrl_closure1.doCall(NavigateToUrlKeyword.groovy:81)
	at com.kms.katalon.core.webui.keyword.builtin.NavigateToUrlKeyword$_navigateToUrl_closure1.call(NavigateToUrlKeyword.groovy)
	at com.kms.katalon.core.webui.keyword.internal.WebUIKeywordMain.runKeyword(WebUIKeywordMain.groovy:35)
	at com.kms.katalon.core.webui.keyword.builtin.NavigateToUrlKeyword.navigateToUrl(NavigateToUrlKeyword.groovy:83)
	at com.kms.katalon.core.webui.keyword.builtin.NavigateToUrlKeyword.execute(NavigateToUrlKeyword.groovy:67)
	at com.kms.katalon.core.keyword.internal.KeywordExecutor.executeKeywordForPlatform(KeywordExecutor.groovy:74)
	at com.kms.katalon.core.webui.keyword.WebUiBuiltInKeywords.navigateToUrl(WebUiBuiltInKeywords.groovy:185)
	at Script1740665045660.run(Script1740665045660.groovy:22)
	... 15 more
Caused by: java.util.concurrent.TimeoutException
	at org.openqa.selenium.remote.http.jdk.JdkHttpClient.execute0(JdkHttpClient.java:382)
	at org.openqa.selenium.remote.http.AddSeleniumUserAgent.lambda$apply$0(AddSeleniumUserAgent.java:42)
	at org.openqa.selenium.remote.http.Filter.lambda$andFinally$1(Filter.java:55)
	at org.openqa.selenium.remote.http.jdk.JdkHttpClient.execute(JdkHttpClient.java:355)
	at org.openqa.selenium.remote.HttpCommandExecutor.execute(HttpCommandExecutor.java:187)
	at org.openqa.selenium.remote.service.DriverCommandExecutor.invokeExecute(DriverCommandExecutor.java:216)
	at org.openqa.selenium.remote.service.DriverCommandExecutor.execute(DriverCommandExecutor.java:174)
	at org.openqa.selenium.remote.RemoteWebDriver.execute(RemoteWebDriver.java:518)
	at org.openqa.selenium.remote.RemoteWebDriver.get(RemoteWebDriver.java:300)
	at org.openqa.selenium.remote.RemoteWebDriver$RemoteNavigation.to(RemoteWebDriver.java:1063)
	at java.base/jdk.internal.reflect.NativeMethodAccessorImpl.invoke0(Native Method)
	at java.base/jdk.internal.reflect.NativeMethodAccessorImpl.invoke(NativeMethodAccessorImpl.java:77)
	at java.base/jdk.internal.reflect.DelegatingMethodAccessorImpl.invoke(DelegatingMethodAccessorImpl.java:43)
	at org.openqa.selenium.support.decorators.WebDriverDecorator.call(WebDriverDecorator.java:249)
	at org.openqa.selenium.support.decorators.DefaultDecorated.call(DefaultDecorated.java:48)
	at org.openqa.selenium.support.decorators.WebDriverDecorator.lambda$createProxy$2(WebDriverDecorator.java:321)
	at net.bytebuddy.renamed.java.lang.Object$ByteBuddy$st4gVZc7.to(Unknown Source)
	at com.kms.katalon.core.webui.keyword.builtin.NavigateToUrlKeyword$_navigateToUrl_closure1.doCall(NavigateToUrlKeyword.groovy:81)
	at com.kms.katalon.core.webui.keyword.builtin.NavigateToUrlKeyword$_navigateToUrl_closure1.call(NavigateToUrlKeyword.groovy)
	at com.kms.katalon.core.webui.keyword.internal.WebUIKeywordMain.runKeyword(WebUIKeywordMain.groovy:35)
	at com.kms.katalon.core.webui.keyword.builtin.NavigateToUrlKeyword.navigateToUrl(NavigateToUrlKeyword.groovy:83)
	at com.kms.katalon.core.webui.keyword.builtin.NavigateToUrlKeyword.execute(NavigateToUrlKeyword.groovy:67)
	at com.kms.katalon.core.keyword.internal.KeywordExecutor.executeKeywordForPlatform(KeywordExecutor.groovy:74)
	at com.kms.katalon.core.webui.keyword.WebUiBuiltInKeywords.navigateToUrl(WebUiBuiltInKeywords.groovy:185)
	at Click on appointment.run(Click on appointment:22)
	... 15 more]]></system-err>
   </testsuite>
</testsuites>
